{"C:\\Users\\ishas\\Web_Technology\\ReactNative\\Final_Project\\MoneyWise\\App.js": {"path":"C:\\Users\\ishas\\Web_Technology\\ReactNative\\Final_Project\\MoneyWise\\App.js","statementMap":{"0":{"start":{"line":27,"column":15},"end":{"line":27,"column":38}},"1":{"start":{"line":28,"column":14},"end":{"line":28,"column":42}},"2":{"start":{"line":32,"column":2},"end":{"line":101,"column":4}},"3":{"start":{"line":33,"column":46},"end":{"line":33,"column":74}},"4":{"start":{"line":38,"column":16},"end":{"line":41,"column":18}},"5":{"start":{"line":44,"column":33},"end":{"line":44,"column":50}},"6":{"start":{"line":46,"column":16},"end":{"line":53,"column":23}},"7":{"start":{"line":66,"column":29},"end":{"line":66,"column":46}},"8":{"start":{"line":68,"column":12},"end":{"line":71,"column":14}},"9":{"start":{"line":78,"column":29},"end":{"line":78,"column":46}},"10":{"start":{"line":80,"column":12},"end":{"line":83,"column":14}},"11":{"start":{"line":90,"column":29},"end":{"line":90,"column":46}},"12":{"start":{"line":92,"column":12},"end":{"line":95,"column":14}},"13":{"start":{"line":104,"column":12},"end":{"line":127,"column":1}},"14":{"start":{"line":105,"column":2},"end":{"line":126,"column":3}},"15":{"start":{"line":111,"column":83},"end":{"line":111,"column":100}},"16":{"start":{"line":112,"column":86},"end":{"line":112,"column":103}},"17":{"start":{"line":114,"column":90},"end":{"line":114,"column":107}},"18":{"start":{"line":115,"column":92},"end":{"line":115,"column":109}},"19":{"start":{"line":116,"column":98},"end":{"line":116,"column":115}},"20":{"start":{"line":117,"column":94},"end":{"line":117,"column":111}},"21":{"start":{"line":118,"column":120},"end":{"line":118,"column":137}},"22":{"start":{"line":119,"column":104},"end":{"line":119,"column":121}},"23":{"start":{"line":120,"column":94},"end":{"line":120,"column":111}},"24":{"start":{"line":121,"column":106},"end":{"line":121,"column":123}},"25":{"start":{"line":122,"column":108},"end":{"line":122,"column":125}},"26":{"start":{"line":123,"column":80},"end":{"line":123,"column":97}},"27":{"start":{"line":131,"column":15},"end":{"line":138,"column":2}}},"fnMap":{"0":{"name":"Root","decl":{"start":{"line":31,"column":16},"end":{"line":31,"column":20}},"loc":{"start":{"line":31,"column":23},"end":{"line":102,"column":1}},"line":31},"1":{"name":"(anonymous_1)","decl":{"start":{"line":33,"column":37},"end":{"line":33,"column":38}},"loc":{"start":{"line":33,"column":46},"end":{"line":33,"column":74}},"line":33},"2":{"name":"(anonymous_2)","decl":{"start":{"line":37,"column":26},"end":{"line":37,"column":27}},"loc":{"start":{"line":38,"column":16},"end":{"line":41,"column":18}},"line":38},"3":{"name":"(anonymous_3)","decl":{"start":{"line":44,"column":27},"end":{"line":44,"column":28}},"loc":{"start":{"line":44,"column":33},"end":{"line":44,"column":50}},"line":44},"4":{"name":"(anonymous_4)","decl":{"start":{"line":45,"column":27},"end":{"line":45,"column":28}},"loc":{"start":{"line":46,"column":16},"end":{"line":53,"column":23}},"line":46},"5":{"name":"(anonymous_5)","decl":{"start":{"line":66,"column":23},"end":{"line":66,"column":24}},"loc":{"start":{"line":66,"column":29},"end":{"line":66,"column":46}},"line":66},"6":{"name":"(anonymous_6)","decl":{"start":{"line":67,"column":22},"end":{"line":67,"column":23}},"loc":{"start":{"line":68,"column":12},"end":{"line":71,"column":14}},"line":68},"7":{"name":"(anonymous_7)","decl":{"start":{"line":78,"column":23},"end":{"line":78,"column":24}},"loc":{"start":{"line":78,"column":29},"end":{"line":78,"column":46}},"line":78},"8":{"name":"(anonymous_8)","decl":{"start":{"line":79,"column":22},"end":{"line":79,"column":23}},"loc":{"start":{"line":80,"column":12},"end":{"line":83,"column":14}},"line":80},"9":{"name":"(anonymous_9)","decl":{"start":{"line":90,"column":23},"end":{"line":90,"column":24}},"loc":{"start":{"line":90,"column":29},"end":{"line":90,"column":46}},"line":90},"10":{"name":"(anonymous_10)","decl":{"start":{"line":91,"column":22},"end":{"line":91,"column":23}},"loc":{"start":{"line":92,"column":12},"end":{"line":95,"column":14}},"line":92},"11":{"name":"(anonymous_11)","decl":{"start":{"line":104,"column":12},"end":{"line":104,"column":13}},"loc":{"start":{"line":104,"column":18},"end":{"line":127,"column":1}},"line":104},"12":{"name":"(anonymous_12)","decl":{"start":{"line":111,"column":77},"end":{"line":111,"column":78}},"loc":{"start":{"line":111,"column":83},"end":{"line":111,"column":100}},"line":111},"13":{"name":"(anonymous_13)","decl":{"start":{"line":112,"column":80},"end":{"line":112,"column":81}},"loc":{"start":{"line":112,"column":86},"end":{"line":112,"column":103}},"line":112},"14":{"name":"(anonymous_14)","decl":{"start":{"line":114,"column":84},"end":{"line":114,"column":85}},"loc":{"start":{"line":114,"column":90},"end":{"line":114,"column":107}},"line":114},"15":{"name":"(anonymous_15)","decl":{"start":{"line":115,"column":86},"end":{"line":115,"column":87}},"loc":{"start":{"line":115,"column":92},"end":{"line":115,"column":109}},"line":115},"16":{"name":"(anonymous_16)","decl":{"start":{"line":116,"column":92},"end":{"line":116,"column":93}},"loc":{"start":{"line":116,"column":98},"end":{"line":116,"column":115}},"line":116},"17":{"name":"(anonymous_17)","decl":{"start":{"line":117,"column":88},"end":{"line":117,"column":89}},"loc":{"start":{"line":117,"column":94},"end":{"line":117,"column":111}},"line":117},"18":{"name":"(anonymous_18)","decl":{"start":{"line":118,"column":114},"end":{"line":118,"column":115}},"loc":{"start":{"line":118,"column":120},"end":{"line":118,"column":137}},"line":118},"19":{"name":"(anonymous_19)","decl":{"start":{"line":119,"column":98},"end":{"line":119,"column":99}},"loc":{"start":{"line":119,"column":104},"end":{"line":119,"column":121}},"line":119},"20":{"name":"(anonymous_20)","decl":{"start":{"line":120,"column":88},"end":{"line":120,"column":89}},"loc":{"start":{"line":120,"column":94},"end":{"line":120,"column":111}},"line":120},"21":{"name":"(anonymous_21)","decl":{"start":{"line":121,"column":100},"end":{"line":121,"column":101}},"loc":{"start":{"line":121,"column":106},"end":{"line":121,"column":123}},"line":121},"22":{"name":"(anonymous_22)","decl":{"start":{"line":122,"column":102},"end":{"line":122,"column":103}},"loc":{"start":{"line":122,"column":108},"end":{"line":122,"column":125}},"line":122},"23":{"name":"(anonymous_23)","decl":{"start":{"line":123,"column":74},"end":{"line":123,"column":75}},"loc":{"start":{"line":123,"column":80},"end":{"line":123,"column":97}},"line":123}},"branchMap":{"0":{"loc":{"start":{"line":40,"column":26},"end":{"line":40,"column":79}},"type":"cond-expr","locations":[{"start":{"line":40,"column":36},"end":{"line":40,"column":55}},{"start":{"line":40,"column":58},"end":{"line":40,"column":79}}],"line":40},"1":{"loc":{"start":{"line":70,"column":22},"end":{"line":70,"column":75}},"type":"cond-expr","locations":[{"start":{"line":70,"column":32},"end":{"line":70,"column":51}},{"start":{"line":70,"column":54},"end":{"line":70,"column":75}}],"line":70},"2":{"loc":{"start":{"line":82,"column":22},"end":{"line":82,"column":75}},"type":"cond-expr","locations":[{"start":{"line":82,"column":32},"end":{"line":82,"column":51}},{"start":{"line":82,"column":54},"end":{"line":82,"column":75}}],"line":82},"3":{"loc":{"start":{"line":94,"column":22},"end":{"line":94,"column":75}},"type":"cond-expr","locations":[{"start":{"line":94,"column":32},"end":{"line":94,"column":51}},{"start":{"line":94,"column":54},"end":{"line":94,"column":75}}],"line":94}},"s":{"0":1,"1":1,"2":0,"3":0,"4":0,"5":0,"6":0,"7":0,"8":0,"9":0,"10":0,"11":0,"12":0,"13":1,"14":1,"15":0,"16":0,"17":0,"18":0,"19":0,"20":0,"21":0,"22":0,"23":0,"24":0,"25":0,"26":0,"27":1},"f":{"0":0,"1":0,"2":0,"3":0,"4":0,"5":0,"6":0,"7":0,"8":0,"9":0,"10":0,"11":1,"12":0,"13":0,"14":0,"15":0,"16":0,"17":0,"18":0,"19":0,"20":0,"21":0,"22":0,"23":0},"b":{"0":[0,0],"1":[0,0],"2":[0,0],"3":[0,0]},"_coverageSchema":"1a1c01bbd47fc00a2c39e90264f33305004495a9","hash":"a01ba3c34430b0dc92fba4b40e45aa5eceaa9a05"}
,"C:\\Users\\ishas\\Web_Technology\\ReactNative\\Final_Project\\MoneyWise\\Assets\\BCurve.jpeg": {"path":"C:\\Users\\ishas\\Web_Technology\\ReactNative\\Final_Project\\MoneyWise\\Assets\\BCurve.jpeg","statementMap":{"0":{"start":{"line":1,"column":0},"end":{"line":4,"column":6}}},"fnMap":{},"branchMap":{},"s":{"0":1},"f":{},"b":{},"_coverageSchema":"1a1c01bbd47fc00a2c39e90264f33305004495a9","hash":"0d78a1ac217d7727f7791b978af377ac9725354c"}
,"C:\\Users\\ishas\\Web_Technology\\ReactNative\\Final_Project\\MoneyWise\\Assets\\Background.jpg": {"path":"C:\\Users\\ishas\\Web_Technology\\ReactNative\\Final_Project\\MoneyWise\\Assets\\Background.jpg","statementMap":{"0":{"start":{"line":1,"column":0},"end":{"line":4,"column":6}}},"fnMap":{},"branchMap":{},"s":{"0":10},"f":{},"b":{},"_coverageSchema":"1a1c01bbd47fc00a2c39e90264f33305004495a9","hash":"64857f2e9be6ff0be045cf7611d72eefd42a3ae2"}
,"C:\\Users\\ishas\\Web_Technology\\ReactNative\\Final_Project\\MoneyWise\\Assets\\W2.png": {"path":"C:\\Users\\ishas\\Web_Technology\\ReactNative\\Final_Project\\MoneyWise\\Assets\\W2.png","statementMap":{"0":{"start":{"line":1,"column":0},"end":{"line":4,"column":6}}},"fnMap":{},"branchMap":{},"s":{"0":1},"f":{},"b":{},"_coverageSchema":"1a1c01bbd47fc00a2c39e90264f33305004495a9","hash":"a6b8013a502904df35a855d4ff764feea381171b"}
,"C:\\Users\\ishas\\Web_Technology\\ReactNative\\Final_Project\\MoneyWise\\Assets\\add.png": {"path":"C:\\Users\\ishas\\Web_Technology\\ReactNative\\Final_Project\\MoneyWise\\Assets\\add.png","statementMap":{"0":{"start":{"line":1,"column":0},"end":{"line":4,"column":6}}},"fnMap":{},"branchMap":{},"s":{"0":3},"f":{},"b":{},"_coverageSchema":"1a1c01bbd47fc00a2c39e90264f33305004495a9","hash":"2722d0103636cbf691d3596fe5094fd432cafcaf"}
,"C:\\Users\\ishas\\Web_Technology\\ReactNative\\Final_Project\\MoneyWise\\Assets\\balance.png": {"path":"C:\\Users\\ishas\\Web_Technology\\ReactNative\\Final_Project\\MoneyWise\\Assets\\balance.png","statementMap":{"0":{"start":{"line":1,"column":0},"end":{"line":4,"column":6}}},"fnMap":{},"branchMap":{},"s":{"0":1},"f":{},"b":{},"_coverageSchema":"1a1c01bbd47fc00a2c39e90264f33305004495a9","hash":"53160448283cd0bfb3d0c1e5802414599822adfe"}
,"C:\\Users\\ishas\\Web_Technology\\ReactNative\\Final_Project\\MoneyWise\\Assets\\bank.png": {"path":"C:\\Users\\ishas\\Web_Technology\\ReactNative\\Final_Project\\MoneyWise\\Assets\\bank.png","statementMap":{"0":{"start":{"line":1,"column":0},"end":{"line":4,"column":6}}},"fnMap":{},"branchMap":{},"s":{"0":1},"f":{},"b":{},"_coverageSchema":"1a1c01bbd47fc00a2c39e90264f33305004495a9","hash":"aa534ec5111901654777a393a9ead18b71eb9b8d"}
,"C:\\Users\\ishas\\Web_Technology\\ReactNative\\Final_Project\\MoneyWise\\Assets\\calendar.png": {"path":"C:\\Users\\ishas\\Web_Technology\\ReactNative\\Final_Project\\MoneyWise\\Assets\\calendar.png","statementMap":{"0":{"start":{"line":1,"column":0},"end":{"line":4,"column":6}}},"fnMap":{},"branchMap":{},"s":{"0":2},"f":{},"b":{},"_coverageSchema":"1a1c01bbd47fc00a2c39e90264f33305004495a9","hash":"fab804dc9f8f991e03a507a0ce2d9c462c88bde3"}
,"C:\\Users\\ishas\\Web_Technology\\ReactNative\\Final_Project\\MoneyWise\\Assets\\email.png": {"path":"C:\\Users\\ishas\\Web_Technology\\ReactNative\\Final_Project\\MoneyWise\\Assets\\email.png","statementMap":{"0":{"start":{"line":1,"column":0},"end":{"line":4,"column":6}}},"fnMap":{},"branchMap":{},"s":{"0":1},"f":{},"b":{},"_coverageSchema":"1a1c01bbd47fc00a2c39e90264f33305004495a9","hash":"41a09c519555769f6436dd18f50ff36660995f8f"}
,"C:\\Users\\ishas\\Web_Technology\\ReactNative\\Final_Project\\MoneyWise\\Assets\\next.png": {"path":"C:\\Users\\ishas\\Web_Technology\\ReactNative\\Final_Project\\MoneyWise\\Assets\\next.png","statementMap":{"0":{"start":{"line":1,"column":0},"end":{"line":4,"column":6}}},"fnMap":{},"branchMap":{},"s":{"0":2},"f":{},"b":{},"_coverageSchema":"1a1c01bbd47fc00a2c39e90264f33305004495a9","hash":"dc0de096a782638eedb8b64337ab7cb45a2c1577"}
,"C:\\Users\\ishas\\Web_Technology\\ReactNative\\Final_Project\\MoneyWise\\Assets\\previous.png": {"path":"C:\\Users\\ishas\\Web_Technology\\ReactNative\\Final_Project\\MoneyWise\\Assets\\previous.png","statementMap":{"0":{"start":{"line":1,"column":0},"end":{"line":4,"column":6}}},"fnMap":{},"branchMap":{},"s":{"0":2},"f":{},"b":{},"_coverageSchema":"1a1c01bbd47fc00a2c39e90264f33305004495a9","hash":"5a9f147813e07b7785843d868e14f6b9cb6d7f3e"}
,"C:\\Users\\ishas\\Web_Technology\\ReactNative\\Final_Project\\MoneyWise\\Assets\\profile1.png": {"path":"C:\\Users\\ishas\\Web_Technology\\ReactNative\\Final_Project\\MoneyWise\\Assets\\profile1.png","statementMap":{"0":{"start":{"line":1,"column":0},"end":{"line":4,"column":6}}},"fnMap":{},"branchMap":{},"s":{"0":2},"f":{},"b":{},"_coverageSchema":"1a1c01bbd47fc00a2c39e90264f33305004495a9","hash":"65468eceecdaf47a20894ed356939bd440e05dbd"}
,"C:\\Users\\ishas\\Web_Technology\\ReactNative\\Final_Project\\MoneyWise\\Assets\\reject.png": {"path":"C:\\Users\\ishas\\Web_Technology\\ReactNative\\Final_Project\\MoneyWise\\Assets\\reject.png","statementMap":{"0":{"start":{"line":1,"column":0},"end":{"line":4,"column":6}}},"fnMap":{},"branchMap":{},"s":{"0":1},"f":{},"b":{},"_coverageSchema":"1a1c01bbd47fc00a2c39e90264f33305004495a9","hash":"e2e2f8348d2ed9477006a35ae7b9da52807f85de"}
,"C:\\Users\\ishas\\Web_Technology\\ReactNative\\Final_Project\\MoneyWise\\Assets\\remove.png": {"path":"C:\\Users\\ishas\\Web_Technology\\ReactNative\\Final_Project\\MoneyWise\\Assets\\remove.png","statementMap":{"0":{"start":{"line":1,"column":0},"end":{"line":4,"column":6}}},"fnMap":{},"branchMap":{},"s":{"0":2},"f":{},"b":{},"_coverageSchema":"1a1c01bbd47fc00a2c39e90264f33305004495a9","hash":"b01c4c2eb96a0b0166b3dac6dcd6a936e814b300"}
,"C:\\Users\\ishas\\Web_Technology\\ReactNative\\Final_Project\\MoneyWise\\Assets\\telephone.png": {"path":"C:\\Users\\ishas\\Web_Technology\\ReactNative\\Final_Project\\MoneyWise\\Assets\\telephone.png","statementMap":{"0":{"start":{"line":1,"column":0},"end":{"line":4,"column":6}}},"fnMap":{},"branchMap":{},"s":{"0":2},"f":{},"b":{},"_coverageSchema":"1a1c01bbd47fc00a2c39e90264f33305004495a9","hash":"0af98cc47b6c145be0ba10cf236fc3d69f0d0f7e"}
,"C:\\Users\\ishas\\Web_Technology\\ReactNative\\Final_Project\\MoneyWise\\Assets\\uploadReceiptIcon.png": {"path":"C:\\Users\\ishas\\Web_Technology\\ReactNative\\Final_Project\\MoneyWise\\Assets\\uploadReceiptIcon.png","statementMap":{"0":{"start":{"line":1,"column":0},"end":{"line":4,"column":6}}},"fnMap":{},"branchMap":{},"s":{"0":5},"f":{},"b":{},"_coverageSchema":"1a1c01bbd47fc00a2c39e90264f33305004495a9","hash":"15a152f36ec8356d864581b95a6e0ccccee5b2a1"}
,"C:\\Users\\ishas\\Web_Technology\\ReactNative\\Final_Project\\MoneyWise\\Components\\Background.js": {"path":"C:\\Users\\ishas\\Web_Technology\\ReactNative\\Final_Project\\MoneyWise\\Components\\Background.js","statementMap":{"0":{"start":{"line":6,"column":19},"end":{"line":23,"column":1}},"1":{"start":{"line":9,"column":2},"end":{"line":22,"column":4}}},"fnMap":{"0":{"name":"(anonymous_0)","decl":{"start":{"line":6,"column":19},"end":{"line":6,"column":20}},"loc":{"start":{"line":6,"column":35},"end":{"line":23,"column":1}},"line":6}},"branchMap":{},"s":{"0":9,"1":16},"f":{"0":16},"b":{},"_coverageSchema":"1a1c01bbd47fc00a2c39e90264f33305004495a9","hash":"67bd068155cb93dff5154c8edd0906fbe51571e6"}
,"C:\\Users\\ishas\\Web_Technology\\ReactNative\\Final_Project\\MoneyWise\\Components\\Btn.js": {"path":"C:\\Users\\ishas\\Web_Technology\\ReactNative\\Final_Project\\MoneyWise\\Components\\Btn.js","statementMap":{"0":{"start":{"line":5,"column":2},"end":{"line":21,"column":4}}},"fnMap":{"0":{"name":"Btn","decl":{"start":{"line":4,"column":24},"end":{"line":4,"column":27}},"loc":{"start":{"line":4,"column":75},"end":{"line":22,"column":1}},"line":4}},"branchMap":{},"s":{"0":0},"f":{"0":0},"b":{},"_coverageSchema":"1a1c01bbd47fc00a2c39e90264f33305004495a9","hash":"789d9efc7eab33f08614c2d47157bba4cb4cf3f0"}
,"C:\\Users\\ishas\\Web_Technology\\ReactNative\\Final_Project\\MoneyWise\\Components\\Constants.js": {"path":"C:\\Users\\ishas\\Web_Technology\\ReactNative\\Final_Project\\MoneyWise\\Components\\Constants.js","statementMap":{"0":{"start":{"line":1,"column":21},"end":{"line":1,"column":30}}},"fnMap":{},"branchMap":{},"s":{"0":12},"f":{},"b":{},"_coverageSchema":"1a1c01bbd47fc00a2c39e90264f33305004495a9","hash":"1c7d241ceb046e1b624fb1504673dd21e36d59f0"}
,"C:\\Users\\ishas\\Web_Technology\\ReactNative\\Final_Project\\MoneyWise\\Components\\DrawerContent.js": {"path":"C:\\Users\\ishas\\Web_Technology\\ReactNative\\Final_Project\\MoneyWise\\Components\\DrawerContent.js","statementMap":{"0":{"start":{"line":27,"column":28},"end":{"line":27,"column":46}},"1":{"start":{"line":28,"column":30},"end":{"line":28,"column":48}},"2":{"start":{"line":30,"column":4},"end":{"line":32,"column":10}},"3":{"start":{"line":31,"column":8},"end":{"line":31,"column":18}},"4":{"start":{"line":34,"column":20},"end":{"line":46,"column":5}},"5":{"start":{"line":36,"column":8},"end":{"line":44,"column":9}},"6":{"start":{"line":37,"column":29},"end":{"line":37,"column":80}},"7":{"start":{"line":39,"column":12},"end":{"line":39,"column":42}},"8":{"start":{"line":40,"column":12},"end":{"line":40,"column":44}},"9":{"start":{"line":43,"column":12},"end":{"line":43,"column":27}},"10":{"start":{"line":48,"column":27},"end":{"line":56,"column":5}},"11":{"start":{"line":49,"column":8},"end":{"line":55,"column":78}},"12":{"start":{"line":52,"column":16},"end":{"line":52,"column":50}},"13":{"start":{"line":53,"column":16},"end":{"line":53,"column":40}},"14":{"start":{"line":55,"column":30},"end":{"line":55,"column":76}},"15":{"start":{"line":58,"column":4},"end":{"line":122,"column":6}},"16":{"start":{"line":118,"column":36},"end":{"line":118,"column":52}},"17":{"start":{"line":125,"column":15},"end":{"line":183,"column":2}}},"fnMap":{"0":{"name":"DrawerContent","decl":{"start":{"line":25,"column":16},"end":{"line":25,"column":29}},"loc":{"start":{"line":25,"column":37},"end":{"line":123,"column":1}},"line":25},"1":{"name":"(anonymous_1)","decl":{"start":{"line":30,"column":20},"end":{"line":30,"column":21}},"loc":{"start":{"line":30,"column":26},"end":{"line":32,"column":5}},"line":30},"2":{"name":"(anonymous_2)","decl":{"start":{"line":34,"column":20},"end":{"line":34,"column":21}},"loc":{"start":{"line":35,"column":4},"end":{"line":46,"column":5}},"line":35},"3":{"name":"(anonymous_3)","decl":{"start":{"line":48,"column":27},"end":{"line":48,"column":28}},"loc":{"start":{"line":48,"column":33},"end":{"line":56,"column":5}},"line":48},"4":{"name":"(anonymous_4)","decl":{"start":{"line":51,"column":18},"end":{"line":51,"column":19}},"loc":{"start":{"line":51,"column":24},"end":{"line":54,"column":13}},"line":51},"5":{"name":"(anonymous_5)","decl":{"start":{"line":55,"column":19},"end":{"line":55,"column":20}},"loc":{"start":{"line":55,"column":30},"end":{"line":55,"column":76}},"line":55},"6":{"name":"(anonymous_6)","decl":{"start":{"line":118,"column":29},"end":{"line":118,"column":30}},"loc":{"start":{"line":118,"column":35},"end":{"line":118,"column":53}},"line":118}},"branchMap":{},"s":{"0":0,"1":0,"2":0,"3":0,"4":0,"5":0,"6":0,"7":0,"8":0,"9":0,"10":0,"11":0,"12":0,"13":0,"14":0,"15":0,"16":0,"17":1},"f":{"0":0,"1":0,"2":0,"3":0,"4":0,"5":0,"6":0},"b":{},"_coverageSchema":"1a1c01bbd47fc00a2c39e90264f33305004495a9","hash":"ede04f4051ce7d4b4ab6f831d870e81be3907a60"}
,"C:\\Users\\ishas\\Web_Technology\\ReactNative\\Final_Project\\MoneyWise\\Components\\EditProfile.js": {"path":"C:\\Users\\ishas\\Web_Technology\\ReactNative\\Final_Project\\MoneyWise\\Components\\EditProfile.js","statementMap":{"0":{"start":{"line":29,"column":26},"end":{"line":29,"column":50}},"1":{"start":{"line":30,"column":20},"end":{"line":282,"column":1}},"2":{"start":{"line":31,"column":26},"end":{"line":31,"column":44}},"3":{"start":{"line":32,"column":28},"end":{"line":32,"column":46}},"4":{"start":{"line":33,"column":32},"end":{"line":33,"column":50}},"5":{"start":{"line":34,"column":24},"end":{"line":34,"column":50}},"6":{"start":{"line":35,"column":34},"end":{"line":35,"column":52}},"7":{"start":{"line":36,"column":38},"end":{"line":36,"column":57}},"8":{"start":{"line":37,"column":56},"end":{"line":37,"column":76}},"9":{"start":{"line":38,"column":54},"end":{"line":38,"column":74}},"10":{"start":{"line":39,"column":26},"end":{"line":39,"column":47}},"11":{"start":{"line":40,"column":44},"end":{"line":40,"column":62}},"12":{"start":{"line":41,"column":34},"end":{"line":41,"column":55}},"13":{"start":{"line":43,"column":2},"end":{"line":54,"column":20}},"14":{"start":{"line":45,"column":21},"end":{"line":45,"column":47}},"15":{"start":{"line":46,"column":4},"end":{"line":46,"column":94}},"16":{"start":{"line":47,"column":4},"end":{"line":47,"column":31}},"17":{"start":{"line":48,"column":4},"end":{"line":48,"column":37}},"18":{"start":{"line":49,"column":4},"end":{"line":49,"column":21}},"19":{"start":{"line":50,"column":4},"end":{"line":50,"column":39}},"20":{"start":{"line":51,"column":4},"end":{"line":51,"column":43}},"21":{"start":{"line":52,"column":4},"end":{"line":52,"column":110}},"22":{"start":{"line":56,"column":34},"end":{"line":65,"column":3}},"23":{"start":{"line":57,"column":16},"end":{"line":57,"column":34}},"24":{"start":{"line":58,"column":4},"end":{"line":64,"column":5}},"25":{"start":{"line":59,"column":6},"end":{"line":59,"column":35}},"26":{"start":{"line":60,"column":6},"end":{"line":60,"column":35}},"27":{"start":{"line":61,"column":6},"end":{"line":61,"column":23}},"28":{"start":{"line":63,"column":6},"end":{"line":63,"column":36}},"29":{"start":{"line":67,"column":33},"end":{"line":77,"column":3}},"30":{"start":{"line":68,"column":16},"end":{"line":68,"column":38}},"31":{"start":{"line":70,"column":4},"end":{"line":76,"column":5}},"32":{"start":{"line":71,"column":6},"end":{"line":71,"column":34}},"33":{"start":{"line":72,"column":6},"end":{"line":72,"column":37}},"34":{"start":{"line":73,"column":6},"end":{"line":73,"column":23}},"35":{"start":{"line":75,"column":6},"end":{"line":75,"column":35}},"36":{"start":{"line":79,"column":19},"end":{"line":101,"column":3}},"37":{"start":{"line":80,"column":4},"end":{"line":80,"column":33}},"38":{"start":{"line":81,"column":4},"end":{"line":81,"column":19}},"39":{"start":{"line":82,"column":4},"end":{"line":100,"column":5}},"40":{"start":{"line":83,"column":6},"end":{"line":83,"column":23}},"41":{"start":{"line":84,"column":24},"end":{"line":84,"column":34}},"42":{"start":{"line":85,"column":6},"end":{"line":99,"column":7}},"43":{"start":{"line":86,"column":8},"end":{"line":86,"column":54}},"44":{"start":{"line":88,"column":28},"end":{"line":88,"column":47}},"45":{"start":{"line":89,"column":8},"end":{"line":89,"column":28}},"46":{"start":{"line":90,"column":8},"end":{"line":90,"column":50}},"47":{"start":{"line":92,"column":10},"end":{"line":96,"column":35}},"48":{"start":{"line":97,"column":8},"end":{"line":97,"column":32}},"49":{"start":{"line":98,"column":8},"end":{"line":98,"column":35}},"50":{"start":{"line":103,"column":32},"end":{"line":117,"column":3}},"51":{"start":{"line":104,"column":4},"end":{"line":104,"column":58}},"52":{"start":{"line":105,"column":4},"end":{"line":115,"column":5}},"53":{"start":{"line":113,"column":6},"end":{"line":113,"column":59}},"54":{"start":{"line":114,"column":6},"end":{"line":114,"column":19}},"55":{"start":{"line":116,"column":4},"end":{"line":116,"column":16}},"56":{"start":{"line":119,"column":28},"end":{"line":142,"column":3}},"57":{"start":{"line":121,"column":4},"end":{"line":121,"column":44}},"58":{"start":{"line":122,"column":4},"end":{"line":141,"column":5}},"59":{"start":{"line":123,"column":6},"end":{"line":123,"column":29}},"60":{"start":{"line":124,"column":6},"end":{"line":138,"column":7}},"61":{"start":{"line":125,"column":23},"end":{"line":125,"column":70}},"62":{"start":{"line":126,"column":8},"end":{"line":132,"column":11}},"63":{"start":{"line":134,"column":8},"end":{"line":134,"column":58}},"64":{"start":{"line":135,"column":8},"end":{"line":135,"column":39}},"65":{"start":{"line":137,"column":8},"end":{"line":137,"column":23}},"66":{"start":{"line":140,"column":6},"end":{"line":140,"column":33}},"67":{"start":{"line":144,"column":2},"end":{"line":281,"column":4}},"68":{"start":{"line":164,"column":18},"end":{"line":164,"column":32}},"69":{"start":{"line":165,"column":18},"end":{"line":165,"column":35}},"70":{"start":{"line":199,"column":38},"end":{"line":199,"column":67}},"71":{"start":{"line":210,"column":31},"end":{"line":210,"column":44}},"72":{"start":{"line":228,"column":18},"end":{"line":228,"column":36}},"73":{"start":{"line":229,"column":18},"end":{"line":229,"column":35}},"74":{"start":{"line":246,"column":38},"end":{"line":246,"column":66}},"75":{"start":{"line":271,"column":29},"end":{"line":271,"column":48}},"76":{"start":{"line":286,"column":15},"end":{"line":353,"column":2}}},"fnMap":{"0":{"name":"(anonymous_0)","decl":{"start":{"line":30,"column":20},"end":{"line":30,"column":21}},"loc":{"start":{"line":30,"column":46},"end":{"line":282,"column":1}},"line":30},"1":{"name":"(anonymous_1)","decl":{"start":{"line":43,"column":18},"end":{"line":43,"column":19}},"loc":{"start":{"line":43,"column":23},"end":{"line":54,"column":3}},"line":43},"2":{"name":"(anonymous_2)","decl":{"start":{"line":56,"column":34},"end":{"line":56,"column":35}},"loc":{"start":{"line":56,"column":54},"end":{"line":65,"column":3}},"line":56},"3":{"name":"(anonymous_3)","decl":{"start":{"line":67,"column":33},"end":{"line":67,"column":34}},"loc":{"start":{"line":67,"column":52},"end":{"line":77,"column":3}},"line":67},"4":{"name":"(anonymous_4)","decl":{"start":{"line":79,"column":19},"end":{"line":79,"column":20}},"loc":{"start":{"line":79,"column":44},"end":{"line":101,"column":3}},"line":79},"5":{"name":"(anonymous_5)","decl":{"start":{"line":103,"column":32},"end":{"line":103,"column":33}},"loc":{"start":{"line":103,"column":38},"end":{"line":117,"column":3}},"line":103},"6":{"name":"(anonymous_6)","decl":{"start":{"line":119,"column":28},"end":{"line":119,"column":29}},"loc":{"start":{"line":119,"column":40},"end":{"line":142,"column":3}},"line":119},"7":{"name":"(anonymous_7)","decl":{"start":{"line":163,"column":30},"end":{"line":163,"column":31}},"loc":{"start":{"line":163,"column":38},"end":{"line":166,"column":17}},"line":163},"8":{"name":"(anonymous_8)","decl":{"start":{"line":199,"column":30},"end":{"line":199,"column":31}},"loc":{"start":{"line":199,"column":38},"end":{"line":199,"column":67}},"line":199},"9":{"name":"(anonymous_9)","decl":{"start":{"line":210,"column":25},"end":{"line":210,"column":26}},"loc":{"start":{"line":210,"column":31},"end":{"line":210,"column":44}},"line":210},"10":{"name":"(anonymous_10)","decl":{"start":{"line":227,"column":30},"end":{"line":227,"column":31}},"loc":{"start":{"line":227,"column":38},"end":{"line":230,"column":17}},"line":227},"11":{"name":"(anonymous_11)","decl":{"start":{"line":246,"column":30},"end":{"line":246,"column":31}},"loc":{"start":{"line":246,"column":38},"end":{"line":246,"column":66}},"line":246},"12":{"name":"(anonymous_12)","decl":{"start":{"line":271,"column":23},"end":{"line":271,"column":24}},"loc":{"start":{"line":271,"column":29},"end":{"line":271,"column":48}},"line":271}},"branchMap":{"0":{"loc":{"start":{"line":58,"column":4},"end":{"line":64,"column":5}},"type":"if","locations":[{"start":{"line":58,"column":4},"end":{"line":64,"column":5}},{"start":{"line":62,"column":11},"end":{"line":64,"column":5}}],"line":58},"1":{"loc":{"start":{"line":70,"column":4},"end":{"line":76,"column":5}},"type":"if","locations":[{"start":{"line":70,"column":4},"end":{"line":76,"column":5}},{"start":{"line":74,"column":11},"end":{"line":76,"column":5}}],"line":70},"2":{"loc":{"start":{"line":82,"column":4},"end":{"line":100,"column":5}},"type":"if","locations":[{"start":{"line":82,"column":4},"end":{"line":100,"column":5}},{"start":{},"end":{}}],"line":82},"3":{"loc":{"start":{"line":85,"column":6},"end":{"line":99,"column":7}},"type":"if","locations":[{"start":{"line":85,"column":6},"end":{"line":99,"column":7}},{"start":{"line":87,"column":13},"end":{"line":99,"column":7}}],"line":85},"4":{"loc":{"start":{"line":88,"column":28},"end":{"line":88,"column":47}},"type":"binary-expr","locations":[{"start":{"line":88,"column":28},"end":{"line":88,"column":40}},{"start":{"line":88,"column":44},"end":{"line":88,"column":47}}],"line":88},"5":{"loc":{"start":{"line":105,"column":4},"end":{"line":115,"column":5}},"type":"if","locations":[{"start":{"line":105,"column":4},"end":{"line":115,"column":5}},{"start":{},"end":{}}],"line":105},"6":{"loc":{"start":{"line":106,"column":6},"end":{"line":111,"column":25}},"type":"binary-expr","locations":[{"start":{"line":106,"column":6},"end":{"line":106,"column":17}},{"start":{"line":107,"column":6},"end":{"line":107,"column":19}},{"start":{"line":108,"column":6},"end":{"line":108,"column":10}},{"start":{"line":109,"column":6},"end":{"line":109,"column":21}},{"start":{"line":110,"column":6},"end":{"line":110,"column":26}},{"start":{"line":111,"column":6},"end":{"line":111,"column":25}}],"line":106},"7":{"loc":{"start":{"line":122,"column":4},"end":{"line":141,"column":5}},"type":"if","locations":[{"start":{"line":122,"column":4},"end":{"line":141,"column":5}},{"start":{"line":139,"column":11},"end":{"line":141,"column":5}}],"line":122},"8":{"loc":{"start":{"line":250,"column":13},"end":{"line":259,"column":13}},"type":"binary-expr","locations":[{"start":{"line":250,"column":13},"end":{"line":250,"column":17}},{"start":{"line":251,"column":14},"end":{"line":258,"column":16}}],"line":250},"9":{"loc":{"start":{"line":270,"column":17},"end":{"line":270,"column":61}},"type":"cond-expr","locations":[{"start":{"line":270,"column":29},"end":{"line":270,"column":43}},{"start":{"line":270,"column":46},"end":{"line":270,"column":61}}],"line":270}},"s":{"0":2,"1":2,"2":28,"3":28,"4":28,"5":28,"6":28,"7":28,"8":28,"9":28,"10":28,"11":28,"12":28,"13":28,"14":7,"15":7,"16":7,"17":7,"18":7,"19":7,"20":7,"21":7,"22":28,"23":3,"24":3,"25":2,"26":2,"27":2,"28":1,"29":28,"30":3,"31":3,"32":2,"33":2,"34":2,"35":1,"36":28,"37":2,"38":2,"39":2,"40":2,"41":2,"42":2,"43":1,"44":1,"45":1,"46":1,"47":1,"48":1,"49":1,"50":28,"51":1,"52":1,"53":0,"54":0,"55":1,"56":28,"57":1,"58":1,"59":1,"60":1,"61":1,"62":1,"63":1,"64":1,"65":0,"66":0,"67":28,"68":2,"69":2,"70":3,"71":2,"72":2,"73":2,"74":3,"75":1,"76":2},"f":{"0":28,"1":7,"2":3,"3":3,"4":2,"5":1,"6":1,"7":2,"8":3,"9":2,"10":2,"11":3,"12":1},"b":{"0":[2,1],"1":[2,1],"2":[2,0],"3":[1,1],"4":[1,0],"5":[0,1],"6":[1,1,1,1,1,1],"7":[1,0],"8":[28,2],"9":[10,18]},"_coverageSchema":"1a1c01bbd47fc00a2c39e90264f33305004495a9","hash":"f96f0936565112cd59ecfb70a3e360203fce09b9"}
,"C:\\Users\\ishas\\Web_Technology\\ReactNative\\Final_Project\\MoneyWise\\Components\\Field.js": {"path":"C:\\Users\\ishas\\Web_Technology\\ReactNative\\Final_Project\\MoneyWise\\Components\\Field.js","statementMap":{"0":{"start":{"line":5,"column":14},"end":{"line":12,"column":1}},"1":{"start":{"line":6,"column":2},"end":{"line":11,"column":4}}},"fnMap":{"0":{"name":"(anonymous_0)","decl":{"start":{"line":5,"column":14},"end":{"line":5,"column":15}},"loc":{"start":{"line":5,"column":23},"end":{"line":12,"column":1}},"line":5}},"branchMap":{},"s":{"0":3,"1":18},"f":{"0":18},"b":{},"_coverageSchema":"1a1c01bbd47fc00a2c39e90264f33305004495a9","hash":"85b73dd48172f5216714b595e05a01dd56058843"}
,"C:\\Users\\ishas\\Web_Technology\\ReactNative\\Final_Project\\MoneyWise\\Components\\Header.js": {"path":"C:\\Users\\ishas\\Web_Technology\\ReactNative\\Final_Project\\MoneyWise\\Components\\Header.js","statementMap":{"0":{"start":{"line":6,"column":4},"end":{"line":10,"column":5}}},"fnMap":{"0":{"name":"Header","decl":{"start":{"line":5,"column":24},"end":{"line":5,"column":30}},"loc":{"start":{"line":5,"column":38},"end":{"line":11,"column":1}},"line":5}},"branchMap":{},"s":{"0":0},"f":{"0":0},"b":{},"_coverageSchema":"1a1c01bbd47fc00a2c39e90264f33305004495a9","hash":"b6ff327e360295ab6fddd3b564398d01e9e60241"}
,"C:\\Users\\ishas\\Web_Technology\\ReactNative\\Final_Project\\MoneyWise\\Components\\HomePage.js": {"path":"C:\\Users\\ishas\\Web_Technology\\ReactNative\\Final_Project\\MoneyWise\\Components\\HomePage.js","statementMap":{"0":{"start":{"line":24,"column":12},"end":{"line":24,"column":43}},"1":{"start":{"line":25,"column":26},"end":{"line":25,"column":50}},"2":{"start":{"line":26,"column":15},"end":{"line":26,"column":137}},"3":{"start":{"line":31,"column":4},"end":{"line":59,"column":6}},"4":{"start":{"line":64,"column":4},"end":{"line":84,"column":27}},"5":{"start":{"line":66,"column":8},"end":{"line":83,"column":11}},"6":{"start":{"line":68,"column":16},"end":{"line":81,"column":23}},"7":{"start":{"line":69,"column":78},"end":{"line":69,"column":121}},"8":{"start":{"line":95,"column":4},"end":{"line":102,"column":6}},"9":{"start":{"line":104,"column":15},"end":{"line":212,"column":2}}},"fnMap":{"0":{"name":"MyTabs","decl":{"start":{"line":29,"column":16},"end":{"line":29,"column":22}},"loc":{"start":{"line":29,"column":25},"end":{"line":60,"column":1}},"line":29},"1":{"name":"HompePage","decl":{"start":{"line":63,"column":24},"end":{"line":63,"column":33}},"loc":{"start":{"line":63,"column":41},"end":{"line":103,"column":1}},"line":63},"2":{"name":"(anonymous_2)","decl":{"start":{"line":64,"column":20},"end":{"line":64,"column":21}},"loc":{"start":{"line":64,"column":26},"end":{"line":84,"column":5}},"line":64},"3":{"name":"(anonymous_3)","decl":{"start":{"line":67,"column":25},"end":{"line":67,"column":26}},"loc":{"start":{"line":68,"column":16},"end":{"line":81,"column":23}},"line":68},"4":{"name":"(anonymous_4)","decl":{"start":{"line":69,"column":70},"end":{"line":69,"column":71}},"loc":{"start":{"line":69,"column":76},"end":{"line":69,"column":123}},"line":69}},"branchMap":{},"s":{"0":2,"1":2,"2":2,"3":2,"4":2,"5":1,"6":0,"7":0,"8":2,"9":2},"f":{"0":2,"1":2,"2":1,"3":0,"4":0},"b":{},"_coverageSchema":"1a1c01bbd47fc00a2c39e90264f33305004495a9","hash":"000f7827e145dc5f411c68d77986e46ef70e4df8"}
,"C:\\Users\\ishas\\Web_Technology\\ReactNative\\Final_Project\\MoneyWise\\Components\\Login.js": {"path":"C:\\Users\\ishas\\Web_Technology\\ReactNative\\Final_Project\\MoneyWise\\Components\\Login.js","statementMap":{"0":{"start":{"line":12,"column":26},"end":{"line":12,"column":50}},"1":{"start":{"line":15,"column":34},"end":{"line":15,"column":52}},"2":{"start":{"line":16,"column":34},"end":{"line":16,"column":52}},"3":{"start":{"line":17,"column":56},"end":{"line":17,"column":77}},"4":{"start":{"line":18,"column":50},"end":{"line":18,"column":70}},"5":{"start":{"line":21,"column":2},"end":{"line":32,"column":9}},"6":{"start":{"line":22,"column":24},"end":{"line":27,"column":6}},"7":{"start":{"line":23,"column":6},"end":{"line":26,"column":7}},"8":{"start":{"line":24,"column":8},"end":{"line":24,"column":41}},"9":{"start":{"line":25,"column":8},"end":{"line":25,"column":26}},"10":{"start":{"line":28,"column":4},"end":{"line":28,"column":20}},"11":{"start":{"line":29,"column":4},"end":{"line":29,"column":20}},"12":{"start":{"line":30,"column":4},"end":{"line":30,"column":30}},"13":{"start":{"line":31,"column":4},"end":{"line":31,"column":23}},"14":{"start":{"line":34,"column":21},"end":{"line":55,"column":3}},"15":{"start":{"line":37,"column":4},"end":{"line":54,"column":66}},"16":{"start":{"line":40,"column":8},"end":{"line":40,"column":53}},"17":{"start":{"line":41,"column":21},"end":{"line":41,"column":41}},"18":{"start":{"line":42,"column":8},"end":{"line":42,"column":48}},"19":{"start":{"line":43,"column":8},"end":{"line":52,"column":9}},"20":{"start":{"line":44,"column":10},"end":{"line":44,"column":43}},"21":{"start":{"line":45,"column":10},"end":{"line":45,"column":44}},"22":{"start":{"line":46,"column":10},"end":{"line":46,"column":48}},"23":{"start":{"line":50,"column":10},"end":{"line":50,"column":67}},"24":{"start":{"line":51,"column":10},"end":{"line":51,"column":25}},"25":{"start":{"line":54,"column":22},"end":{"line":54,"column":64}},"26":{"start":{"line":58,"column":31},"end":{"line":69,"column":3}},"27":{"start":{"line":60,"column":16},"end":{"line":60,"column":63}},"28":{"start":{"line":61,"column":4},"end":{"line":68,"column":5}},"29":{"start":{"line":62,"column":6},"end":{"line":62,"column":33}},"30":{"start":{"line":63,"column":6},"end":{"line":63,"column":32}},"31":{"start":{"line":66,"column":6},"end":{"line":66,"column":33}},"32":{"start":{"line":67,"column":6},"end":{"line":67,"column":22}},"33":{"start":{"line":71,"column":27},"end":{"line":73,"column":3}},"34":{"start":{"line":72,"column":4},"end":{"line":72,"column":41}},"35":{"start":{"line":75,"column":25},"end":{"line":77,"column":3}},"36":{"start":{"line":76,"column":4},"end":{"line":76,"column":33}},"37":{"start":{"line":79,"column":29},"end":{"line":92,"column":3}},"38":{"start":{"line":81,"column":4},"end":{"line":81,"column":40}},"39":{"start":{"line":82,"column":4},"end":{"line":82,"column":34}},"40":{"start":{"line":84,"column":4},"end":{"line":91,"column":9}},"41":{"start":{"line":86,"column":8},"end":{"line":86,"column":59}},"42":{"start":{"line":89,"column":8},"end":{"line":89,"column":26}},"43":{"start":{"line":90,"column":8},"end":{"line":90,"column":51}},"44":{"start":{"line":94,"column":2},"end":{"line":216,"column":4}},"45":{"start":{"line":134,"column":34},"end":{"line":134,"column":60}},"46":{"start":{"line":139,"column":85},"end":{"line":139,"column":102}},"47":{"start":{"line":184,"column":44},"end":{"line":184,"column":73}},"48":{"start":{"line":185,"column":35},"end":{"line":185,"column":65}},"49":{"start":{"line":185,"column":66},"end":{"line":185,"column":87}},"50":{"start":{"line":219,"column":15},"end":{"line":226,"column":2}}},"fnMap":{"0":{"name":"Login","decl":{"start":{"line":14,"column":24},"end":{"line":14,"column":29}},"loc":{"start":{"line":14,"column":37},"end":{"line":217,"column":1}},"line":14},"1":{"name":"(anonymous_1)","decl":{"start":{"line":21,"column":18},"end":{"line":21,"column":19}},"loc":{"start":{"line":21,"column":24},"end":{"line":32,"column":3}},"line":21},"2":{"name":"(anonymous_2)","decl":{"start":{"line":22,"column":48},"end":{"line":22,"column":49}},"loc":{"start":{"line":22,"column":56},"end":{"line":27,"column":5}},"line":22},"3":{"name":"(anonymous_3)","decl":{"start":{"line":34,"column":21},"end":{"line":34,"column":22}},"loc":{"start":{"line":34,"column":25},"end":{"line":55,"column":3}},"line":34},"4":{"name":"(anonymous_4)","decl":{"start":{"line":38,"column":12},"end":{"line":38,"column":13}},"loc":{"start":{"line":38,"column":31},"end":{"line":53,"column":7}},"line":38},"5":{"name":"(anonymous_5)","decl":{"start":{"line":54,"column":13},"end":{"line":54,"column":14}},"loc":{"start":{"line":54,"column":22},"end":{"line":54,"column":64}},"line":54},"6":{"name":"(anonymous_6)","decl":{"start":{"line":58,"column":31},"end":{"line":58,"column":32}},"loc":{"start":{"line":58,"column":50},"end":{"line":69,"column":3}},"line":58},"7":{"name":"(anonymous_7)","decl":{"start":{"line":71,"column":27},"end":{"line":71,"column":28}},"loc":{"start":{"line":71,"column":33},"end":{"line":73,"column":3}},"line":71},"8":{"name":"(anonymous_8)","decl":{"start":{"line":75,"column":25},"end":{"line":75,"column":26}},"loc":{"start":{"line":75,"column":31},"end":{"line":77,"column":3}},"line":75},"9":{"name":"(anonymous_9)","decl":{"start":{"line":79,"column":29},"end":{"line":79,"column":30}},"loc":{"start":{"line":79,"column":50},"end":{"line":92,"column":3}},"line":79},"10":{"name":"(anonymous_10)","decl":{"start":{"line":85,"column":12},"end":{"line":85,"column":13}},"loc":{"start":{"line":85,"column":18},"end":{"line":87,"column":7}},"line":85},"11":{"name":"(anonymous_11)","decl":{"start":{"line":88,"column":13},"end":{"line":88,"column":14}},"loc":{"start":{"line":88,"column":24},"end":{"line":91,"column":7}},"line":88},"12":{"name":"(anonymous_12)","decl":{"start":{"line":134,"column":26},"end":{"line":134,"column":27}},"loc":{"start":{"line":134,"column":34},"end":{"line":134,"column":60}},"line":134},"13":{"name":"(anonymous_13)","decl":{"start":{"line":139,"column":77},"end":{"line":139,"column":78}},"loc":{"start":{"line":139,"column":85},"end":{"line":139,"column":102}},"line":139},"14":{"name":"(anonymous_14)","decl":{"start":{"line":184,"column":28},"end":{"line":184,"column":29}},"loc":{"start":{"line":184,"column":43},"end":{"line":184,"column":74}},"line":184},"15":{"name":"(anonymous_15)","decl":{"start":{"line":185,"column":28},"end":{"line":185,"column":29}},"loc":{"start":{"line":185,"column":34},"end":{"line":185,"column":88}},"line":185}},"branchMap":{"0":{"loc":{"start":{"line":23,"column":6},"end":{"line":26,"column":7}},"type":"if","locations":[{"start":{"line":23,"column":6},"end":{"line":26,"column":7}},{"start":{},"end":{}}],"line":23},"1":{"loc":{"start":{"line":23,"column":9},"end":{"line":23,"column":35}},"type":"binary-expr","locations":[{"start":{"line":23,"column":9},"end":{"line":23,"column":13}},{"start":{"line":23,"column":17},"end":{"line":23,"column":35}}],"line":23},"2":{"loc":{"start":{"line":43,"column":8},"end":{"line":52,"column":9}},"type":"if","locations":[{"start":{"line":43,"column":8},"end":{"line":52,"column":9}},{"start":{"line":49,"column":8},"end":{"line":52,"column":9}}],"line":43},"3":{"loc":{"start":{"line":61,"column":4},"end":{"line":68,"column":5}},"type":"if","locations":[{"start":{"line":61,"column":4},"end":{"line":68,"column":5}},{"start":{"line":65,"column":8},"end":{"line":68,"column":5}}],"line":61},"4":{"loc":{"start":{"line":137,"column":11},"end":{"line":137,"column":89}},"type":"binary-expr","locations":[{"start":{"line":137,"column":11},"end":{"line":137,"column":28}},{"start":{"line":137,"column":32},"end":{"line":137,"column":89}}],"line":137}},"s":{"0":2,"1":16,"2":16,"3":16,"4":16,"5":16,"6":3,"7":3,"8":3,"9":3,"10":3,"11":3,"12":3,"13":3,"14":16,"15":3,"16":2,"17":2,"18":2,"19":2,"20":1,"21":1,"22":1,"23":1,"24":1,"25":1,"26":16,"27":3,"28":3,"29":3,"30":3,"31":0,"32":0,"33":16,"34":1,"35":16,"36":1,"37":16,"38":1,"39":1,"40":1,"41":1,"42":0,"43":0,"44":16,"45":3,"46":3,"47":1,"48":1,"49":1,"50":2},"f":{"0":16,"1":3,"2":3,"3":3,"4":2,"5":1,"6":3,"7":1,"8":1,"9":1,"10":1,"11":0,"12":3,"13":3,"14":1,"15":1},"b":{"0":[3,0],"1":[3,3],"2":[1,1],"3":[3,0],"4":[16,0]},"_coverageSchema":"1a1c01bbd47fc00a2c39e90264f33305004495a9","hash":"4889f27cf6c81d8265ca5f08c70760f81a763e75"}
,"C:\\Users\\ishas\\Web_Technology\\ReactNative\\Final_Project\\MoneyWise\\Components\\ProfileScreen.js": {"path":"C:\\Users\\ishas\\Web_Technology\\ReactNative\\Final_Project\\MoneyWise\\Components\\ProfileScreen.js","statementMap":{"0":{"start":{"line":22,"column":26},"end":{"line":22,"column":50}},"1":{"start":{"line":23,"column":22},"end":{"line":144,"column":1}},"2":{"start":{"line":25,"column":25},"end":{"line":25,"column":43}},"3":{"start":{"line":26,"column":27},"end":{"line":26,"column":45}},"4":{"start":{"line":27,"column":31},"end":{"line":27,"column":49}},"5":{"start":{"line":28,"column":23},"end":{"line":28,"column":49}},"6":{"start":{"line":29,"column":33},"end":{"line":29,"column":51}},"7":{"start":{"line":30,"column":37},"end":{"line":30,"column":56}},"8":{"start":{"line":31,"column":55},"end":{"line":31,"column":75}},"9":{"start":{"line":32,"column":53},"end":{"line":32,"column":73}},"10":{"start":{"line":33,"column":25},"end":{"line":33,"column":46}},"11":{"start":{"line":34,"column":43},"end":{"line":34,"column":61}},"12":{"start":{"line":35,"column":33},"end":{"line":35,"column":54}},"13":{"start":{"line":37,"column":26},"end":{"line":53,"column":4}},"14":{"start":{"line":38,"column":2},"end":{"line":52,"column":3}},"15":{"start":{"line":39,"column":19},"end":{"line":39,"column":56}},"16":{"start":{"line":40,"column":17},"end":{"line":40,"column":37}},"17":{"start":{"line":41,"column":21},"end":{"line":41,"column":32}},"18":{"start":{"line":42,"column":4},"end":{"line":42,"column":27}},"19":{"start":{"line":43,"column":21},"end":{"line":43,"column":95}},"20":{"start":{"line":44,"column":4},"end":{"line":44,"column":21}},"21":{"start":{"line":45,"column":4},"end":{"line":45,"column":29}},"22":{"start":{"line":46,"column":4},"end":{"line":46,"column":35}},"23":{"start":{"line":47,"column":4},"end":{"line":47,"column":39}},"24":{"start":{"line":48,"column":4},"end":{"line":48,"column":33}},"25":{"start":{"line":49,"column":4},"end":{"line":49,"column":110}},"26":{"start":{"line":51,"column":4},"end":{"line":51,"column":19}},"27":{"start":{"line":55,"column":3},"end":{"line":62,"column":20}},"28":{"start":{"line":57,"column":22},"end":{"line":59,"column":4}},"29":{"start":{"line":58,"column":4},"end":{"line":58,"column":23}},"30":{"start":{"line":61,"column":2},"end":{"line":61,"column":21}},"31":{"start":{"line":64,"column":3},"end":{"line":86,"column":62}},"32":{"start":{"line":65,"column":2},"end":{"line":85,"column":5}},"33":{"start":{"line":67,"column":3},"end":{"line":83,"column":10}},"34":{"start":{"line":69,"column":4},"end":{"line":75,"column":7}},"35":{"start":{"line":76,"column":4},"end":{"line":76,"column":65}},"36":{"start":{"line":89,"column":1},"end":{"line":143,"column":3}},"37":{"start":{"line":148,"column":15},"end":{"line":230,"column":2}}},"fnMap":{"0":{"name":"(anonymous_0)","decl":{"start":{"line":23,"column":22},"end":{"line":23,"column":23}},"loc":{"start":{"line":23,"column":42},"end":{"line":144,"column":1}},"line":23},"1":{"name":"(anonymous_1)","decl":{"start":{"line":37,"column":26},"end":{"line":37,"column":27}},"loc":{"start":{"line":37,"column":38},"end":{"line":53,"column":4}},"line":37},"2":{"name":"(anonymous_2)","decl":{"start":{"line":55,"column":13},"end":{"line":55,"column":14}},"loc":{"start":{"line":55,"column":19},"end":{"line":62,"column":4}},"line":55},"3":{"name":"(anonymous_3)","decl":{"start":{"line":57,"column":54},"end":{"line":57,"column":55}},"loc":{"start":{"line":57,"column":60},"end":{"line":59,"column":3}},"line":57},"4":{"name":"(anonymous_4)","decl":{"start":{"line":64,"column":13},"end":{"line":64,"column":14}},"loc":{"start":{"line":64,"column":19},"end":{"line":86,"column":4}},"line":64},"5":{"name":"(anonymous_5)","decl":{"start":{"line":66,"column":17},"end":{"line":66,"column":18}},"loc":{"start":{"line":67,"column":3},"end":{"line":83,"column":10}},"line":67},"6":{"name":"(anonymous_6)","decl":{"start":{"line":68,"column":46},"end":{"line":68,"column":47}},"loc":{"start":{"line":68,"column":52},"end":{"line":77,"column":6}},"line":68}},"branchMap":{},"s":{"0":2,"1":2,"2":9,"3":9,"4":9,"5":9,"6":9,"7":9,"8":9,"9":9,"10":9,"11":9,"12":9,"13":9,"14":1,"15":1,"16":1,"17":1,"18":1,"19":1,"20":1,"21":1,"22":1,"23":1,"24":1,"25":1,"26":0,"27":9,"28":1,"29":1,"30":1,"31":9,"32":6,"33":0,"34":0,"35":0,"36":9,"37":2},"f":{"0":9,"1":1,"2":1,"3":1,"4":6,"5":0,"6":0},"b":{},"_coverageSchema":"1a1c01bbd47fc00a2c39e90264f33305004495a9","hash":"58a8a96efcb1a0f568269fec3b7c4f3b4e7751c7"}
,"C:\\Users\\ishas\\Web_Technology\\ReactNative\\Final_Project\\MoneyWise\\Components\\SignUp.js": {"path":"C:\\Users\\ishas\\Web_Technology\\ReactNative\\Final_Project\\MoneyWise\\Components\\SignUp.js","statementMap":{"0":{"start":{"line":12,"column":26},"end":{"line":12,"column":50}},"1":{"start":{"line":15,"column":26},"end":{"line":15,"column":44}},"2":{"start":{"line":16,"column":28},"end":{"line":16,"column":46}},"3":{"start":{"line":17,"column":32},"end":{"line":17,"column":50}},"4":{"start":{"line":18,"column":24},"end":{"line":18,"column":50}},"5":{"start":{"line":19,"column":34},"end":{"line":19,"column":52}},"6":{"start":{"line":20,"column":48},"end":{"line":20,"column":66}},"7":{"start":{"line":21,"column":34},"end":{"line":21,"column":52}},"8":{"start":{"line":22,"column":38},"end":{"line":22,"column":57}},"9":{"start":{"line":23,"column":26},"end":{"line":23,"column":44}},"10":{"start":{"line":24,"column":26},"end":{"line":24,"column":47}},"11":{"start":{"line":25,"column":44},"end":{"line":25,"column":64}},"12":{"start":{"line":26,"column":50},"end":{"line":26,"column":70}},"13":{"start":{"line":27,"column":64},"end":{"line":27,"column":84}},"14":{"start":{"line":28,"column":56},"end":{"line":28,"column":76}},"15":{"start":{"line":29,"column":54},"end":{"line":29,"column":74}},"16":{"start":{"line":30,"column":44},"end":{"line":30,"column":75}},"17":{"start":{"line":32,"column":28},"end":{"line":43,"column":3}},"18":{"start":{"line":34,"column":4},"end":{"line":34,"column":36}},"19":{"start":{"line":35,"column":16},"end":{"line":35,"column":63}},"20":{"start":{"line":36,"column":4},"end":{"line":42,"column":5}},"21":{"start":{"line":37,"column":6},"end":{"line":37,"column":29}},"22":{"start":{"line":38,"column":6},"end":{"line":38,"column":27}},"23":{"start":{"line":41,"column":6},"end":{"line":41,"column":30}},"24":{"start":{"line":45,"column":34},"end":{"line":56,"column":3}},"25":{"start":{"line":47,"column":16},"end":{"line":47,"column":34}},"26":{"start":{"line":48,"column":4},"end":{"line":54,"column":5}},"27":{"start":{"line":49,"column":6},"end":{"line":49,"column":35}},"28":{"start":{"line":50,"column":6},"end":{"line":50,"column":35}},"29":{"start":{"line":53,"column":6},"end":{"line":53,"column":36}},"30":{"start":{"line":58,"column":31},"end":{"line":70,"column":3}},"31":{"start":{"line":61,"column":16},"end":{"line":61,"column":118}},"32":{"start":{"line":63,"column":4},"end":{"line":69,"column":5}},"33":{"start":{"line":64,"column":6},"end":{"line":64,"column":32}},"34":{"start":{"line":65,"column":6},"end":{"line":65,"column":33}},"35":{"start":{"line":68,"column":6},"end":{"line":68,"column":33}},"36":{"start":{"line":72,"column":38},"end":{"line":83,"column":3}},"37":{"start":{"line":74,"column":4},"end":{"line":74,"column":39}},"38":{"start":{"line":75,"column":6},"end":{"line":82,"column":7}},"39":{"start":{"line":77,"column":8},"end":{"line":77,"column":41}},"40":{"start":{"line":78,"column":8},"end":{"line":78,"column":49}},"41":{"start":{"line":81,"column":8},"end":{"line":81,"column":42}},"42":{"start":{"line":86,"column":32},"end":{"line":94,"column":3}},"43":{"start":{"line":88,"column":4},"end":{"line":92,"column":5}},"44":{"start":{"line":90,"column":6},"end":{"line":90,"column":59}},"45":{"start":{"line":91,"column":6},"end":{"line":91,"column":19}},"46":{"start":{"line":93,"column":4},"end":{"line":93,"column":16}},"47":{"start":{"line":96,"column":22},"end":{"line":133,"column":3}},"48":{"start":{"line":98,"column":4},"end":{"line":131,"column":5}},"49":{"start":{"line":100,"column":6},"end":{"line":129,"column":9}},"50":{"start":{"line":102,"column":21},"end":{"line":102,"column":41}},"51":{"start":{"line":103,"column":8},"end":{"line":103,"column":57}},"52":{"start":{"line":105,"column":8},"end":{"line":123,"column":9}},"53":{"start":{"line":106,"column":10},"end":{"line":113,"column":13}},"54":{"start":{"line":114,"column":10},"end":{"line":117,"column":15}},"55":{"start":{"line":116,"column":14},"end":{"line":116,"column":126}},"56":{"start":{"line":118,"column":10},"end":{"line":118,"column":25}},"57":{"start":{"line":119,"column":10},"end":{"line":119,"column":38}},"58":{"start":{"line":122,"column":10},"end":{"line":122,"column":48}},"59":{"start":{"line":128,"column":8},"end":{"line":128,"column":41}},"60":{"start":{"line":135,"column":33},"end":{"line":147,"column":3}},"61":{"start":{"line":137,"column":16},"end":{"line":137,"column":38}},"62":{"start":{"line":139,"column":4},"end":{"line":145,"column":5}},"63":{"start":{"line":140,"column":6},"end":{"line":140,"column":34}},"64":{"start":{"line":141,"column":6},"end":{"line":141,"column":37}},"65":{"start":{"line":144,"column":6},"end":{"line":144,"column":35}},"66":{"start":{"line":149,"column":19},"end":{"line":173,"column":3}},"67":{"start":{"line":150,"column":4},"end":{"line":150,"column":26}},"68":{"start":{"line":151,"column":4},"end":{"line":151,"column":19}},"69":{"start":{"line":153,"column":22},"end":{"line":153,"column":32}},"70":{"start":{"line":154,"column":4},"end":{"line":168,"column":5}},"71":{"start":{"line":156,"column":6},"end":{"line":156,"column":52}},"72":{"start":{"line":160,"column":26},"end":{"line":160,"column":45}},"73":{"start":{"line":161,"column":6},"end":{"line":161,"column":26}},"74":{"start":{"line":162,"column":6},"end":{"line":162,"column":30}},"75":{"start":{"line":163,"column":23},"end":{"line":163,"column":44}},"76":{"start":{"line":164,"column":18},"end":{"line":164,"column":97}},"77":{"start":{"line":165,"column":6},"end":{"line":165,"column":21}},"78":{"start":{"line":166,"column":6},"end":{"line":166,"column":30}},"79":{"start":{"line":167,"column":6},"end":{"line":167,"column":33}},"80":{"start":{"line":176,"column":2},"end":{"line":279,"column":4}},"81":{"start":{"line":211,"column":60},"end":{"line":211,"column":73}},"82":{"start":{"line":216,"column":36},"end":{"line":216,"column":59}},"83":{"start":{"line":220,"column":95},"end":{"line":220,"column":124}},"84":{"start":{"line":223,"column":205},"end":{"line":223,"column":218}},"85":{"start":{"line":227,"column":87},"end":{"line":227,"column":113}},"86":{"start":{"line":230,"column":95},"end":{"line":230,"column":128}},"87":{"start":{"line":233,"column":65},"end":{"line":233,"column":82}},"88":{"start":{"line":235,"column":98},"end":{"line":235,"column":126}},"89":{"start":{"line":266,"column":31},"end":{"line":266,"column":59}},"90":{"start":{"line":282,"column":15},"end":{"line":297,"column":2}}},"fnMap":{"0":{"name":"SignUp","decl":{"start":{"line":14,"column":24},"end":{"line":14,"column":30}},"loc":{"start":{"line":14,"column":45},"end":{"line":280,"column":1}},"line":14},"1":{"name":"(anonymous_1)","decl":{"start":{"line":32,"column":28},"end":{"line":32,"column":29}},"loc":{"start":{"line":32,"column":44},"end":{"line":43,"column":3}},"line":32},"2":{"name":"(anonymous_2)","decl":{"start":{"line":45,"column":34},"end":{"line":45,"column":35}},"loc":{"start":{"line":45,"column":56},"end":{"line":56,"column":3}},"line":45},"3":{"name":"(anonymous_3)","decl":{"start":{"line":58,"column":31},"end":{"line":58,"column":32}},"loc":{"start":{"line":58,"column":50},"end":{"line":70,"column":3}},"line":58},"4":{"name":"(anonymous_4)","decl":{"start":{"line":72,"column":38},"end":{"line":72,"column":39}},"loc":{"start":{"line":72,"column":64},"end":{"line":83,"column":3}},"line":72},"5":{"name":"(anonymous_5)","decl":{"start":{"line":86,"column":32},"end":{"line":86,"column":33}},"loc":{"start":{"line":86,"column":38},"end":{"line":94,"column":3}},"line":86},"6":{"name":"(anonymous_6)","decl":{"start":{"line":96,"column":22},"end":{"line":96,"column":23}},"loc":{"start":{"line":97,"column":2},"end":{"line":133,"column":3}},"line":97},"7":{"name":"(anonymous_7)","decl":{"start":{"line":101,"column":12},"end":{"line":101,"column":13}},"loc":{"start":{"line":101,"column":31},"end":{"line":125,"column":7}},"line":101},"8":{"name":"(anonymous_8)","decl":{"start":{"line":115,"column":18},"end":{"line":115,"column":19}},"loc":{"start":{"line":115,"column":24},"end":{"line":117,"column":13}},"line":115},"9":{"name":"(anonymous_9)","decl":{"start":{"line":126,"column":13},"end":{"line":126,"column":14}},"loc":{"start":{"line":126,"column":22},"end":{"line":129,"column":7}},"line":126},"10":{"name":"(anonymous_10)","decl":{"start":{"line":135,"column":33},"end":{"line":135,"column":34}},"loc":{"start":{"line":135,"column":54},"end":{"line":147,"column":3}},"line":135},"11":{"name":"(anonymous_11)","decl":{"start":{"line":149,"column":19},"end":{"line":149,"column":20}},"loc":{"start":{"line":149,"column":44},"end":{"line":173,"column":3}},"line":149},"12":{"name":"(anonymous_12)","decl":{"start":{"line":211,"column":52},"end":{"line":211,"column":53}},"loc":{"start":{"line":211,"column":60},"end":{"line":211,"column":73}},"line":211},"13":{"name":"(anonymous_13)","decl":{"start":{"line":216,"column":28},"end":{"line":216,"column":29}},"loc":{"start":{"line":216,"column":36},"end":{"line":216,"column":59}},"line":216},"14":{"name":"(anonymous_14)","decl":{"start":{"line":220,"column":87},"end":{"line":220,"column":88}},"loc":{"start":{"line":220,"column":95},"end":{"line":220,"column":124}},"line":220},"15":{"name":"(anonymous_15)","decl":{"start":{"line":223,"column":199},"end":{"line":223,"column":200}},"loc":{"start":{"line":223,"column":205},"end":{"line":223,"column":218}},"line":223},"16":{"name":"(anonymous_16)","decl":{"start":{"line":227,"column":79},"end":{"line":227,"column":80}},"loc":{"start":{"line":227,"column":87},"end":{"line":227,"column":113}},"line":227},"17":{"name":"(anonymous_17)","decl":{"start":{"line":230,"column":87},"end":{"line":230,"column":88}},"loc":{"start":{"line":230,"column":95},"end":{"line":230,"column":128}},"line":230},"18":{"name":"(anonymous_18)","decl":{"start":{"line":233,"column":57},"end":{"line":233,"column":58}},"loc":{"start":{"line":233,"column":65},"end":{"line":233,"column":82}},"line":233},"19":{"name":"(anonymous_19)","decl":{"start":{"line":235,"column":90},"end":{"line":235,"column":91}},"loc":{"start":{"line":235,"column":98},"end":{"line":235,"column":126}},"line":235},"20":{"name":"(anonymous_20)","decl":{"start":{"line":266,"column":25},"end":{"line":266,"column":26}},"loc":{"start":{"line":266,"column":31},"end":{"line":266,"column":59}},"line":266}},"branchMap":{"0":{"loc":{"start":{"line":36,"column":4},"end":{"line":42,"column":5}},"type":"if","locations":[{"start":{"line":36,"column":4},"end":{"line":42,"column":5}},{"start":{"line":40,"column":8},"end":{"line":42,"column":5}}],"line":36},"1":{"loc":{"start":{"line":48,"column":4},"end":{"line":54,"column":5}},"type":"if","locations":[{"start":{"line":48,"column":4},"end":{"line":54,"column":5}},{"start":{"line":52,"column":8},"end":{"line":54,"column":5}}],"line":48},"2":{"loc":{"start":{"line":63,"column":4},"end":{"line":69,"column":5}},"type":"if","locations":[{"start":{"line":63,"column":4},"end":{"line":69,"column":5}},{"start":{"line":67,"column":8},"end":{"line":69,"column":5}}],"line":63},"3":{"loc":{"start":{"line":75,"column":6},"end":{"line":82,"column":7}},"type":"if","locations":[{"start":{"line":75,"column":6},"end":{"line":82,"column":7}},{"start":{"line":80,"column":10},"end":{"line":82,"column":7}}],"line":75},"4":{"loc":{"start":{"line":88,"column":4},"end":{"line":92,"column":5}},"type":"if","locations":[{"start":{"line":88,"column":4},"end":{"line":92,"column":5}},{"start":{},"end":{}}],"line":88},"5":{"loc":{"start":{"line":88,"column":7},"end":{"line":88,"column":237}},"type":"binary-expr","locations":[{"start":{"line":88,"column":7},"end":{"line":88,"column":18}},{"start":{"line":88,"column":22},"end":{"line":88,"column":34}},{"start":{"line":88,"column":38},"end":{"line":88,"column":51}},{"start":{"line":88,"column":55},"end":{"line":88,"column":59}},{"start":{"line":88,"column":63},"end":{"line":88,"column":78}},{"start":{"line":88,"column":82},"end":{"line":88,"column":104}},{"start":{"line":88,"column":108},"end":{"line":88,"column":123}},{"start":{"line":88,"column":127},"end":{"line":88,"column":144}},{"start":{"line":88,"column":148},"end":{"line":88,"column":168}},{"start":{"line":88,"column":172},"end":{"line":88,"column":186}},{"start":{"line":88,"column":190},"end":{"line":88,"column":214}},{"start":{"line":88,"column":218},"end":{"line":88,"column":237}}],"line":88},"6":{"loc":{"start":{"line":98,"column":4},"end":{"line":131,"column":5}},"type":"if","locations":[{"start":{"line":98,"column":4},"end":{"line":131,"column":5}},{"start":{},"end":{}}],"line":98},"7":{"loc":{"start":{"line":139,"column":4},"end":{"line":145,"column":5}},"type":"if","locations":[{"start":{"line":139,"column":4},"end":{"line":145,"column":5}},{"start":{"line":143,"column":8},"end":{"line":145,"column":5}}],"line":139},"8":{"loc":{"start":{"line":154,"column":4},"end":{"line":168,"column":5}},"type":"if","locations":[{"start":{"line":154,"column":4},"end":{"line":168,"column":5}},{"start":{"line":159,"column":4},"end":{"line":168,"column":5}}],"line":154},"9":{"loc":{"start":{"line":160,"column":26},"end":{"line":160,"column":45}},"type":"binary-expr","locations":[{"start":{"line":160,"column":26},"end":{"line":160,"column":38}},{"start":{"line":160,"column":42},"end":{"line":160,"column":45}}],"line":160},"10":{"loc":{"start":{"line":218,"column":13},"end":{"line":218,"column":77}},"type":"binary-expr","locations":[{"start":{"line":218,"column":13},"end":{"line":218,"column":27}},{"start":{"line":218,"column":31},"end":{"line":218,"column":77}}],"line":218},"11":{"loc":{"start":{"line":221,"column":13},"end":{"line":221,"column":101}},"type":"binary-expr","locations":[{"start":{"line":221,"column":13},"end":{"line":221,"column":33}},{"start":{"line":221,"column":37},"end":{"line":221,"column":101}}],"line":221},"12":{"loc":{"start":{"line":228,"column":13},"end":{"line":228,"column":95}},"type":"binary-expr","locations":[{"start":{"line":228,"column":13},"end":{"line":228,"column":30}},{"start":{"line":228,"column":34},"end":{"line":228,"column":95}}],"line":228},"13":{"loc":{"start":{"line":231,"column":13},"end":{"line":231,"column":111}},"type":"binary-expr","locations":[{"start":{"line":231,"column":13},"end":{"line":231,"column":37}},{"start":{"line":231,"column":41},"end":{"line":231,"column":111}}],"line":231},"14":{"loc":{"start":{"line":236,"column":13},"end":{"line":236,"column":83}},"type":"binary-expr","locations":[{"start":{"line":236,"column":13},"end":{"line":236,"column":32}},{"start":{"line":236,"column":36},"end":{"line":236,"column":83}}],"line":236},"15":{"loc":{"start":{"line":239,"column":13},"end":{"line":247,"column":15}},"type":"binary-expr","locations":[{"start":{"line":239,"column":13},"end":{"line":239,"column":17}},{"start":{"line":240,"column":14},"end":{"line":247,"column":14}}],"line":239}},"s":{"0":2,"1":29,"2":29,"3":29,"4":29,"5":29,"6":29,"7":29,"8":29,"9":29,"10":29,"11":29,"12":29,"13":29,"14":29,"15":29,"16":29,"17":29,"18":2,"19":2,"20":2,"21":1,"22":1,"23":1,"24":29,"25":2,"26":2,"27":1,"28":1,"29":1,"30":29,"31":3,"32":3,"33":2,"34":2,"35":1,"36":29,"37":2,"38":2,"39":1,"40":1,"41":1,"42":29,"43":0,"44":0,"45":0,"46":0,"47":29,"48":0,"49":0,"50":0,"51":0,"52":0,"53":0,"54":0,"55":0,"56":0,"57":0,"58":0,"59":0,"60":29,"61":2,"62":2,"63":1,"64":1,"65":1,"66":29,"67":0,"68":0,"69":0,"70":0,"71":0,"72":0,"73":0,"74":0,"75":0,"76":0,"77":0,"78":0,"79":0,"80":29,"81":0,"82":2,"83":2,"84":0,"85":3,"86":2,"87":1,"88":2,"89":0,"90":2},"f":{"0":29,"1":2,"2":2,"3":3,"4":2,"5":0,"6":0,"7":0,"8":0,"9":0,"10":2,"11":0,"12":0,"13":2,"14":2,"15":0,"16":3,"17":2,"18":1,"19":2,"20":0},"b":{"0":[1,1],"1":[1,1],"2":[2,1],"3":[1,1],"4":[0,0],"5":[0,0,0,0,0,0,0,0,0,0,0,0],"6":[0,0],"7":[1,1],"8":[0,0],"9":[0,0],"10":[29,1],"11":[29,1],"12":[29,1],"13":[29,1],"14":[29,1],"15":[29,0]},"_coverageSchema":"1a1c01bbd47fc00a2c39e90264f33305004495a9","hash":"325915e1aa71c703bf86c929965b29bb100246b2"}
,"C:\\Users\\ishas\\Web_Technology\\ReactNative\\Final_Project\\MoneyWise\\Components\\Budget\\Budget.js": {"path":"C:\\Users\\ishas\\Web_Technology\\ReactNative\\Final_Project\\MoneyWise\\Components\\Budget\\Budget.js","statementMap":{"0":{"start":{"line":35,"column":12},"end":{"line":35,"column":38}},"1":{"start":{"line":37,"column":15},"end":{"line":81,"column":1}},"2":{"start":{"line":38,"column":4},"end":{"line":80,"column":6}},"3":{"start":{"line":66,"column":24},"end":{"line":66,"column":136}},"4":{"start":{"line":75,"column":24},"end":{"line":75,"column":136}},"5":{"start":{"line":82,"column":15},"end":{"line":183,"column":2}}},"fnMap":{"0":{"name":"(anonymous_0)","decl":{"start":{"line":37,"column":15},"end":{"line":37,"column":16}},"loc":{"start":{"line":37,"column":35},"end":{"line":81,"column":1}},"line":37},"1":{"name":"(anonymous_1)","decl":{"start":{"line":65,"column":32},"end":{"line":65,"column":33}},"loc":{"start":{"line":66,"column":24},"end":{"line":66,"column":136}},"line":66},"2":{"name":"(anonymous_2)","decl":{"start":{"line":74,"column":32},"end":{"line":74,"column":33}},"loc":{"start":{"line":75,"column":24},"end":{"line":75,"column":136}},"line":75}},"branchMap":{},"s":{"0":1,"1":1,"2":0,"3":0,"4":0,"5":1},"f":{"0":0,"1":0,"2":0},"b":{},"_coverageSchema":"1a1c01bbd47fc00a2c39e90264f33305004495a9","hash":"ea809eff8156c52834b2a011171b28cb1ac63f01"}
,"C:\\Users\\ishas\\Web_Technology\\ReactNative\\Final_Project\\MoneyWise\\Components\\Budget\\Envelope.js": {"path":"C:\\Users\\ishas\\Web_Technology\\ReactNative\\Final_Project\\MoneyWise\\Components\\Budget\\Envelope.js","statementMap":{"0":{"start":{"line":9,"column":15},"end":{"line":9,"column":137}},"1":{"start":{"line":11,"column":17},"end":{"line":373,"column":1}},"2":{"start":{"line":13,"column":44},"end":{"line":13,"column":65}},"3":{"start":{"line":14,"column":70},"end":{"line":14,"column":91}},"4":{"start":{"line":15,"column":40},"end":{"line":15,"column":58}},"5":{"start":{"line":16,"column":59},"end":{"line":16,"column":77}},"6":{"start":{"line":17,"column":52},"end":{"line":17,"column":68}},"7":{"start":{"line":18,"column":48},"end":{"line":18,"column":64}},"8":{"start":{"line":19,"column":56},"end":{"line":19,"column":72}},"9":{"start":{"line":20,"column":34},"end":{"line":20,"column":52}},"10":{"start":{"line":21,"column":56},"end":{"line":21,"column":74}},"11":{"start":{"line":22,"column":77},"end":{"line":22,"column":98}},"12":{"start":{"line":23,"column":55},"end":{"line":23,"column":76}},"13":{"start":{"line":24,"column":54},"end":{"line":24,"column":72}},"14":{"start":{"line":26,"column":4},"end":{"line":28,"column":11}},"15":{"start":{"line":27,"column":8},"end":{"line":27,"column":29}},"16":{"start":{"line":30,"column":31},"end":{"line":47,"column":5}},"17":{"start":{"line":32,"column":8},"end":{"line":45,"column":9}},"18":{"start":{"line":33,"column":27},"end":{"line":33,"column":64}},"19":{"start":{"line":34,"column":25},"end":{"line":34,"column":45}},"20":{"start":{"line":35,"column":12},"end":{"line":35,"column":60}},"21":{"start":{"line":36,"column":12},"end":{"line":36,"column":69}},"22":{"start":{"line":37,"column":35},"end":{"line":37,"column":37}},"23":{"start":{"line":38,"column":12},"end":{"line":40,"column":14}},"24":{"start":{"line":39,"column":16},"end":{"line":39,"column":66}},"25":{"start":{"line":41,"column":12},"end":{"line":41,"column":67}},"26":{"start":{"line":42,"column":12},"end":{"line":42,"column":42}},"27":{"start":{"line":44,"column":12},"end":{"line":44,"column":56}},"28":{"start":{"line":49,"column":4},"end":{"line":51,"column":21}},"29":{"start":{"line":50,"column":8},"end":{"line":50,"column":32}},"30":{"start":{"line":54,"column":24},"end":{"line":69,"column":5}},"31":{"start":{"line":56,"column":8},"end":{"line":68,"column":9}},"32":{"start":{"line":57,"column":12},"end":{"line":57,"column":55}},"33":{"start":{"line":58,"column":12},"end":{"line":58,"column":49}},"34":{"start":{"line":60,"column":13},"end":{"line":68,"column":9}},"35":{"start":{"line":61,"column":12},"end":{"line":61,"column":55}},"36":{"start":{"line":63,"column":13},"end":{"line":68,"column":9}},"37":{"start":{"line":64,"column":12},"end":{"line":64,"column":52}},"38":{"start":{"line":67,"column":12},"end":{"line":67,"column":34}},"39":{"start":{"line":71,"column":27},"end":{"line":77,"column":5}},"40":{"start":{"line":72,"column":19},"end":{"line":72,"column":54}},"41":{"start":{"line":73,"column":20},"end":{"line":73,"column":55}},"42":{"start":{"line":74,"column":8},"end":{"line":74,"column":30}},"43":{"start":{"line":75,"column":8},"end":{"line":75,"column":32}},"44":{"start":{"line":76,"column":8},"end":{"line":76,"column":48}},"45":{"start":{"line":79,"column":35},"end":{"line":83,"column":5}},"46":{"start":{"line":80,"column":8},"end":{"line":80,"column":64}},"47":{"start":{"line":81,"column":8},"end":{"line":81,"column":27}},"48":{"start":{"line":82,"column":8},"end":{"line":82,"column":26}},"49":{"start":{"line":85,"column":40},"end":{"line":106,"column":5}},"50":{"start":{"line":87,"column":8},"end":{"line":87,"column":65}},"51":{"start":{"line":88,"column":8},"end":{"line":88,"column":54}},"52":{"start":{"line":90,"column":8},"end":{"line":103,"column":9}},"53":{"start":{"line":91,"column":12},"end":{"line":91,"column":48}},"54":{"start":{"line":93,"column":13},"end":{"line":103,"column":9}},"55":{"start":{"line":94,"column":12},"end":{"line":94,"column":54}},"56":{"start":{"line":96,"column":13},"end":{"line":103,"column":9}},"57":{"start":{"line":97,"column":12},"end":{"line":97,"column":61}},"58":{"start":{"line":98,"column":12},"end":{"line":98,"column":73}},"59":{"start":{"line":99,"column":12},"end":{"line":99,"column":87}},"60":{"start":{"line":100,"column":12},"end":{"line":100,"column":53}},"61":{"start":{"line":101,"column":12},"end":{"line":101,"column":40}},"62":{"start":{"line":102,"column":12},"end":{"line":102,"column":27}},"63":{"start":{"line":108,"column":34},"end":{"line":132,"column":5}},"64":{"start":{"line":110,"column":8},"end":{"line":110,"column":39}},"65":{"start":{"line":111,"column":8},"end":{"line":111,"column":37}},"66":{"start":{"line":112,"column":8},"end":{"line":130,"column":9}},"67":{"start":{"line":113,"column":12},"end":{"line":113,"column":45}},"68":{"start":{"line":115,"column":13},"end":{"line":130,"column":9}},"69":{"start":{"line":116,"column":12},"end":{"line":116,"column":84}},"70":{"start":{"line":118,"column":13},"end":{"line":130,"column":9}},"71":{"start":{"line":119,"column":12},"end":{"line":119,"column":55}},"72":{"start":{"line":122,"column":12},"end":{"line":122,"column":107}},"73":{"start":{"line":123,"column":12},"end":{"line":123,"column":54}},"74":{"start":{"line":124,"column":12},"end":{"line":124,"column":127}},"75":{"start":{"line":125,"column":12},"end":{"line":125,"column":66}},"76":{"start":{"line":126,"column":12},"end":{"line":126,"column":52}},"77":{"start":{"line":127,"column":12},"end":{"line":127,"column":53}},"78":{"start":{"line":128,"column":12},"end":{"line":128,"column":38}},"79":{"start":{"line":129,"column":12},"end":{"line":129,"column":36}},"80":{"start":{"line":131,"column":8},"end":{"line":131,"column":49}},"81":{"start":{"line":134,"column":33},"end":{"line":143,"column":5}},"82":{"start":{"line":136,"column":26},"end":{"line":136,"column":27}},"83":{"start":{"line":138,"column":8},"end":{"line":140,"column":10}},"84":{"start":{"line":139,"column":12},"end":{"line":139,"column":59}},"85":{"start":{"line":141,"column":8},"end":{"line":141,"column":42}},"86":{"start":{"line":142,"column":8},"end":{"line":142,"column":27}},"87":{"start":{"line":145,"column":27},"end":{"line":157,"column":5}},"88":{"start":{"line":147,"column":28},"end":{"line":147,"column":50}},"89":{"start":{"line":149,"column":8},"end":{"line":155,"column":9}},"90":{"start":{"line":150,"column":12},"end":{"line":150,"column":83}},"91":{"start":{"line":151,"column":12},"end":{"line":151,"column":25}},"92":{"start":{"line":154,"column":12},"end":{"line":154,"column":24}},"93":{"start":{"line":159,"column":23},"end":{"line":205,"column":5}},"94":{"start":{"line":161,"column":28},"end":{"line":161,"column":50}},"95":{"start":{"line":163,"column":8},"end":{"line":165,"column":9}},"96":{"start":{"line":164,"column":12},"end":{"line":164,"column":107}},"97":{"start":{"line":167,"column":8},"end":{"line":204,"column":9}},"98":{"start":{"line":169,"column":29},"end":{"line":169,"column":90}},"99":{"start":{"line":170,"column":27},"end":{"line":176,"column":14}},"100":{"start":{"line":177,"column":12},"end":{"line":177,"column":33}},"101":{"start":{"line":178,"column":12},"end":{"line":180,"column":15}},"102":{"start":{"line":182,"column":22},"end":{"line":182,"column":27}},"103":{"start":{"line":183,"column":12},"end":{"line":189,"column":14}},"104":{"start":{"line":184,"column":16},"end":{"line":188,"column":5}},"105":{"start":{"line":186,"column":5},"end":{"line":186,"column":43}},"106":{"start":{"line":187,"column":20},"end":{"line":187,"column":30}},"107":{"start":{"line":191,"column":12},"end":{"line":196,"column":13}},"108":{"start":{"line":193,"column":16},"end":{"line":195,"column":19}},"109":{"start":{"line":199,"column":12},"end":{"line":199,"column":121}},"110":{"start":{"line":200,"column":12},"end":{"line":200,"column":26}},"111":{"start":{"line":203,"column":12},"end":{"line":203,"column":26}},"112":{"start":{"line":206,"column":26},"end":{"line":222,"column":5}},"113":{"start":{"line":208,"column":8},"end":{"line":220,"column":9}},"114":{"start":{"line":209,"column":12},"end":{"line":219,"column":15}},"115":{"start":{"line":212,"column":35},"end":{"line":212,"column":64}},"116":{"start":{"line":217,"column":35},"end":{"line":217,"column":47}},"117":{"start":{"line":224,"column":24},"end":{"line":228,"column":5}},"118":{"start":{"line":225,"column":8},"end":{"line":225,"column":26}},"119":{"start":{"line":226,"column":8},"end":{"line":226,"column":37}},"120":{"start":{"line":227,"column":8},"end":{"line":227,"column":34}},"121":{"start":{"line":230,"column":4},"end":{"line":372,"column":6}},"122":{"start":{"line":248,"column":28},"end":{"line":267,"column":35}},"123":{"start":{"line":250,"column":103},"end":{"line":250,"column":132}},"124":{"start":{"line":263,"column":105},"end":{"line":263,"column":126}},"125":{"start":{"line":283,"column":28},"end":{"line":283,"column":85}},"126":{"start":{"line":290,"column":58},"end":{"line":290,"column":85}},"127":{"start":{"line":297,"column":51},"end":{"line":297,"column":80}},"128":{"start":{"line":308,"column":28},"end":{"line":308,"column":59}},"129":{"start":{"line":309,"column":28},"end":{"line":309,"column":57}},"130":{"start":{"line":310,"column":28},"end":{"line":310,"column":54}},"131":{"start":{"line":311,"column":28},"end":{"line":311,"column":52}},"132":{"start":{"line":331,"column":40},"end":{"line":338,"column":41}},"133":{"start":{"line":332,"column":44},"end":{"line":332,"column":76}},"134":{"start":{"line":333,"column":44},"end":{"line":333,"column":73}},"135":{"start":{"line":336,"column":44},"end":{"line":336,"column":72}},"136":{"start":{"line":337,"column":44},"end":{"line":337,"column":70}},"137":{"start":{"line":344,"column":58},"end":{"line":344,"column":83}},"138":{"start":{"line":350,"column":58},"end":{"line":350,"column":81}},"139":{"start":{"line":377,"column":15},"end":{"line":588,"column":2}}},"fnMap":{"0":{"name":"(anonymous_0)","decl":{"start":{"line":11,"column":17},"end":{"line":11,"column":18}},"loc":{"start":{"line":11,"column":28},"end":{"line":373,"column":1}},"line":11},"1":{"name":"(anonymous_1)","decl":{"start":{"line":26,"column":20},"end":{"line":26,"column":21}},"loc":{"start":{"line":26,"column":26},"end":{"line":28,"column":5}},"line":26},"2":{"name":"(anonymous_2)","decl":{"start":{"line":30,"column":31},"end":{"line":30,"column":32}},"loc":{"start":{"line":30,"column":43},"end":{"line":47,"column":5}},"line":30},"3":{"name":"(anonymous_3)","decl":{"start":{"line":38,"column":46},"end":{"line":38,"column":47}},"loc":{"start":{"line":38,"column":56},"end":{"line":40,"column":13}},"line":38},"4":{"name":"(anonymous_4)","decl":{"start":{"line":49,"column":20},"end":{"line":49,"column":21}},"loc":{"start":{"line":49,"column":26},"end":{"line":51,"column":5}},"line":49},"5":{"name":"(anonymous_5)","decl":{"start":{"line":54,"column":24},"end":{"line":54,"column":25}},"loc":{"start":{"line":54,"column":30},"end":{"line":69,"column":5}},"line":54},"6":{"name":"(anonymous_6)","decl":{"start":{"line":71,"column":27},"end":{"line":71,"column":28}},"loc":{"start":{"line":71,"column":38},"end":{"line":77,"column":5}},"line":71},"7":{"name":"(anonymous_7)","decl":{"start":{"line":79,"column":35},"end":{"line":79,"column":36}},"loc":{"start":{"line":79,"column":46},"end":{"line":83,"column":5}},"line":79},"8":{"name":"(anonymous_8)","decl":{"start":{"line":85,"column":40},"end":{"line":85,"column":41}},"loc":{"start":{"line":85,"column":46},"end":{"line":106,"column":5}},"line":85},"9":{"name":"(anonymous_9)","decl":{"start":{"line":108,"column":34},"end":{"line":108,"column":35}},"loc":{"start":{"line":108,"column":40},"end":{"line":132,"column":5}},"line":108},"10":{"name":"(anonymous_10)","decl":{"start":{"line":134,"column":33},"end":{"line":134,"column":34}},"loc":{"start":{"line":134,"column":39},"end":{"line":143,"column":5}},"line":134},"11":{"name":"(anonymous_11)","decl":{"start":{"line":138,"column":35},"end":{"line":138,"column":36}},"loc":{"start":{"line":138,"column":45},"end":{"line":140,"column":9}},"line":138},"12":{"name":"(anonymous_12)","decl":{"start":{"line":145,"column":27},"end":{"line":145,"column":28}},"loc":{"start":{"line":145,"column":33},"end":{"line":157,"column":5}},"line":145},"13":{"name":"(anonymous_13)","decl":{"start":{"line":159,"column":23},"end":{"line":159,"column":24}},"loc":{"start":{"line":159,"column":35},"end":{"line":205,"column":5}},"line":159},"14":{"name":"(anonymous_14)","decl":{"start":{"line":183,"column":39},"end":{"line":183,"column":40}},"loc":{"start":{"line":183,"column":48},"end":{"line":189,"column":13}},"line":183},"15":{"name":"(anonymous_15)","decl":{"start":{"line":206,"column":26},"end":{"line":206,"column":27}},"loc":{"start":{"line":206,"column":32},"end":{"line":222,"column":5}},"line":206},"16":{"name":"(anonymous_16)","decl":{"start":{"line":212,"column":29},"end":{"line":212,"column":30}},"loc":{"start":{"line":212,"column":35},"end":{"line":212,"column":64}},"line":212},"17":{"name":"(anonymous_17)","decl":{"start":{"line":217,"column":29},"end":{"line":217,"column":30}},"loc":{"start":{"line":217,"column":35},"end":{"line":217,"column":47}},"line":217},"18":{"name":"(anonymous_18)","decl":{"start":{"line":224,"column":24},"end":{"line":224,"column":25}},"loc":{"start":{"line":224,"column":30},"end":{"line":228,"column":5}},"line":224},"19":{"name":"(anonymous_19)","decl":{"start":{"line":247,"column":36},"end":{"line":247,"column":37}},"loc":{"start":{"line":248,"column":28},"end":{"line":267,"column":35}},"line":248},"20":{"name":"(anonymous_20)","decl":{"start":{"line":250,"column":97},"end":{"line":250,"column":98}},"loc":{"start":{"line":250,"column":103},"end":{"line":250,"column":132}},"line":250},"21":{"name":"(anonymous_21)","decl":{"start":{"line":263,"column":99},"end":{"line":263,"column":100}},"loc":{"start":{"line":263,"column":105},"end":{"line":263,"column":126}},"line":263},"22":{"name":"(anonymous_22)","decl":{"start":{"line":282,"column":40},"end":{"line":282,"column":41}},"loc":{"start":{"line":282,"column":46},"end":{"line":284,"column":25}},"line":282},"23":{"name":"(anonymous_23)","decl":{"start":{"line":290,"column":50},"end":{"line":290,"column":51}},"loc":{"start":{"line":290,"column":58},"end":{"line":290,"column":85}},"line":290},"24":{"name":"(anonymous_24)","decl":{"start":{"line":297,"column":45},"end":{"line":297,"column":46}},"loc":{"start":{"line":297,"column":51},"end":{"line":297,"column":80}},"line":297},"25":{"name":"(anonymous_25)","decl":{"start":{"line":307,"column":40},"end":{"line":307,"column":41}},"loc":{"start":{"line":307,"column":46},"end":{"line":312,"column":25}},"line":307},"26":{"name":"(anonymous_26)","decl":{"start":{"line":330,"column":46},"end":{"line":330,"column":47}},"loc":{"start":{"line":330,"column":56},"end":{"line":340,"column":37}},"line":330},"27":{"name":"(anonymous_27)","decl":{"start":{"line":344,"column":50},"end":{"line":344,"column":51}},"loc":{"start":{"line":344,"column":58},"end":{"line":344,"column":83}},"line":344},"28":{"name":"
[...]
t":{"line":57,"column":1},"end":{"line":61,"column":22}},"28":{"start":{"line":59,"column":2},"end":{"line":59,"column":35}},"29":{"start":{"line":60,"column":2},"end":{"line":60,"column":35}},"30":{"start":{"line":63,"column":23},"end":{"line":70,"column":2}},"31":{"start":{"line":64,"column":19},"end":{"line":64,"column":45}},"32":{"start":{"line":65,"column":2},"end":{"line":68,"column":98}},"33":{"start":{"line":66,"column":3},"end":{"line":66,"column":104}},"34":{"start":{"line":68,"column":3},"end":{"line":68,"column":98}},"35":{"start":{"line":72,"column":28},"end":{"line":94,"column":2}},"36":{"start":{"line":73,"column":2},"end":{"line":93,"column":3}},"37":{"start":{"line":74,"column":23},"end":{"line":74,"column":25}},"38":{"start":{"line":75,"column":25},"end":{"line":75,"column":99}},"39":{"start":{"line":76,"column":3},"end":{"line":86,"column":6}},"40":{"start":{"line":77,"column":17},"end":{"line":77,"column":27}},"41":{"start":{"line":78,"column":19},"end":{"line":84,"column":5}},"42":{"start":{"line":85,"column":4},"end":{"line":85,"column":29}},"43":{"start":{"line":87,"column":3},"end":{"line":87,"column":33}},"44":{"start":{"line":92,"column":3},"end":{"line":92,"column":47}},"45":{"start":{"line":96,"column":29},"end":{"line":118,"column":2}},"46":{"start":{"line":97,"column":2},"end":{"line":117,"column":3}},"47":{"start":{"line":98,"column":23},"end":{"line":98,"column":25}},"48":{"start":{"line":99,"column":25},"end":{"line":99,"column":100}},"49":{"start":{"line":100,"column":3},"end":{"line":110,"column":6}},"50":{"start":{"line":101,"column":17},"end":{"line":101,"column":27}},"51":{"start":{"line":102,"column":19},"end":{"line":108,"column":5}},"52":{"start":{"line":109,"column":4},"end":{"line":109,"column":29}},"53":{"start":{"line":111,"column":3},"end":{"line":111,"column":34}},"54":{"start":{"line":116,"column":3},"end":{"line":116,"column":47}},"55":{"start":{"line":120,"column":41},"end":{"line":174,"column":2}},"56":{"start":{"line":121,"column":22},"end":{"line":121,"column":24}},"57":{"start":{"line":122,"column":16},"end":{"line":122,"column":18}},"58":{"start":{"line":123,"column":2},"end":{"line":123,"column":61}},"59":{"start":{"line":124,"column":20},"end":{"line":124,"column":35}},"60":{"start":{"line":125,"column":19},"end":{"line":125,"column":37}},"61":{"start":{"line":127,"column":2},"end":{"line":152,"column":4}},"62":{"start":{"line":129,"column":20},"end":{"line":129,"column":64}},"63":{"start":{"line":130,"column":19},"end":{"line":130,"column":65}},"64":{"start":{"line":131,"column":20},"end":{"line":131,"column":38}},"65":{"start":{"line":132,"column":19},"end":{"line":132,"column":40}},"66":{"start":{"line":136,"column":3},"end":{"line":150,"column":4}},"67":{"start":{"line":137,"column":4},"end":{"line":137,"column":25}},"68":{"start":{"line":138,"column":17},"end":{"line":138,"column":80}},"69":{"start":{"line":139,"column":4},"end":{"line":139,"column":27}},"70":{"start":{"line":141,"column":8},"end":{"line":150,"column":4}},"71":{"start":{"line":142,"column":4},"end":{"line":149,"column":6}},"72":{"start":{"line":143,"column":5},"end":{"line":143,"column":37}},"73":{"start":{"line":144,"column":5},"end":{"line":147,"column":6}},"74":{"start":{"line":145,"column":6},"end":{"line":145,"column":53}},"75":{"start":{"line":146,"column":6},"end":{"line":146,"column":30}},"76":{"start":{"line":153,"column":2},"end":{"line":153,"column":39}},"77":{"start":{"line":156,"column":2},"end":{"line":158,"column":5}},"78":{"start":{"line":157,"column":3},"end":{"line":157,"column":63}},"79":{"start":{"line":160,"column":2},"end":{"line":160,"column":42}},"80":{"start":{"line":162,"column":19},"end":{"line":162,"column":21}},"81":{"start":{"line":163,"column":20},"end":{"line":163,"column":22}},"82":{"start":{"line":165,"column":2},"end":{"line":168,"column":4}},"83":{"start":{"line":166,"column":3},"end":{"line":166,"column":43}},"84":{"start":{"line":167,"column":3},"end":{"line":167,"column":30}},"85":{"start":{"line":170,"column":2},"end":{"line":170,"column":26}},"86":{"start":{"line":171,"column":2},"end":{"line":171,"column":23}},"87":{"start":{"line":173,"column":2},"end":{"line":173,"column":33}},"88":{"start":{"line":176,"column":41},"end":{"line":225,"column":2}},"89":{"start":{"line":177,"column":22},"end":{"line":177,"column":24}},"90":{"start":{"line":178,"column":16},"end":{"line":178,"column":18}},"91":{"start":{"line":179,"column":2},"end":{"line":179,"column":61}},"92":{"start":{"line":180,"column":20},"end":{"line":180,"column":35}},"93":{"start":{"line":181,"column":19},"end":{"line":181,"column":37}},"94":{"start":{"line":183,"column":2},"end":{"line":205,"column":4}},"95":{"start":{"line":185,"column":20},"end":{"line":185,"column":63}},"96":{"start":{"line":186,"column":19},"end":{"line":186,"column":64}},"97":{"start":{"line":187,"column":20},"end":{"line":187,"column":38}},"98":{"start":{"line":188,"column":19},"end":{"line":188,"column":40}},"99":{"start":{"line":190,"column":3},"end":{"line":203,"column":4}},"100":{"start":{"line":191,"column":4},"end":{"line":191,"column":25}},"101":{"start":{"line":192,"column":17},"end":{"line":192,"column":79}},"102":{"start":{"line":193,"column":4},"end":{"line":193,"column":27}},"103":{"start":{"line":195,"column":8},"end":{"line":203,"column":4}},"104":{"start":{"line":196,"column":4},"end":{"line":202,"column":6}},"105":{"start":{"line":197,"column":5},"end":{"line":197,"column":37}},"106":{"start":{"line":198,"column":5},"end":{"line":200,"column":6}},"107":{"start":{"line":199,"column":6},"end":{"line":199,"column":52}},"108":{"start":{"line":207,"column":2},"end":{"line":207,"column":39}},"109":{"start":{"line":209,"column":2},"end":{"line":211,"column":5}},"110":{"start":{"line":210,"column":3},"end":{"line":210,"column":63}},"111":{"start":{"line":213,"column":2},"end":{"line":213,"column":38}},"112":{"start":{"line":215,"column":19},"end":{"line":215,"column":21}},"113":{"start":{"line":216,"column":20},"end":{"line":216,"column":22}},"114":{"start":{"line":217,"column":2},"end":{"line":220,"column":4}},"115":{"start":{"line":218,"column":3},"end":{"line":218,"column":43}},"116":{"start":{"line":219,"column":3},"end":{"line":219,"column":30}},"117":{"start":{"line":221,"column":2},"end":{"line":221,"column":26}},"118":{"start":{"line":222,"column":2},"end":{"line":222,"column":23}},"119":{"start":{"line":224,"column":2},"end":{"line":224,"column":33}},"120":{"start":{"line":228,"column":1},"end":{"line":347,"column":3}},"121":{"start":{"line":236,"column":65},"end":{"line":236,"column":81}},"122":{"start":{"line":275,"column":32},"end":{"line":275,"column":65}},"123":{"start":{"line":276,"column":37},"end":{"line":276,"column":70}},"124":{"start":{"line":321,"column":32},"end":{"line":321,"column":65}},"125":{"start":{"line":322,"column":37},"end":{"line":322,"column":70}},"126":{"start":{"line":352,"column":15},"end":{"line":398,"column":2}}},"fnMap":{"0":{"name":"(anonymous_0)","decl":{"start":{"line":20,"column":22},"end":{"line":20,"column":23}},"loc":{"start":{"line":20,"column":28},"end":{"line":348,"column":1}},"line":20},"1":{"name":"(anonymous_1)","decl":{"start":{"line":36,"column":38},"end":{"line":36,"column":39}},"loc":{"start":{"line":36,"column":49},"end":{"line":36,"column":63}},"line":36},"2":{"name":"(anonymous_2)","decl":{"start":{"line":39,"column":2},"end":{"line":39,"column":3}},"loc":{"start":{"line":39,"column":22},"end":{"line":43,"column":3}},"line":39},"3":{"name":"(anonymous_3)","decl":{"start":{"line":47,"column":17},"end":{"line":47,"column":18}},"loc":{"start":{"line":47,"column":23},"end":{"line":50,"column":2}},"line":47},"4":{"name":"(anonymous_4)","decl":{"start":{"line":52,"column":17},"end":{"line":52,"column":18}},"loc":{"start":{"line":52,"column":23},"end":{"line":55,"column":2}},"line":52},"5":{"name":"(anonymous_5)","decl":{"start":{"line":57,"column":17},"end":{"line":57,"column":18}},"loc":{"start":{"line":57,"column":23},"end":{"line":61,"column":2}},"line":57},"6":{"name":"(anonymous_6)","decl":{"start":{"line":63,"column":23},"end":{"line":63,"column":24}},"loc":{"start":{"line":63,"column":38},"end":{"line":70,"column":2}},"line":63},"7":{"name":"(anonymous_7)","decl":{"start":{"line":72,"column":28},"end":{"line":72,"column":29}},"loc":{"start":{"line":72,"column":40},"end":{"line":94,"column":2}},"line":72},"8":{"name":"(anonymous_8)","decl":{"start":{"line":76,"column":25},"end":{"line":76,"column":26}},"loc":{"start":{"line":76,"column":34},"end":{"line":86,"column":4}},"line":76},"9":{"name":"(anonymous_9)","decl":{"start":{"line":96,"column":29},"end":{"line":96,"column":30}},"loc":{"start":{"line":96,"column":41},"end":{"line":118,"column":2}},"line":96},"10":{"name":"(anonymous_10)","decl":{"start":{"line":100,"column":25},"end":{"line":100,"column":26}},"loc":{"start":{"line":100,"column":34},"end":{"line":110,"column":4}},"line":100},"11":{"name":"(anonymous_11)","decl":{"start":{"line":120,"column":41},"end":{"line":120,"column":42}},"loc":{"start":{"line":120,"column":47},"end":{"line":174,"column":2}},"line":120},"12":{"name":"(anonymous_12)","decl":{"start":{"line":127,"column":25},"end":{"line":127,"column":26}},"loc":{"start":{"line":127,"column":44},"end":{"line":152,"column":3}},"line":127},"13":{"name":"(anonymous_13)","decl":{"start":{"line":142,"column":24},"end":{"line":142,"column":25}},"loc":{"start":{"line":142,"column":34},"end":{"line":149,"column":5}},"line":142},"14":{"name":"(anonymous_14)","decl":{"start":{"line":156,"column":19},"end":{"line":156,"column":20}},"loc":{"start":{"line":156,"column":29},"end":{"line":158,"column":3}},"line":156},"15":{"name":"(anonymous_15)","decl":{"start":{"line":165,"column":22},"end":{"line":165,"column":23}},"loc":{"start":{"line":165,"column":32},"end":{"line":168,"column":3}},"line":165},"16":{"name":"(anonymous_16)","decl":{"start":{"line":176,"column":41},"end":{"line":176,"column":42}},"loc":{"start":{"line":176,"column":47},"end":{"line":225,"column":2}},"line":176},"17":{"name":"(anonymous_17)","decl":{"start":{"line":183,"column":24},"end":{"line":183,"column":25}},"loc":{"start":{"line":183,"column":42},"end":{"line":205,"column":3}},"line":183},"18":{"name":"(anonymous_18)","decl":{"start":{"line":196,"column":24},"end":{"line":196,"column":25}},"loc":{"start":{"line":196,"column":34},"end":{"line":202,"column":5}},"line":196},"19":{"name":"(anonymous_19)","decl":{"start":{"line":209,"column":19},"end":{"line":209,"column":20}},"loc":{"start":{"line":209,"column":29},"end":{"line":211,"column":3}},"line":209},"20":{"name":"(anonymous_20)","decl":{"start":{"line":217,"column":22},"end":{"line":217,"column":23}},"loc":{"start":{"line":217,"column":32},"end":{"line":220,"column":3}},"line":217},"21":{"name":"(anonymous_21)","decl":{"start":{"line":236,"column":59},"end":{"line":236,"column":60}},"loc":{"start":{"line":236,"column":65},"end":{"line":236,"column":81}},"line":236},"22":{"name":"(anonymous_22)","decl":{"start":{"line":275,"column":15},"end":{"line":275,"column":16}},"loc":{"start":{"line":275,"column":32},"end":{"line":275,"column":65}},"line":275},"23":{"name":"(anonymous_23)","decl":{"start":{"line":276,"column":20},"end":{"line":276,"column":21}},"loc":{"start":{"line":276,"column":37},"end":{"line":276,"column":70}},"line":276},"24":{"name":"(anonymous_24)","decl":{"start":{"line":321,"column":15},"end":{"line":321,"column":16}},"loc":{"start":{"line":321,"column":32},"end":{"line":321,"column":65}},"line":321},"25":{"name":"(anonymous_25)","decl":{"start":{"line":322,"column":20},"end":{"line":322,"column":21}},"loc":{"start":{"line":322,"column":37},"end":{"line":322,"column":70}},"line":322}},"branchMap":{"0":{"loc":{"start":{"line":40,"column":24},"end":{"line":40,"column":39}},"type":"binary-expr","locations":[{"start":{"line":40,"column":24},"end":{"line":40,"column":31}},{"start":{"line":40,"column":35},"end":{"line":40,"column":39}}],"line":40},"1":{"loc":{"start":{"line":65,"column":2},"end":{"line":68,"column":98}},"type":"if","locations":[{"start":{"line":65,"column":2},"end":{"line":68,"column":98}},{"start":{"line":68,"column":3},"end":{"line":68,"column":98}}],"line":65},"2":{"loc":{"start":{"line":136,"column":3},"end":{"line":150,"column":4}},"type":"if","locations":[{"start":{"line":136,"column":3},"end":{"line":150,"column":4}},{"start":{"line":141,"column":8},"end":{"line":150,"column":4}}],"line":136},"3":{"loc":{"start":{"line":136,"column":7},"end":{"line":136,"column":80}},"type":"binary-expr","locations":[{"start":{"line":136,"column":7},"end":{"line":136,"column":32}},{"start":{"line":136,"column":36},"end":{"line":136,"column":57}},{"start":{"line":136,"column":61},"end":{"line":136,"column":80}}],"line":136},"4":{"loc":{"start":{"line":141,"column":8},"end":{"line":150,"column":4}},"type":"if","locations":[{"start":{"line":141,"column":8},"end":{"line":150,"column":4}},{"start":{},"end":{}}],"line":141},"5":{"loc":{"start":{"line":141,"column":12},"end":{"line":141,"column":56}},"type":"binary-expr","locations":[{"start":{"line":141,"column":12},"end":{"line":141,"column":33}},{"start":{"line":141,"column":37},"end":{"line":141,"column":56}}],"line":141},"6":{"loc":{"start":{"line":144,"column":5},"end":{"line":147,"column":6}},"type":"if","locations":[{"start":{"line":144,"column":5},"end":{"line":147,"column":6}},{"start":{},"end":{}}],"line":144},"7":{"loc":{"start":{"line":157,"column":10},"end":{"line":157,"column":62}},"type":"cond-expr","locations":[{"start":{"line":157,"column":30},"end":{"line":157,"column":31}},{"start":{"line":157,"column":35},"end":{"line":157,"column":61}}],"line":157},"8":{"loc":{"start":{"line":157,"column":35},"end":{"line":157,"column":61}},"type":"cond-expr","locations":[{"start":{"line":157,"column":55},"end":{"line":157,"column":57}},{"start":{"line":157,"column":60},"end":{"line":157,"column":61}}],"line":157},"9":{"loc":{"start":{"line":190,"column":3},"end":{"line":203,"column":4}},"type":"if","locations":[{"start":{"line":190,"column":3},"end":{"line":203,"column":4}},{"start":{"line":195,"column":8},"end":{"line":203,"column":4}}],"line":190},"10":{"loc":{"start":{"line":190,"column":7},"end":{"line":190,"column":80}},"type":"binary-expr","locations":[{"start":{"line":190,"column":7},"end":{"line":190,"column":32}},{"start":{"line":190,"column":36},"end":{"line":190,"column":57}},{"start":{"line":190,"column":61},"end":{"line":190,"column":80}}],"line":190},"11":{"loc":{"start":{"line":195,"column":8},"end":{"line":203,"column":4}},"type":"if","locations":[{"start":{"line":195,"column":8},"end":{"line":203,"column":4}},{"start":{},"end":{}}],"line":195},"12":{"loc":{"start":{"line":195,"column":12},"end":{"line":195,"column":56}},"type":"binary-expr","locations":[{"start":{"line":195,"column":12},"end":{"line":195,"column":33}},{"start":{"line":195,"column":37},"end":{"line":195,"column":56}}],"line":195},"13":{"loc":{"start":{"line":198,"column":5},"end":{"line":200,"column":6}},"type":"if","locations":[{"start":{"line":198,"column":5},"end":{"line":200,"column":6}},{"start":{},"end":{}}],"line":198},"14":{"loc":{"start":{"line":210,"column":10},"end":{"line":210,"column":62}},"type":"cond-expr","locations":[{"start":{"line":210,"column":30},"end":{"line":210,"column":31}},{"start":{"line":210,"column":35},"end":{"line":210,"column":61}}],"line":210},"15":{"loc":{"start":{"line":210,"column":35},"end":{"line":210,"column":61}},"type":"cond-expr","locations":[{"start":{"line":210,"column":55},"end":{"line":210,"column":57}},{"start":{"line":210,"column":60},"end":{"line":210,"column":61}}],"line":210},"16":{"loc":{"start":{"line":259,"column":16},"end":{"line":259,"column":57}},"type":"cond-expr","locations":[{"start":{"line":259,"column":42},"end":{"line":259,"column":45}},{"start":{"line":259,"column":48},"end":{"line":259,"column":57}}],"line":259},"17":{"loc":{"start":{"line":262,"column":16},"end":{"line":262,"column":53}},"type":"cond-expr","locations":[{"start":{"line":262,"column":40},"end":{"line":262,"column":43}},{"start":{"line":262,"column":46},"end":{"line":262,"column":53}}],"line":262},"18":{"loc":{"start":{"line":275,"column":16},"end":{"line":275,"column":27}},"type":"default-arg","locations":[{"start":{"line":275,"column":26},"end":{"line":275,"column":27}}],"line":275},"19":{"loc":{"start":{"line":276,"column":21},"end":{"line":276,"column":32}},"type":"default-arg","locations":[{"start":{"line":276,"column":31},"end":{"line":276,"column":32}}],"line":276},"20":{"loc":{"start":{"line":305,"column":16},"end":{"line":305,"column":57}},"type":"cond-expr","locations":[{"start":{"line":305,"column":42},"end":{"line":305,"column":45}},{"start":{"line":305,"column":48},"end":{"line":305,"column":57}}],"line":305},"21":{"loc":{"start":{"line":308,"column":16},"end":{"line":308,"column":53}},"type":"cond-expr","locations":[{"start":{"line":308,"column":40},"end":{"line":308,"column":43}},{"start":{"line":308,"column":46},"end":{"line":308,"column":53}}],"line":308},"22":{"loc":{"start":{"line":321,"column":16},"end":{"line":321,"column":27}},"type":"default-arg","locations":[{"start":{"line":321,"column":26},"end":{"line":321,"column":27}}],"line":321},"23":{"loc":{"start":{"line":322,"column":21},"end":{"line":322,"column":32}},"type":"default-arg","locations":[{"start":{"line":322,"column":31},"end":{"line":322,"column":32}}],"line":322}},"s":{"0":2,"1":2,"2":10,"3":10,"4":10,"5":10,"6":10,"7":10,"8":10,"9":10,"10":10,"11":10,"12":10,"13":10,"14":10,"15":10,"16":2,"17":10,"18":1,"19":1,"20":1,"21":10,"22":1,"23":1,"24":10,"25":1,"26":1,"27":10,"28":2,"29":2,"30":10,"31":5,"32":5,"33":1,"34":4,"35":10,"36":2,"37":2,"38":2,"39":2,"40":2,"41":2,"42":2,"43":1,"44":1,"45":10,"46":2,"47":2,"48":2,"49":2,"50":3,"51":3,"52":3,"53":1,"54":1,"55":10,"56":2,"57":2,"58":2,"59":2,"60":2,"61":2,"62":3,"63":3,"64":3,"65":3,"66":3,"67":2,"68":2,"69":2,"70":1,"71":1,"72":1,"73":1,"74":1,"75":1,"76":2,"77":2,"78":1,"79":2,"80":2,"81":2,"82":2,"83":2,"84":2,"85":2,"86":2,"87":2,"88":10,"89":2,"90":2,"91":2,"92":2,"93":2,"94":2,"95":2,"96":2,"97":2,"98":2,"99":2,"100":1,"101":1,"102":1,"103":1,"104":1,"105":1,"106":1,"107":1,"108":2,"109":2,"110":0,"111":2,"112":2,"113":2,"114":2,"115":1,"116":1,"117":2,"118":2,"119":2,"120":10,"121":1,"122":35,"123":20,"124":40,"125":30,"126":2},"f":{"0":10,"1":2,"2":1,"3":1,"4":1,"5":2,"6":5,"7":2,"8":2,"9":2,"10":3,"11":2,"12":3,"13":1,"14":1,"15":2,"16":2,"17":2,"18":1,"19":0,"20":1,"21":1,"22":35,"23":20,"24":40,"25":30},"b":{"0":[1,0],"1":[1,4],"2":[2,1],"3":[3,2,2],"4":[1,0],"5":[1,1],"6":[1,0],"7":[0,1],"8":[1,0],"9":[1,1],"10":[2,1,1],"11":[1,0],"12":[1,1],"13":[1,0],"14":[0,0],"15":[0,0],"16":[9,1],"17":[9,1],"18":[0],"19":[0],"20":[9,1],"21":[9,1],"22":[0],"23":[0]},"_coverageSchema":"1a1c01bbd47fc00a2c39e90264f33305004495a9","hash":"3f4447513ee79d81e2611bb5e716e791d2467b73"}
,"C:\\Users\\ishas\\Web_Technology\\ReactNative\\Final_Project\\MoneyWise\\Firebase\\config.js": {"path":"C:\\Users\\ishas\\Web_Technology\\ReactNative\\Final_Project\\MoneyWise\\Firebase\\config.js","statementMap":{"0":{"start":{"line":13,"column":23},"end":{"line":21,"column":1}},"1":{"start":{"line":24,"column":12},"end":{"line":24,"column":77}},"2":{"start":{"line":30,"column":13},"end":{"line":32,"column":4}},"3":{"start":{"line":34,"column":11},"end":{"line":37,"column":2}},"4":{"start":{"line":39,"column":16},"end":{"line":39,"column":31}}},"fnMap":{},"branchMap":{"0":{"loc":{"start":{"line":24,"column":12},"end":{"line":24,"column":77}},"type":"cond-expr","locations":[{"start":{"line":24,"column":37},"end":{"line":24,"column":66}},{"start":{"line":24,"column":69},"end":{"line":24,"column":77}}],"line":24}},"s":{"0":4,"1":4,"2":4,"3":4,"4":4},"f":{},"b":{"0":[4,0]},"_coverageSchema":"1a1c01bbd47fc00a2c39e90264f33305004495a9","hash":"f0ac77e607a950eb618f93e02da8960e60b07d92"}
}
