TN:
SF:App.js
FN:31,Root
FN:33,(anonymous_1)
FN:37,(anonymous_2)
FN:44,(anonymous_3)
FN:45,(anonymous_4)
FN:66,(anonymous_5)
FN:67,(anonymous_6)
FN:78,(anonymous_7)
FN:79,(anonymous_8)
FN:90,(anonymous_9)
FN:91,(anonymous_10)
FN:104,(anonymous_11)
FN:111,(anonymous_12)
FN:112,(anonymous_13)
FN:114,(anonymous_14)
FN:115,(anonymous_15)
FN:116,(anonymous_16)
FN:117,(anonymous_17)
FN:118,(anonymous_18)
FN:119,(anonymous_19)
FN:120,(anonymous_20)
FN:121,(anonymous_21)
FN:122,(anonymous_22)
FN:123,(anonymous_23)
FNF:24
FNH:1
FNDA:0,Root
FNDA:0,(anonymous_1)
FNDA:0,(anonymous_2)
FNDA:0,(anonymous_3)
FNDA:0,(anonymous_4)
FNDA:0,(anonymous_5)
FNDA:0,(anonymous_6)
FNDA:0,(anonymous_7)
FNDA:0,(anonymous_8)
FNDA:0,(anonymous_9)
FNDA:0,(anonymous_10)
FNDA:1,(anonymous_11)
FNDA:0,(anonymous_12)
FNDA:0,(anonymous_13)
FNDA:0,(anonymous_14)
FNDA:0,(anonymous_15)
FNDA:0,(anonymous_16)
FNDA:0,(anonymous_17)
FNDA:0,(anonymous_18)
FNDA:0,(anonymous_19)
FNDA:0,(anonymous_20)
FNDA:0,(anonymous_21)
FNDA:0,(anonymous_22)
FNDA:0,(anonymous_23)
DA:27,1
DA:28,1
DA:32,0
DA:33,0
DA:38,0
DA:44,0
DA:46,0
DA:66,0
DA:68,0
DA:78,0
DA:80,0
DA:90,0
DA:92,0
DA:104,1
DA:105,1
DA:111,0
DA:112,0
DA:114,0
DA:115,0
DA:116,0
DA:117,0
DA:118,0
DA:119,0
DA:120,0
DA:121,0
DA:122,0
DA:123,0
DA:131,1
LF:28
LH:5
BRDA:40,0,0,0
BRDA:40,0,1,0
BRDA:70,1,0,0
BRDA:70,1,1,0
BRDA:82,2,0,0
BRDA:82,2,1,0
BRDA:94,3,0,0
BRDA:94,3,1,0
BRF:8
BRH:0
end_of_record
TN:
SF:Assets\BCurve.jpeg
FNF:0
FNH:0
DA:1,1
LF:1
LH:1
BRF:0
BRH:0
end_of_record
TN:
SF:Assets\Background.jpg
FNF:0
FNH:0
DA:1,4
LF:1
LH:1
BRF:0
BRH:0
end_of_record
TN:
SF:Assets\W2.png
FNF:0
FNH:0
DA:1,1
LF:1
LH:1
BRF:0
BRH:0
end_of_record
TN:
SF:Assets\add.png
FNF:0
FNH:0
DA:1,1
LF:1
LH:1
BRF:0
BRH:0
end_of_record
TN:
SF:Assets\balance.png
FNF:0
FNH:0
DA:1,1
LF:1
LH:1
BRF:0
BRH:0
end_of_record
TN:
SF:Assets\bank.png
FNF:0
FNH:0
DA:1,1
LF:1
LH:1
BRF:0
BRH:0
end_of_record
TN:
SF:Assets\calendar.png
FNF:0
FNH:0
DA:1,2
LF:1
LH:1
BRF:0
BRH:0
end_of_record
TN:
SF:Assets\email.png
FNF:0
FNH:0
DA:1,1
LF:1
LH:1
BRF:0
BRH:0
end_of_record
TN:
SF:Assets\profile1.png
FNF:0
FNH:0
DA:1,2
LF:1
LH:1
BRF:0
BRH:0
end_of_record
TN:
SF:Assets\telephone.png
FNF:0
FNH:0
DA:1,2
LF:1
LH:1
BRF:0
BRH:0
end_of_record
TN:
SF:Assets\uploadReceiptIcon.png
FNF:0
FNH:0
DA:1,1
LF:1
LH:1
BRF:0
BRH:0
end_of_record
TN:
SF:Components\Background.js
FN:6,(anonymous_0)
FNF:1
FNH:1
FNDA:14,(anonymous_0)
DA:6,6
DA:9,14
LF:2
LH:2
BRF:0
BRH:0
end_of_record
TN:
SF:Components\Btn.js
FN:4,Btn
FNF:1
FNH:0
FNDA:0,Btn
DA:5,0
LF:1
LH:0
BRF:0
BRH:0
end_of_record
TN:
SF:Components\Constants.js
FNF:0
FNH:0
DA:1,8
LF:1
LH:1
BRF:0
BRH:0
end_of_record
TN:
SF:Components\DrawerContent.js
FN:25,DrawerContent
FN:30,(anonymous_1)
FN:34,(anonymous_2)
FN:48,(anonymous_3)
FN:51,(anonymous_4)
FN:55,(anonymous_5)
FN:118,(anonymous_6)
FNF:7
FNH:0
FNDA:0,DrawerContent
FNDA:0,(anonymous_1)
FNDA:0,(anonymous_2)
FNDA:0,(anonymous_3)
FNDA:0,(anonymous_4)
FNDA:0,(anonymous_5)
FNDA:0,(anonymous_6)
DA:27,0
DA:28,0
DA:30,0
DA:31,0
DA:34,0
DA:36,0
DA:37,0
DA:39,0
DA:40,0
DA:43,0
DA:48,0
DA:49,0
DA:52,0
DA:53,0
DA:55,0
DA:58,0
DA:118,0
DA:125,1
LF:18
LH:1
BRF:0
BRH:0
end_of_record
TN:
SF:Components\EditProfile.js
FN:30,(anonymous_0)
FN:43,(anonymous_1)
FN:56,(anonymous_2)
FN:67,(anonymous_3)
FN:79,(anonymous_4)
FN:103,(anonymous_5)
FN:119,(anonymous_6)
FN:163,(anonymous_7)
FN:199,(anonymous_8)
FN:210,(anonymous_9)
FN:227,(anonymous_10)
FN:246,(anonymous_11)
FN:271,(anonymous_12)
FNF:13
FNH:13
FNDA:28,(anonymous_0)
FNDA:7,(anonymous_1)
FNDA:3,(anonymous_2)
FNDA:3,(anonymous_3)
FNDA:2,(anonymous_4)
FNDA:1,(anonymous_5)
FNDA:1,(anonymous_6)
FNDA:2,(anonymous_7)
FNDA:3,(anonymous_8)
FNDA:2,(anonymous_9)
FNDA:2,(anonymous_10)
FNDA:3,(anonymous_11)
FNDA:1,(anonymous_12)
DA:29,2
DA:30,2
DA:31,28
DA:32,28
DA:33,28
DA:34,28
DA:35,28
DA:36,28
DA:37,28
DA:38,28
DA:39,28
DA:40,28
DA:41,28
DA:43,28
DA:45,7
DA:46,7
DA:47,7
DA:48,7
DA:49,7
DA:50,7
DA:51,7
DA:52,7
DA:56,28
DA:57,3
DA:58,3
DA:59,2
DA:60,2
DA:61,2
DA:63,1
DA:67,28
DA:68,3
DA:70,3
DA:71,2
DA:72,2
DA:73,2
DA:75,1
DA:79,28
DA:80,2
DA:81,2
DA:82,2
DA:83,2
DA:84,2
DA:85,2
DA:86,1
DA:88,1
DA:89,1
DA:90,1
DA:92,1
DA:97,1
DA:98,1
DA:103,28
DA:104,1
DA:105,1
DA:113,0
DA:114,0
DA:116,1
DA:119,28
DA:121,1
DA:122,1
DA:123,1
DA:124,1
DA:125,1
DA:126,1
DA:134,1
DA:135,1
DA:137,0
DA:140,0
DA:144,28
DA:164,2
DA:165,2
DA:199,3
DA:210,2
DA:228,2
DA:229,2
DA:246,3
DA:271,1
DA:286,2
LF:77
LH:73
BRDA:58,0,0,2
BRDA:58,0,1,1
BRDA:70,1,0,2
BRDA:70,1,1,1
BRDA:82,2,0,2
BRDA:82,2,1,0
BRDA:85,3,0,1
BRDA:85,3,1,1
BRDA:88,4,0,1
BRDA:88,4,1,0
BRDA:105,5,0,0
BRDA:105,5,1,1
BRDA:106,6,0,1
BRDA:106,6,1,1
BRDA:106,6,2,1
BRDA:106,6,3,1
BRDA:106,6,4,1
BRDA:106,6,5,1
BRDA:122,7,0,1
BRDA:122,7,1,0
BRDA:250,8,0,28
BRDA:250,8,1,2
BRDA:270,9,0,10
BRDA:270,9,1,18
BRF:24
BRH:20
end_of_record
TN:
SF:Components\Field.js
FN:5,(anonymous_0)
FNF:1
FNH:1
FNDA:18,(anonymous_0)
DA:5,3
DA:6,18
LF:2
LH:2
BRF:0
BRH:0
end_of_record
TN:
SF:Components\Header.js
FN:5,Header
FNF:1
FNH:0
FNDA:0,Header
DA:6,0
LF:1
LH:0
BRF:0
BRH:0
end_of_record
TN:
SF:Components\HomePage.js
FN:29,MyTabs
FN:63,HompePage
FN:64,(anonymous_2)
FN:66,(anonymous_3)
FN:68,(anonymous_4)
FNF:5
FNH:1
FNDA:0,MyTabs
FNDA:1,HompePage
FNDA:0,(anonymous_2)
FNDA:0,(anonymous_3)
FNDA:0,(anonymous_4)
DA:24,2
DA:25,2
DA:26,2
DA:31,0
DA:64,1
DA:65,0
DA:67,0
DA:68,0
DA:94,1
DA:103,2
LF:10
LH:6
BRF:0
BRH:0
end_of_record
TN:
SF:Components\Login.js
FN:14,Login
FN:21,(anonymous_1)
FN:22,(anonymous_2)
FN:34,(anonymous_3)
FN:38,(anonymous_4)
FN:54,(anonymous_5)
FN:58,(anonymous_6)
FN:71,(anonymous_7)
FN:75,(anonymous_8)
FN:79,(anonymous_9)
FN:85,(anonymous_10)
FN:88,(anonymous_11)
FN:134,(anonymous_12)
FN:139,(anonymous_13)
FN:184,(anonymous_14)
FN:185,(anonymous_15)
FNF:16
FNH:15
FNDA:16,Login
FNDA:3,(anonymous_1)
FNDA:3,(anonymous_2)
FNDA:3,(anonymous_3)
FNDA:2,(anonymous_4)
FNDA:1,(anonymous_5)
FNDA:3,(anonymous_6)
FNDA:1,(anonymous_7)
FNDA:1,(anonymous_8)
FNDA:1,(anonymous_9)
FNDA:1,(anonymous_10)
FNDA:0,(anonymous_11)
FNDA:3,(anonymous_12)
FNDA:3,(anonymous_13)
FNDA:1,(anonymous_14)
FNDA:1,(anonymous_15)
DA:12,2
DA:15,16
DA:16,16
DA:17,16
DA:18,16
DA:21,16
DA:22,3
DA:23,3
DA:24,3
DA:25,3
DA:28,3
DA:29,3
DA:30,3
DA:31,3
DA:34,16
DA:37,3
DA:40,2
DA:41,2
DA:42,2
DA:43,2
DA:44,1
DA:45,1
DA:46,1
DA:50,1
DA:51,1
DA:54,1
DA:58,16
DA:60,3
DA:61,3
DA:62,3
DA:63,3
DA:66,0
DA:67,0
DA:71,16
DA:72,1
DA:75,16
DA:76,1
DA:79,16
DA:81,1
DA:82,1
DA:84,1
DA:86,1
DA:89,0
DA:90,0
DA:94,16
DA:134,3
DA:139,3
DA:184,1
DA:185,1
DA:219,2
LF:50
LH:46
BRDA:23,0,0,3
BRDA:23,0,1,0
BRDA:23,1,0,3
BRDA:23,1,1,3
BRDA:43,2,0,1
BRDA:43,2,1,1
BRDA:61,3,0,3
BRDA:61,3,1,0
BRDA:137,4,0,16
BRDA:137,4,1,0
BRF:10
BRH:7
end_of_record
TN:
SF:Components\ProfileScreen.js
FN:23,(anonymous_0)
FN:37,(anonymous_1)
FN:55,(anonymous_2)
FN:57,(anonymous_3)
FN:64,(anonymous_4)
FN:66,(anonymous_5)
FN:68,(anonymous_6)
FNF:7
FNH:5
FNDA:9,(anonymous_0)
FNDA:1,(anonymous_1)
FNDA:1,(anonymous_2)
FNDA:1,(anonymous_3)
FNDA:6,(anonymous_4)
FNDA:0,(anonymous_5)
FNDA:0,(anonymous_6)
DA:22,2
DA:23,2
DA:25,9
DA:26,9
DA:27,9
DA:28,9
DA:29,9
DA:30,9
DA:31,9
DA:32,9
DA:33,9
DA:34,9
DA:35,9
DA:37,9
DA:38,1
DA:39,1
DA:40,1
DA:41,1
DA:42,1
DA:43,1
DA:44,1
DA:45,1
DA:46,1
DA:47,1
DA:48,1
DA:49,1
DA:51,0
DA:55,9
DA:57,1
DA:58,1
DA:61,1
DA:64,9
DA:65,6
DA:67,0
DA:69,0
DA:76,0
DA:89,9
DA:148,2
LF:38
LH:34
BRF:0
BRH:0
end_of_record
TN:
SF:Components\SignUp.js
FN:14,SignUp
FN:32,(anonymous_1)
FN:45,(anonymous_2)
FN:58,(anonymous_3)
FN:72,(anonymous_4)
FN:86,(anonymous_5)
FN:96,(anonymous_6)
FN:101,(anonymous_7)
FN:115,(anonymous_8)
FN:126,(anonymous_9)
FN:135,(anonymous_10)
FN:149,(anonymous_11)
FN:211,(anonymous_12)
FN:216,(anonymous_13)
FN:220,(anonymous_14)
FN:223,(anonymous_15)
FN:227,(anonymous_16)
FN:230,(anonymous_17)
FN:233,(anonymous_18)
FN:235,(anonymous_19)
FN:266,(anonymous_20)
FNF:21
FNH:12
FNDA:29,SignUp
FNDA:2,(anonymous_1)
FNDA:2,(anonymous_2)
FNDA:3,(anonymous_3)
FNDA:2,(anonymous_4)
FNDA:0,(anonymous_5)
FNDA:0,(anonymous_6)
FNDA:0,(anonymous_7)
FNDA:0,(anonymous_8)
FNDA:0,(anonymous_9)
FNDA:2,(anonymous_10)
FNDA:0,(anonymous_11)
FNDA:0,(anonymous_12)
FNDA:2,(anonymous_13)
FNDA:2,(anonymous_14)
FNDA:0,(anonymous_15)
FNDA:3,(anonymous_16)
FNDA:2,(anonymous_17)
FNDA:1,(anonymous_18)
FNDA:2,(anonymous_19)
FNDA:0,(anonymous_20)
DA:12,2
DA:15,29
DA:16,29
DA:17,29
DA:18,29
DA:19,29
DA:20,29
DA:21,29
DA:22,29
DA:23,29
DA:24,29
DA:25,29
DA:26,29
DA:27,29
DA:28,29
DA:29,29
DA:30,29
DA:32,29
DA:34,2
DA:35,2
DA:36,2
DA:37,1
DA:38,1
DA:41,1
DA:45,29
DA:47,2
DA:48,2
DA:49,1
DA:50,1
DA:53,1
DA:58,29
DA:61,3
DA:63,3
DA:64,2
DA:65,2
DA:68,1
DA:72,29
DA:74,2
DA:75,2
DA:77,1
DA:78,1
DA:81,1
DA:86,29
DA:88,0
DA:90,0
DA:91,0
DA:93,0
DA:96,29
DA:98,0
DA:100,0
DA:102,0
DA:103,0
DA:105,0
DA:106,0
DA:114,0
DA:116,0
DA:118,0
DA:119,0
DA:122,0
DA:128,0
DA:135,29
DA:137,2
DA:139,2
DA:140,1
DA:141,1
DA:144,1
DA:149,29
DA:150,0
DA:151,0
DA:153,0
DA:154,0
DA:156,0
DA:160,0
DA:161,0
DA:162,0
DA:163,0
DA:164,0
DA:165,0
DA:166,0
DA:167,0
DA:176,29
DA:211,0
DA:216,2
DA:220,2
DA:223,0
DA:227,3
DA:230,2
DA:233,1
DA:235,2
DA:266,0
DA:282,2
LF:91
LH:59
BRDA:36,0,0,1
BRDA:36,0,1,1
BRDA:48,1,0,1
BRDA:48,1,1,1
BRDA:63,2,0,2
BRDA:63,2,1,1
BRDA:75,3,0,1
BRDA:75,3,1,1
BRDA:88,4,0,0
BRDA:88,4,1,0
BRDA:88,5,0,0
BRDA:88,5,1,0
BRDA:88,5,2,0
BRDA:88,5,3,0
BRDA:88,5,4,0
BRDA:88,5,5,0
BRDA:88,5,6,0
BRDA:88,5,7,0
BRDA:88,5,8,0
BRDA:88,5,9,0
BRDA:88,5,10,0
BRDA:88,5,11,0
BRDA:98,6,0,0
BRDA:98,6,1,0
BRDA:139,7,0,1
BRDA:139,7,1,1
BRDA:154,8,0,0
BRDA:154,8,1,0
BRDA:160,9,0,0
BRDA:160,9,1,0
BRDA:218,10,0,29
BRDA:218,10,1,1
BRDA:221,11,0,29
BRDA:221,11,1,1
BRDA:228,12,0,29
BRDA:228,12,1,1
BRDA:231,13,0,29
BRDA:231,13,1,1
BRDA:236,14,0,29
BRDA:236,14,1,1
BRDA:239,15,0,29
BRDA:239,15,1,0
BRF:42
BRH:21
end_of_record
TN:
SF:Components\Budget\Budget.js
FN:37,(anonymous_0)
FN:65,(anonymous_1)
FN:74,(anonymous_2)
FNF:3
FNH:0
FNDA:0,(anonymous_0)
FNDA:0,(anonymous_1)
FNDA:0,(anonymous_2)
DA:35,1
DA:37,1
DA:38,0
DA:66,0
DA:75,0
DA:82,1
LF:6
LH:3
BRF:0
BRH:0
end_of_record
TN:
SF:Components\Budget\Envelope.js
FN:11,(anonymous_0)
FN:26,(anonymous_1)
FN:30,(anonymous_2)
FN:38,(anonymous_3)
FN:49,(anonymous_4)
FN:54,(anonymous_5)
FN:71,(anonymous_6)
FN:79,(anonymous_7)
FN:85,(anonymous_8)
FN:108,(anonymous_9)
FN:134,(anonymous_10)
FN:138,(anonymous_11)
FN:145,(anonymous_12)
FN:159,(anonymous_13)
FN:183,(anonymous_14)
FN:206,(anonymous_15)
FN:212,(anonymous_16)
FN:217,(anonymous_17)
FN:224,(anonymous_18)
FN:247,(anonymous_19)
FN:250,(anonymous_20)
FN:263,(anonymous_21)
FN:282,(anonymous_22)
FN:290,(anonymous_23)
FN:297,(anonymous_24)
FN:307,(anonymous_25)
FN:330,(anonymous_26)
FN:344,(anonymous_27)
FN:350,(anonymous_28)
FNF:29
FNH:0
FNDA:0,(anonymous_0)
FNDA:0,(anonymous_1)
FNDA:0,(anonymous_2)
FNDA:0,(anonymous_3)
FNDA:0,(anonymous_4)
FNDA:0,(anonymous_5)
FNDA:0,(anonymous_6)
FNDA:0,(anonymous_7)
FNDA:0,(anonymous_8)
FNDA:0,(anonymous_9)
FNDA:0,(anonymous_10)
FNDA:0,(anonymous_11)
FNDA:0,(anonymous_12)
FNDA:0,(anonymous_13)
FNDA:0,(anonymous_14)
FNDA:0,(anonymous_15)
FNDA:0,(anonymous_16)
FNDA:0,(anonymous_17)
FNDA:0,(anonymous_18)
FNDA:0,(anonymous_19)
FNDA:0,(anonymous_20)
FNDA:0,(anonymous_21)
FNDA:0,(anonymous_22)
FNDA:0,(anonymous_23)
FNDA:0,(anonymous_24)
FNDA:0,(anonymous_25)
FNDA:0,(anonymous_26)
FNDA:0,(anonymous_27)
FNDA:0,(anonymous_28)
DA:9,1
DA:11,1
DA:13,0
DA:14,0
DA:15,0
DA:16,0
DA:17,0
DA:18,0
DA:19,0
DA:20,0
DA:21,0
DA:22,0
DA:23,0
DA:24,0
DA:26,0
DA:27,0
DA:30,0
DA:32,0
DA:33,0
DA:34,0
DA:35,0
DA:36,0
DA:37,0
DA:38,0
DA:39,0
DA:41,0
DA:42,0
DA:44,0
DA:49,0
DA:50,0
DA:54,0
DA:56,0
DA:57,0
DA:58,0
DA:60,0
DA:61,0
DA:63,0
DA:64,0
DA:67,0
DA:71,0
DA:72,0
DA:73,0
DA:74,0
DA:75,0
DA:76,0
DA:79,0
DA:80,0
DA:81,0
DA:82,0
DA:85,0
DA:87,0
DA:88,0
DA:90,0
DA:91,0
DA:93,0
DA:94,0
DA:96,0
DA:97,0
DA:98,0
DA:99,0
DA:100,0
DA:101,0
DA:102,0
DA:108,0
DA:110,0
DA:111,0
DA:112,0
DA:113,0
DA:115,0
DA:116,0
DA:118,0
DA:119,0
DA:122,0
DA:123,0
DA:124,0
DA:125,0
DA:126,0
DA:127,0
DA:128,0
DA:129,0
DA:131,0
DA:134,0
DA:136,0
DA:138,0
DA:139,0
DA:141,0
DA:142,0
DA:145,0
DA:147,0
DA:149,0
DA:150,0
DA:151,0
DA:154,0
DA:159,0
DA:161,0
DA:163,0
DA:164,0
DA:167,0
DA:169,0
DA:170,0
DA:177,0
DA:178,0
DA:182,0
DA:183,0
DA:184,0
DA:186,0
DA:187,0
DA:191,0
DA:193,0
DA:199,0
DA:200,0
DA:203,0
DA:206,0
DA:208,0
DA:209,0
DA:212,0
DA:217,0
DA:224,0
DA:225,0
DA:226,0
DA:227,0
DA:230,0
DA:248,0
DA:250,0
DA:263,0
DA:283,0
DA:290,0
DA:297,0
DA:308,0
DA:309,0
DA:310,0
DA:311,0
DA:331,0
DA:332,0
DA:333,0
DA:336,0
DA:337,0
DA:344,0
DA:350,0
DA:377,1
LF:140
LH:3
BRDA:56,0,0,0
BRDA:56,0,1,0
BRDA:60,1,0,0
BRDA:60,1,1,0
BRDA:63,2,0,0
BRDA:63,2,1,0
BRDA:90,3,0,0
BRDA:90,3,1,0
BRDA:93,4,0,0
BRDA:93,4,1,0
BRDA:96,5,0,0
BRDA:96,5,1,0
BRDA:96,6,0,0
BRDA:96,6,1,0
BRDA:96,6,2,0
BRDA:112,7,0,0
BRDA:112,7,1,0
BRDA:115,8,0,0
BRDA:115,8,1,0
BRDA:118,9,0,0
BRDA:118,9,1,0
BRDA:149,10,0,0
BRDA:149,10,1,0
BRDA:163,11,0,0
BRDA:163,11,1,0
BRDA:184,12,0,0
BRDA:184,12,1,0
BRDA:184,13,0,0
BRDA:184,13,1,0
BRDA:191,14,0,0
BRDA:191,14,1,0
BRDA:208,15,0,0
BRDA:208,15,1,0
BRDA:331,16,0,0
BRDA:331,16,1,0
BRDA:342,17,0,0
BRDA:342,17,1,0
BRDA:366,18,0,0
BRDA:366,18,1,0
BRDA:366,19,0,0
BRDA:366,19,1,0
BRDA:366,20,0,0
BRDA:366,20,1,0
BRDA:366,21,0,0
BRDA:366,21,1,0
BRF:45
BRH:0
end_of_record
TN:
SF:Components\Budget\FiftyThirtyTwenty.js
FN:10,(anonymous_0)
FN:47,(anonymous_1)
FN:51,(anonymous_2)
FN:83,(anonymous_3)
FN:91,(anonymous_4)
FN:109,(anonymous_5)
FN:133,(anonymous_6)
FN:140,(anonymous_7)
FN:179,(anonymous_8)
FN:230,(anonymous_9)
FN:238,(anonymous_10)
FN:242,(anonymous_11)
FN:246,(anonymous_12)
FN:258,(anonymous_13)
FN:297,(anonymous_14)
FN:335,(anonymous_15)
FN:341,(anonymous_16)
FN:346,(anonymous_17)
FN:363,(anonymous_18)
FN:371,(anonymous_19)
FN:376,(anonymous_20)
FN:378,(anonymous_21)
FN:388,(anonymous_22)
FN:408,(anonymous_23)
FN:413,(anonymous_24)
FN:415,(anonymous_25)
FN:425,(anonymous_26)
FN:445,(anonymous_27)
FN:450,(anonymous_28)
FN:452,(anonymous_29)
FN:462,(anonymous_30)
FN:489,(anonymous_31)
FN:497,(anonymous_32)
FN:504,(anonymous_33)
FN:514,(anonymous_34)
FN:536,(anonymous_35)
FN:550,(anonymous_36)
FN:556,(anonymous_37)
FN:563,(anonymous_38)
FNF:39
FNH:0
FNDA:0,(anonymous_0)
FNDA:0,(anonymous_1)
FNDA:0,(anonymous_2)
FNDA:0,(anonymous_3)
FNDA:0,(anonymous_4)
FNDA:0,(anonymous_5)
FNDA:0,(anonymous_6)
FNDA:0,(anonymous_7)
FNDA:0,(anonymous_8)
FNDA:0,(anonymous_9)
FNDA:0,(anonymous_10)
FNDA:0,(anonymous_11)
FNDA:0,(anonymous_12)
FNDA:0,(anonymous_13)
FNDA:0,(anonymous_14)
FNDA:0,(anonymous_15)
FNDA:0,(anonymous_16)
FNDA:0,(anonymous_17)
FNDA:0,(anonymous_18)
FNDA:0,(anonymous_19)
FNDA:0,(anonymous_20)
FNDA:0,(anonymous_21)
FNDA:0,(anonymous_22)
FNDA:0,(anonymous_23)
FNDA:0,(anonymous_24)
FNDA:0,(anonymous_25)
FNDA:0,(anonymous_26)
FNDA:0,(anonymous_27)
FNDA:0,(anonymous_28)
FNDA:0,(anonymous_29)
FNDA:0,(anonymous_30)
FNDA:0,(anonymous_31)
FNDA:0,(anonymous_32)
FNDA:0,(anonymous_33)
FNDA:0,(anonymous_34)
FNDA:0,(anonymous_35)
FNDA:0,(anonymous_36)
FNDA:0,(anonymous_37)
FNDA:0,(anonymous_38)
DA:7,1
DA:10,1
DA:12,0
DA:13,0
DA:14,0
DA:16,0
DA:17,0
DA:18,0
DA:20,0
DA:21,0
DA:22,0
DA:23,0
DA:24,0
DA:25,0
DA:27,0
DA:28,0
DA:29,0
DA:31,0
DA:32,0
DA:33,0
DA:34,0
DA:36,0
DA:37,0
DA:38,0
DA:40,0
DA:41,0
DA:42,0
DA:43,0
DA:45,0
DA:47,0
DA:48,0
DA:51,0
DA:53,0
DA:54,0
DA:55,0
DA:56,0
DA:57,0
DA:59,0
DA:60,0
DA:62,0
DA:63,0
DA:64,0
DA:65,0
DA:67,0
DA:68,0
DA:70,0
DA:71,0
DA:72,0
DA:73,0
DA:75,0
DA:76,0
DA:78,0
DA:83,0
DA:84,0
DA:85,0
DA:86,0
DA:87,0
DA:91,0
DA:93,0
DA:94,0
DA:95,0
DA:97,0
DA:98,0
DA:100,0
DA:101,0
DA:104,0
DA:105,0
DA:109,0
DA:110,0
DA:111,0
DA:112,0
DA:113,0
DA:114,0
DA:115,0
DA:117,0
DA:118,0
DA:119,0
DA:120,0
DA:121,0
DA:122,0
DA:124,0
DA:125,0
DA:126,0
DA:127,0
DA:128,0
DA:129,0
DA:133,0
DA:134,0
DA:135,0
DA:136,0
DA:137,0
DA:140,0
DA:142,0
DA:143,0
DA:145,0
DA:146,0
DA:148,0
DA:149,0
DA:151,0
DA:152,0
DA:153,0
DA:154,0
DA:155,0
DA:156,0
DA:157,0
DA:159,0
DA:160,0
DA:161,0
DA:162,0
DA:163,0
DA:164,0
DA:165,0
DA:167,0
DA:168,0
DA:169,0
DA:170,0
DA:171,0
DA:172,0
DA:173,0
DA:179,0
DA:181,0
DA:182,0
DA:183,0
DA:184,0
DA:186,0
DA:187,0
DA:189,0
DA:190,0
DA:193,0
DA:194,0
DA:195,0
DA:196,0
DA:197,0
DA:198,0
DA:199,0
DA:200,0
DA:201,0
DA:203,0
DA:204,0
DA:205,0
DA:206,0
DA:207,0
DA:208,0
DA:209,0
DA:210,0
DA:211,0
DA:213,0
DA:214,0
DA:215,0
DA:216,0
DA:217,0
DA:218,0
DA:219,0
DA:220,0
DA:221,0
DA:225,0
DA:226,0
DA:227,0
DA:230,0
DA:232,0
DA:234,0
DA:235,0
DA:236,0
DA:238,0
DA:239,0
DA:242,0
DA:243,0
DA:246,0
DA:247,0
DA:250,0
DA:251,0
DA:252,0
DA:254,0
DA:255,0
DA:258,0
DA:260,0
DA:261,0
DA:262,0
DA:263,0
DA:265,0
DA:266,0
DA:267,0
DA:269,0
DA:270,0
DA:271,0
DA:273,0
DA:274,0
DA:275,0
DA:278,0
DA:297,0
DA:299,0
DA:300,0
DA:301,0
DA:302,0
DA:305,0
DA:306,0
DA:309,0
DA:311,0
DA:312,0
DA:322,0
DA:323,0
DA:328,0
DA:332,0
DA:335,0
DA:337,0
DA:338,0
DA:341,0
DA:346,0
DA:355,0
DA:364,0
DA:371,0
DA:377,0
DA:378,0
DA:388,0
DA:408,0
DA:414,0
DA:415,0
DA:425,0
DA:445,0
DA:451,0
DA:452,0
DA:462,0
DA:490,0
DA:497,0
DA:504,0
DA:515,0
DA:516,0
DA:517,0
DA:518,0
DA:537,0
DA:538,0
DA:539,0
DA:542,0
DA:543,0
DA:550,0
DA:556,0
DA:563,0
DA:579,1
LF:238
LH:3
BRDA:84,0,0,0
BRDA:84,0,1,0
BRDA:93,1,0,0
BRDA:93,1,1,0
BRDA:97,2,0,0
BRDA:97,2,1,0
BRDA:100,3,0,0
BRDA:100,3,1,0
BRDA:110,4,0,0
BRDA:110,4,1,0
BRDA:117,5,0,0
BRDA:117,5,1,0
BRDA:124,6,0,0
BRDA:124,6,1,0
BRDA:145,7,0,0
BRDA:145,7,1,0
BRDA:148,8,0,0
BRDA:148,8,1,0
BRDA:151,9,0,0
BRDA:151,9,1,0
BRDA:151,10,0,0
BRDA:151,10,1,0
BRDA:151,10,2,0
BRDA:151,10,3,0
BRDA:159,11,0,0
BRDA:159,11,1,0
BRDA:159,12,0,0
BRDA:159,12,1,0
BRDA:159,12,2,0
BRDA:159,12,3,0
BRDA:167,13,0,0
BRDA:167,13,1,0
BRDA:167,14,0,0
BRDA:167,14,1,0
BRDA:167,14,2,0
BRDA:167,14,3,0
BRDA:183,15,0,0
BRDA:183,15,1,0
BRDA:186,16,0,0
BRDA:186,16,1,0
BRDA:186,17,0,0
BRDA:186,17,1,0
BRDA:186,17,2,0
BRDA:186,17,3,0
BRDA:186,17,4,0
BRDA:186,17,5,0
BRDA:189,18,0,0
BRDA:189,18,1,0
BRDA:189,19,0,0
BRDA:189,19,1,0
BRDA:189,19,2,0
BRDA:189,19,3,0
BRDA:189,19,4,0
BRDA:189,19,5,0
BRDA:189,19,6,0
BRDA:193,20,0,0
BRDA:193,20,1,0
BRDA:203,21,0,0
BRDA:203,21,1,0
BRDA:213,22,0,0
BRDA:213,22,1,0
BRDA:265,23,0,0
BRDA:265,23,1,0
BRDA:269,24,0,0
BRDA:269,24,1,0
BRDA:273,25,0,0
BRDA:273,25,1,0
BRDA:305,26,0,0
BRDA:305,26,1,0
BRDA:337,27,0,0
BRDA:337,27,1,0
BRDA:477,28,0,0
BRDA:477,28,1,0
BRDA:477,29,0,0
BRDA:477,29,1,0
BRDA:477,29,2,0
BRDA:477,29,3,0
BRDA:477,29,4,0
BRDA:477,29,5,0
BRDA:477,30,0,0
BRDA:477,30,1,0
BRDA:477,31,0,0
BRDA:477,31,1,0
BRDA:477,31,2,0
BRDA:477,31,3,0
BRDA:477,31,4,0
BRDA:477,31,5,0
BRDA:528,32,0,0
BRDA:528,32,1,0
BRDA:528,33,0,0
BRDA:528,33,1,0
BRDA:537,34,0,0
BRDA:537,34,1,0
BRDA:548,35,0,0
BRDA:548,35,1,0
BRF:95
BRH:0
end_of_record
TN:
SF:Components\Budget\Help.js
FN:5,(anonymous_0)
FNF:1
FNH:0
FNDA:0,(anonymous_0)
DA:5,1
DA:6,0
DA:35,1
LF:3
LH:2
BRF:0
BRH:0
end_of_record
TN:
SF:Components\Budget\SetBudget.js
FN:21,(anonymous_0)
FN:37,(anonymous_1)
FN:40,(anonymous_2)
FN:48,(anonymous_3)
FN:53,(anonymous_4)
FN:66,(anonymous_5)
FN:85,(anonymous_6)
FN:90,(anonymous_7)
FN:94,(anonymous_8)
FN:102,(anonymous_9)
FN:118,(anonymous_10)
FN:137,(anonymous_11)
FN:157,(anonymous_12)
FN:170,(anonymous_13)
FNF:14
FNH:0
FNDA:0,(anonymous_0)
FNDA:0,(anonymous_1)
FNDA:0,(anonymous_2)
FNDA:0,(anonymous_3)
FNDA:0,(anonymous_4)
FNDA:0,(anonymous_5)
FNDA:0,(anonymous_6)
FNDA:0,(anonymous_7)
FNDA:0,(anonymous_8)
FNDA:0,(anonymous_9)
FNDA:0,(anonymous_10)
FNDA:0,(anonymous_11)
FNDA:0,(anonymous_12)
FNDA:0,(anonymous_13)
DA:13,1
DA:19,1
DA:21,1
DA:22,0
DA:23,0
DA:24,0
DA:25,0
DA:26,0
DA:27,0
DA:28,0
DA:29,0
DA:30,0
DA:31,0
DA:32,0
DA:33,0
DA:34,0
DA:35,0
DA:37,0
DA:39,0
DA:41,0
DA:42,0
DA:43,0
DA:48,0
DA:49,0
DA:53,0
DA:54,0
DA:66,0
DA:68,0
DA:75,0
DA:76,0
DA:77,0
DA:80,0
DA:85,0
DA:86,0
DA:90,0
DA:92,0
DA:94,0
DA:95,0
DA:97,0
DA:98,0
DA:102,0
DA:103,0
DA:104,0
DA:105,0
DA:108,0
DA:118,0
DA:137,0
DA:158,0
DA:170,0
DA:180,1
LF:50
LH:4
BRDA:41,0,0,0
BRDA:41,0,1,0
BRDA:122,1,0,0
BRDA:122,1,1,0
BRDA:164,2,0,0
BRDA:164,2,1,0
BRDA:165,3,0,0
BRDA:165,3,1,0
BRDA:166,4,0,0
BRDA:166,4,1,0
BRF:10
BRH:0
end_of_record
TN:
SF:Components\Budget\ViewBudget.js
FN:39,ViewBudget
FN:46,(anonymous_1)
FN:48,(anonymous_2)
FN:50,(anonymous_3)
FN:62,(anonymous_4)
FN:64,(anonymous_5)
FN:68,(anonymous_6)
FN:73,(anonymous_7)
FN:78,(anonymous_8)
FN:82,(anonymous_9)
FN:97,(anonymous_10)
FN:115,(anonymous_11)
FN:116,(anonymous_12)
FN:126,(anonymous_13)
FN:132,(anonymous_14)
FN:137,(anonymous_15)
FN:140,(anonymous_16)
FN:157,(anonymous_17)
FN:194,(anonymous_18)
FN:206,(anonymous_19)
FN:251,(anonymous_20)
FN:296,(anonymous_21)
FN:348,(anonymous_22)
FNF:23
FNH:0
FNDA:0,ViewBudget
FNDA:0,(anonymous_1)
FNDA:0,(anonymous_2)
FNDA:0,(anonymous_3)
FNDA:0,(anonymous_4)
FNDA:0,(anonymous_5)
FNDA:0,(anonymous_6)
FNDA:0,(anonymous_7)
FNDA:0,(anonymous_8)
FNDA:0,(anonymous_9)
FNDA:0,(anonymous_10)
FNDA:0,(anonymous_11)
FNDA:0,(anonymous_12)
FNDA:0,(anonymous_13)
FNDA:0,(anonymous_14)
FNDA:0,(anonymous_15)
FNDA:0,(anonymous_16)
FNDA:0,(anonymous_17)
FNDA:0,(anonymous_18)
FNDA:0,(anonymous_19)
FNDA:0,(anonymous_20)
FNDA:0,(anonymous_21)
FNDA:0,(anonymous_22)
DA:37,1
DA:41,0
DA:42,0
DA:43,0
DA:46,0
DA:47,0
DA:49,0
DA:50,0
DA:62,0
DA:63,0
DA:64,0
DA:68,0
DA:70,0
DA:73,0
DA:78,0
DA:82,0
DA:84,0
DA:85,0
DA:86,0
DA:87,0
DA:88,0
DA:89,0
DA:92,0
DA:97,0
DA:99,0
DA:100,0
DA:101,0
DA:102,0
DA:103,0
DA:104,0
DA:107,0
DA:111,0
DA:115,0
DA:116,0
DA:117,0
DA:118,0
DA:119,0
DA:123,0
DA:126,0
DA:127,0
DA:128,0
DA:129,0
DA:132,0
DA:133,0
DA:134,0
DA:137,0
DA:139,0
DA:141,0
DA:142,0
DA:143,0
DA:148,0
DA:157,0
DA:195,0
DA:208,0
DA:253,0
DA:298,0
DA:349,0
DA:386,1
LF:58
LH:2
BRDA:103,0,0,0
BRDA:103,0,1,0
BRDA:141,1,0,0
BRDA:141,1,1,0
BRDA:161,2,0,0
BRDA:161,2,1,0
BRDA:190,3,0,0
BRDA:190,3,1,0
BRDA:337,4,0,0
BRDA:337,4,1,0
BRDA:337,4,2,0
BRF:11
BRH:0
end_of_record
TN:
SF:Components\Budget\ZeroBased.js
FN:11,(anonymous_0)
FN:27,(anonymous_1)
FN:34,(anonymous_2)
FN:39,(anonymous_3)
FN:43,(anonymous_4)
FN:51,(anonymous_5)
FN:62,(anonymous_6)
FN:67,(anonymous_7)
FN:84,(anonymous_8)
FN:86,(anonymous_9)
FN:91,(anonymous_10)
FN:99,(anonymous_11)
FN:106,(anonymous_12)
FN:135,(anonymous_13)
FN:166,(anonymous_14)
FN:170,(anonymous_15)
FN:177,(anonymous_16)
FN:179,(anonymous_17)
FN:202,(anonymous_18)
FN:227,(anonymous_19)
FN:250,(anonymous_20)
FN:257,(anonymous_21)
FN:262,(anonymous_22)
FN:295,(anonymous_23)
FN:297,(anonymous_24)
FN:307,(anonymous_25)
FN:325,(anonymous_26)
FN:333,(anonymous_27)
FN:340,(anonymous_28)
FN:351,(anonymous_29)
FN:374,(anonymous_30)
FN:388,(anonymous_31)
FN:394,(anonymous_32)
FNF:33
FNH:0
FNDA:0,(anonymous_0)
FNDA:0,(anonymous_1)
FNDA:0,(anonymous_2)
FNDA:0,(anonymous_3)
FNDA:0,(anonymous_4)
FNDA:0,(anonymous_5)
FNDA:0,(anonymous_6)
FNDA:0,(anonymous_7)
FNDA:0,(anonymous_8)
FNDA:0,(anonymous_9)
FNDA:0,(anonymous_10)
FNDA:0,(anonymous_11)
FNDA:0,(anonymous_12)
FNDA:0,(anonymous_13)
FNDA:0,(anonymous_14)
FNDA:0,(anonymous_15)
FNDA:0,(anonymous_16)
FNDA:0,(anonymous_17)
FNDA:0,(anonymous_18)
FNDA:0,(anonymous_19)
FNDA:0,(anonymous_20)
FNDA:0,(anonymous_21)
FNDA:0,(anonymous_22)
FNDA:0,(anonymous_23)
FNDA:0,(anonymous_24)
FNDA:0,(anonymous_25)
FNDA:0,(anonymous_26)
FNDA:0,(anonymous_27)
FNDA:0,(anonymous_28)
FNDA:0,(anonymous_29)
FNDA:0,(anonymous_30)
FNDA:0,(anonymous_31)
FNDA:0,(anonymous_32)
DA:9,1
DA:11,1
DA:13,0
DA:14,0
DA:15,0
DA:16,0
DA:17,0
DA:18,0
DA:19,0
DA:20,0
DA:21,0
DA:22,0
DA:23,0
DA:24,0
DA:25,0
DA:27,0
DA:28,0
DA:29,0
DA:34,0
DA:36,0
DA:39,0
DA:40,0
DA:43,0
DA:45,0
DA:46,0
DA:47,0
DA:48,0
DA:49,0
DA:50,0
DA:51,0
DA:52,0
DA:54,0
DA:55,0
DA:57,0
DA:62,0
DA:63,0
DA:67,0
DA:69,0
DA:70,0
DA:71,0
DA:73,0
DA:74,0
DA:76,0
DA:77,0
DA:80,0
DA:84,0
DA:86,0
DA:87,0
DA:88,0
DA:89,0
DA:91,0
DA:92,0
DA:93,0
DA:99,0
DA:100,0
DA:102,0
DA:103,0
DA:106,0
DA:108,0
DA:109,0
DA:112,0
DA:114,0
DA:116,0
DA:118,0
DA:120,0
DA:122,0
DA:123,0
DA:124,0
DA:125,0
DA:126,0
DA:127,0
DA:128,0
DA:129,0
DA:135,0
DA:137,0
DA:138,0
DA:139,0
DA:140,0
DA:142,0
DA:143,0
DA:145,0
DA:146,0
DA:148,0
DA:149,0
DA:152,0
DA:153,0
DA:154,0
DA:155,0
DA:156,0
DA:157,0
DA:158,0
DA:159,0
DA:160,0
DA:161,0
DA:163,0
DA:166,0
DA:168,0
DA:170,0
DA:171,0
DA:173,0
DA:174,0
DA:177,0
DA:179,0
DA:180,0
DA:181,0
DA:183,0
DA:184,0
DA:188,0
DA:190,0
DA:192,0
DA:193,0
DA:197,0
DA:202,0
DA:204,0
DA:211,0
DA:213,0
DA:214,0
DA:221,0
DA:222,0
DA:226,0
DA:227,0
DA:228,0
DA:230,0
DA:231,0
DA:235,0
DA:237,0
DA:242,0
DA:247,0
DA:250,0
DA:252,0
DA:254,0
DA:257,0
DA:262,0
DA:278,0
DA:296,0
DA:297,0
DA:307,0
DA:326,0
DA:333,0
DA:340,0
DA:352,0
DA:353,0
DA:354,0
DA:355,0
DA:375,0
DA:376,0
DA:377,0
DA:380,0
DA:381,0
DA:388,0
DA:394,0
DA:422,1
LF:152
LH:3
BRDA:28,0,0,0
BRDA:28,0,1,0
BRDA:69,1,0,0
BRDA:69,1,1,0
BRDA:73,2,0,0
BRDA:73,2,1,0
BRDA:76,3,0,0
BRDA:76,3,1,0
BRDA:112,4,0,0
BRDA:112,4,1,0
BRDA:116,5,0,0
BRDA:116,5,1,0
BRDA:120,6,0,0
BRDA:120,6,1,0
BRDA:120,7,0,0
BRDA:120,7,1,0
BRDA:120,7,2,0
BRDA:139,8,0,0
BRDA:139,8,1,0
BRDA:142,9,0,0
BRDA:142,9,1,0
BRDA:145,10,0,0
BRDA:145,10,1,0
BRDA:148,11,0,0
BRDA:148,11,1,0
BRDA:181,12,0,0
BRDA:181,12,1,0
BRDA:190,13,0,0
BRDA:190,13,1,0
BRDA:228,14,0,0
BRDA:228,14,1,0
BRDA:228,15,0,0
BRDA:228,15,1,0
BRDA:235,16,0,0
BRDA:235,16,1,0
BRDA:252,17,0,0
BRDA:252,17,1,0
BRDA:297,18,0,0
BRDA:297,18,1,0
BRDA:307,19,0,0
BRDA:307,19,1,0
BRDA:375,20,0,0
BRDA:375,20,1,0
BRDA:386,21,0,0
BRDA:386,21,1,0
BRDA:410,22,0,0
BRDA:410,22,1,0
BRDA:410,23,0,0
BRDA:410,23,1,0
BRDA:410,24,0,0
BRDA:410,24,1,0
BRDA:410,25,0,0
BRDA:410,25,1,0
BRF:53
BRH:0
end_of_record
TN:
SF:Components\Expense\AddExpense.js
FN:12,AddExpense
FNF:1
FNH:0
FNDA:0,AddExpense
DA:8,1
DA:9,1
DA:14,0
LF:3
LH:2
BRF:0
BRH:0
end_of_record
TN:
SF:Components\Expense\AddGrpExpMembers.js
FN:9,(anonymous_0)
FN:14,(anonymous_1)
FN:31,(anonymous_2)
FN:52,(anonymous_3)
FN:78,(anonymous_4)
FN:81,(anonymous_5)
FN:90,(anonymous_6)
FN:103,(anonymous_7)
FN:109,(anonymous_8)
FN:122,(anonymous_9)
FN:136,(anonymous_10)
FN:137,(anonymous_11)
FN:144,(anonymous_12)
FN:153,(anonymous_13)
FN:167,(anonymous_14)
FN:169,(anonymous_15)
FN:215,(anonymous_16)
FN:220,(anonymous_17)
FN:226,(anonymous_18)
FN:237,(anonymous_19)
FN:249,(anonymous_20)
FNF:21
FNH:0
FNDA:0,(anonymous_0)
FNDA:0,(anonymous_1)
FNDA:0,(anonymous_2)
FNDA:0,(anonymous_3)
FNDA:0,(anonymous_4)
FNDA:0,(anonymous_5)
FNDA:0,(anonymous_6)
FNDA:0,(anonymous_7)
FNDA:0,(anonymous_8)
FNDA:0,(anonymous_9)
FNDA:0,(anonymous_10)
FNDA:0,(anonymous_11)
FNDA:0,(anonymous_12)
FNDA:0,(anonymous_13)
FNDA:0,(anonymous_14)
FNDA:0,(anonymous_15)
FNDA:0,(anonymous_16)
FNDA:0,(anonymous_17)
FNDA:0,(anonymous_18)
FNDA:0,(anonymous_19)
FNDA:0,(anonymous_20)
DA:9,1
DA:11,0
DA:12,0
DA:14,0
DA:17,0
DA:18,0
DA:23,0
DA:26,0
DA:30,0
DA:32,0
DA:34,0
DA:35,0
DA:38,0
DA:40,0
DA:41,0
DA:43,0
DA:44,0
DA:45,0
DA:47,0
DA:50,0
DA:53,0
DA:56,0
DA:59,0
DA:60,0
DA:78,0
DA:80,0
DA:81,0
DA:82,0
DA:83,0
DA:84,0
DA:87,0
DA:88,0
DA:90,0
DA:91,0
DA:93,0
DA:94,0
DA:95,0
DA:98,0
DA:99,0
DA:103,0
DA:104,0
DA:105,0
DA:109,0
DA:110,0
DA:112,0
DA:114,0
DA:117,0
DA:122,0
DA:124,0
DA:125,0
DA:126,0
DA:127,0
DA:128,0
DA:131,0
DA:136,0
DA:137,0
DA:138,0
DA:139,0
DA:140,0
DA:144,0
DA:146,0
DA:148,0
DA:150,0
DA:152,0
DA:153,0
DA:154,0
DA:155,0
DA:158,0
DA:159,0
DA:162,0
DA:163,0
DA:164,0
DA:167,0
DA:168,0
DA:169,0
DA:170,0
DA:173,0
DA:174,0
DA:175,0
DA:176,0
DA:177,0
DA:179,0
DA:180,0
DA:184,0
DA:186,0
DA:187,0
DA:189,0
DA:191,0
DA:192,0
DA:194,0
DA:195,0
DA:196,0
DA:200,0
DA:201,0
DA:206,0
DA:215,0
DA:221,0
DA:227,0
DA:230,0
DA:237,0
DA:249,0
DA:258,1
LF:102
LH:2
BRDA:17,0,0,0
BRDA:17,0,1,0
BRDA:23,1,0,0
BRDA:23,1,1,0
BRDA:26,2,0,0
BRDA:26,2,1,0
BRDA:34,3,0,0
BRDA:34,3,1,0
BRDA:43,4,0,0
BRDA:43,4,1,0
BRDA:43,5,0,0
BRDA:43,5,1,0
BRDA:59,6,0,0
BRDA:59,6,1,0
BRDA:82,7,0,0
BRDA:82,7,1,0
BRDA:82,8,0,0
BRDA:82,8,1,0
BRDA:94,9,0,0
BRDA:94,9,1,0
BRDA:112,10,0,0
BRDA:112,10,1,0
BRDA:112,11,0,0
BRDA:112,11,1,0
BRDA:112,11,2,0
BRDA:154,12,0,0
BRDA:154,12,1,0
BRDA:176,13,0,0
BRDA:176,13,1,0
BRDA:179,14,0,0
BRDA:179,14,1,0
BRDA:184,15,0,0
BRDA:184,15,1,0
BRDA:184,16,0,0
BRDA:184,16,1,0
BRDA:189,17,0,0
BRDA:189,17,1,0
BRDA:189,18,0,0
BRDA:189,18,1,0
BRDA:194,19,0,0
BRDA:194,19,1,0
BRDA:194,20,0,0
BRDA:194,20,1,0
BRDA:212,21,0,0
BRDA:212,21,1,0
BRDA:215,22,0,0
BRDA:215,22,1,0
BRDA:249,23,0,0
BRDA:249,23,1,0
BRDA:249,24,0,0
BRDA:249,24,1,0
BRDA:249,25,0,0
BRDA:249,25,1,0
BRDA:249,26,0,0
BRDA:249,26,1,0
BRF:55
BRH:0
end_of_record
TN:
SF:Components\Expense\Expense.js
FN:31,Expense
FN:46,onDateSelected
FN:56,(anonymous_2)
FN:74,(anonymous_3)
FN:75,(anonymous_4)
FN:86,(anonymous_5)
FN:90,(anonymous_6)
FN:95,(anonymous_7)
FN:99,(anonymous_8)
FN:127,(anonymous_9)
FN:130,(anonymous_10)
FN:143,(anonymous_11)
FN:145,(anonymous_12)
FN:157,(anonymous_13)
FN:160,(anonymous_14)
FN:172,(anonymous_15)
FN:177,(anonymous_16)
FN:190,(anonymous_17)
FN:201,(anonymous_18)
FN:214,(anonymous_19)
FN:226,(anonymous_20)
FN:237,(anonymous_21)
FN:254,(anonymous_22)
FN:257,(anonymous_23)
FN:278,(anonymous_24)
FN:296,(anonymous_25)
FN:316,(anonymous_26)
FN:325,(anonymous_27)
FN:336,(anonymous_28)
FN:361,(anonymous_29)
FN:388,(anonymous_30)
FN:391,(anonymous_31)
FN:394,(anonymous_32)
FN:403,(anonymous_33)
FN:408,(anonymous_34)
FN:412,(anonymous_35)
FN:416,(anonymous_36)
FN:420,(anonymous_37)
FN:425,(anonymous_38)
FN:429,(anonymous_39)
FN:432,(anonymous_40)
FN:444,(anonymous_41)
FN:448,(anonymous_42)
FN:476,(anonymous_43)
FN:478,(anonymous_44)
FN:491,(anonymous_45)
FN:510,(anonymous_46)
FN:512,(anonymous_47)
FN:525,(anonymous_48)
FN:543,(anonymous_49)
FN:545,(anonymous_50)
FN:558,(anonymous_51)
FN:593,(anonymous_52)
FN:600,(anonymous_53)
FNF:54
FNH:0
FNDA:0,Expense
FNDA:0,onDateSelected
FNDA:0,(anonymous_2)
FNDA:0,(anonymous_3)
FNDA:0,(anonymous_4)
FNDA:0,(anonymous_5)
FNDA:0,(anonymous_6)
FNDA:0,(anonymous_7)
FNDA:0,(anonymous_8)
FNDA:0,(anonymous_9)
FNDA:0,(anonymous_10)
FNDA:0,(anonymous_11)
FNDA:0,(anonymous_12)
FNDA:0,(anonymous_13)
FNDA:0,(anonymous_14)
FNDA:0,(anonymous_15)
FNDA:0,(anonymous_16)
FNDA:0,(anonymous_17)
FNDA:0,(anonymous_18)
FNDA:0,(anonymous_19)
FNDA:0,(anonymous_20)
FNDA:0,(anonymous_21)
FNDA:0,(anonymous_22)
FNDA:0,(anonymous_23)
FNDA:0,(anonymous_24)
FNDA:0,(anonymous_25)
FNDA:0,(anonymous_26)
FNDA:0,(anonymous_27)
FNDA:0,(anonymous_28)
FNDA:0,(anonymous_29)
FNDA:0,(anonymous_30)
FNDA:0,(anonymous_31)
FNDA:0,(anonymous_32)
FNDA:0,(anonymous_33)
FNDA:0,(anonymous_34)
FNDA:0,(anonymous_35)
FNDA:0,(anonymous_36)
FNDA:0,(anonymous_37)
FNDA:0,(anonymous_38)
FNDA:0,(anonymous_39)
FNDA:0,(anonymous_40)
FNDA:0,(anonymous_41)
FNDA:0,(anonymous_42)
FNDA:0,(anonymous_43)
FNDA:0,(anonymous_44)
FNDA:0,(anonymous_45)
FNDA:0,(anonymous_46)
FNDA:0,(anonymous_47)
FNDA:0,(anonymous_48)
FNDA:0,(anonymous_49)
FNDA:0,(anonymous_50)
FNDA:0,(anonymous_51)
FNDA:0,(anonymous_52)
FNDA:0,(anonymous_53)
DA:27,2
DA:28,2
DA:32,0
DA:33,0
DA:34,0
DA:35,0
DA:36,0
DA:37,0
DA:38,0
DA:39,0
DA:40,0
DA:41,0
DA:42,0
DA:43,0
DA:47,0
DA:48,0
DA:49,0
DA:50,0
DA:52,0
DA:53,0
DA:56,0
DA:57,0
DA:58,0
DA:60,0
DA:61,0
DA:63,0
DA:64,0
DA:65,0
DA:68,0
DA:69,0
DA:74,0
DA:75,0
DA:76,0
DA:83,0
DA:86,0
DA:87,0
DA:90,0
DA:91,0
DA:93,0
DA:95,0
DA:96,0
DA:97,0
DA:98,0
DA:99,0
DA:100,0
DA:101,0
DA:111,0
DA:113,0
DA:116,0
DA:118,0
DA:119,0
DA:120,0
DA:123,0
DA:127,0
DA:128,0
DA:129,0
DA:130,0
DA:131,0
DA:132,0
DA:133,0
DA:135,0
DA:136,0
DA:139,0
DA:140,0
DA:143,0
DA:144,0
DA:145,0
DA:146,0
DA:147,0
DA:149,0
DA:150,0
DA:153,0
DA:154,0
DA:157,0
DA:158,0
DA:160,0
DA:161,0
DA:162,0
DA:164,0
DA:165,0
DA:168,0
DA:169,0
DA:172,0
DA:173,0
DA:174,0
DA:175,0
DA:177,0
DA:178,0
DA:180,0
DA:182,0
DA:183,0
DA:184,0
DA:189,0
DA:190,0
DA:191,0
DA:193,0
DA:195,0
DA:200,0
DA:201,0
DA:202,0
DA:205,0
DA:207,0
DA:208,0
DA:209,0
DA:214,0
DA:215,0
DA:217,0
DA:219,0
DA:226,0
DA:227,0
DA:229,0
DA:231,0
DA:232,0
DA:233,0
DA:237,0
DA:238,0
DA:240,0
DA:242,0
DA:249,0
DA:250,0
DA:251,0
DA:254,0
DA:255,0
DA:256,0
DA:257,0
DA:258,0
DA:259,0
DA:260,0
DA:261,0
DA:264,0
DA:265,0
DA:266,0
DA:268,0
DA:269,0
DA:270,0
DA:271,0
DA:272,0
DA:273,0
DA:275,0
DA:276,0
DA:278,0
DA:279,0
DA:280,0
DA:281,0
DA:284,0
DA:285,0
DA:289,0
DA:290,0
DA:293,0
DA:295,0
DA:296,0
DA:297,0
DA:298,0
DA:299,0
DA:302,0
DA:303,0
DA:307,0
DA:308,0
DA:309,0
DA:310,0
DA:315,0
DA:316,0
DA:317,0
DA:318,0
DA:319,0
DA:320,0
DA:324,0
DA:325,0
DA:326,0
DA:327,0
DA:328,0
DA:329,0
DA:335,0
DA:336,0
DA:337,0
DA:338,0
DA:339,0
DA:340,0
DA:343,0
DA:344,0
DA:348,0
DA:349,0
DA:350,0
DA:355,0
DA:361,0
DA:362,0
DA:363,0
DA:365,0
DA:367,0
DA:374,0
DA:377,0
DA:388,0
DA:391,0
DA:394,0
DA:403,0
DA:408,0
DA:412,0
DA:416,0
DA:420,0
DA:425,0
DA:429,0
DA:433,0
DA:434,0
DA:435,0
DA:438,0
DA:439,0
DA:440,0
DA:444,0
DA:448,0
DA:477,0
DA:479,0
DA:480,0
DA:491,0
DA:511,0
DA:513,0
DA:514,0
DA:525,0
DA:544,0
DA:546,0
DA:547,0
DA:558,0
DA:594,0
DA:600,0
DA:613,2
LF:224
LH:3
BRDA:48,0,0,0
BRDA:48,0,1,0
BRDA:58,1,0,0
BRDA:58,1,1,0
BRDA:63,2,0,0
BRDA:63,2,1,0
BRDA:111,3,0,0
BRDA:111,3,1,0
BRDA:133,4,0,0
BRDA:133,4,1,0
BRDA:147,5,0,0
BRDA:147,5,1,0
BRDA:162,6,0,0
BRDA:162,6,1,0
BRDA:175,7,0,0
BRDA:175,7,1,0
BRDA:180,8,0,0
BRDA:180,8,1,0
BRDA:191,9,0,0
BRDA:191,9,1,0
BRDA:200,10,0,0
BRDA:200,10,1,0
BRDA:205,11,0,0
BRDA:205,11,1,0
BRDA:215,12,0,0
BRDA:215,12,1,0
BRDA:229,13,0,0
BRDA:229,13,1,0
BRDA:238,14,0,0
BRDA:238,14,1,0
BRDA:268,15,0,0
BRDA:268,15,1,0
BRDA:275,16,0,0
BRDA:275,16,1,0
BRDA:279,17,0,0
BRDA:279,17,1,0
BRDA:284,18,0,0
BRDA:284,18,1,0
BRDA:289,19,0,0
BRDA:289,19,1,0
BRDA:289,20,0,0
BRDA:289,20,1,0
BRDA:293,21,0,0
BRDA:293,21,1,0
BRDA:297,22,0,0
BRDA:297,22,1,0
BRDA:302,23,0,0
BRDA:302,23,1,0
BRDA:307,24,0,0
BRDA:307,24,1,0
BRDA:307,25,0,0
BRDA:307,25,1,0
BRDA:317,26,0,0
BRDA:317,26,1,0
BRDA:324,27,0,0
BRDA:324,27,1,0
BRDA:326,28,0,0
BRDA:326,28,1,0
BRDA:335,29,0,0
BRDA:335,29,1,0
BRDA:337,30,0,0
BRDA:337,30,1,0
BRDA:343,31,0,0
BRDA:343,31,1,0
BRDA:348,32,0,0
BRDA:348,32,1,0
BRDA:348,33,0,0
BRDA:348,33,1,0
BRDA:402,34,0,0
BRDA:402,34,1,0
BRDA:407,35,0,0
BRDA:407,35,1,0
BRDA:408,36,0,0
BRDA:408,36,1,0
BRDA:416,37,0,0
BRDA:416,37,1,0
BRDA:424,38,0,0
BRDA:424,38,1,0
BRDA:425,39,0,0
BRDA:425,39,1,0
BRDA:434,40,0,0
BRDA:434,40,1,0
BRDA:434,41,0,0
BRDA:434,41,1,0
BRDA:444,42,0,0
BRDA:444,42,1,0
BRDA:453,43,0,0
BRDA:453,43,1,0
BRDA:462,44,0,0
BRDA:462,44,1,0
BRDA:462,44,2,0
BRDA:462,44,3,0
BRDA:462,44,4,0
BRDA:462,44,5,0
BRDA:462,44,6,0
BRDA:472,45,0,0
BRDA:472,45,1,0
BRDA:474,46,0,0
BRDA:474,46,1,0
BRDA:506,47,0,0
BRDA:506,47,1,0
BRDA:508,48,0,0
BRDA:508,48,1,0
BRDA:539,49,0,0
BRDA:539,49,1,0
BRDA:541,50,0,0
BRDA:541,50,1,0
BRF:107
BRH:0
end_of_record
TN:
SF:Components\Expense\ManualAdditionOfExpense.js
FN:43,ManualAdditionOfExpense
FN:60,(anonymous_1)
FN:63,(anonymous_2)
FN:77,(anonymous_3)
FN:85,(anonymous_4)
FN:86,(anonymous_5)
FN:90,(anonymous_6)
FN:115,showDatePicker
FN:120,onDateSelected
FN:131,(anonymous_9)
FN:133,(anonymous_10)
FN:138,(anonymous_11)
FN:144,(anonymous_12)
FN:146,(anonymous_13)
FN:150,(anonymous_14)
FN:156,(anonymous_15)
FN:164,hideToast
FN:174,hideToast
FN:187,hideToast
FN:196,(anonymous_19)
FN:198,(anonymous_20)
FN:207,(anonymous_21)
FN:220,(anonymous_22)
FN:236,(anonymous_23)
FN:244,(anonymous_24)
FN:280,(anonymous_25)
FN:300,(anonymous_26)
FN:322,(anonymous_27)
FN:347,(anonymous_28)
FN:358,(anonymous_29)
FN:371,(anonymous_30)
FN:408,(anonymous_31)
FN:420,(anonymous_32)
FN:428,(anonymous_33)
FN:431,(anonymous_34)
FN:455,onDisplayNotification
FN:539,(anonymous_36)
FN:554,(anonymous_37)
FN:563,(anonymous_38)
FN:581,(anonymous_39)
FN:610,(anonymous_40)
FN:619,(anonymous_41)
FN:630,(anonymous_42)
FN:644,(anonymous_43)
FN:653,(anonymous_44)
FN:662,(anonymous_45)
FNF:46
FNH:0
FNDA:0,ManualAdditionOfExpense
FNDA:0,(anonymous_1)
FNDA:0,(anonymous_2)
FNDA:0,(anonymous_3)
FNDA:0,(anonymous_4)
FNDA:0,(anonymous_5)
FNDA:0,(anonymous_6)
FNDA:0,showDatePicker
FNDA:0,onDateSelected
FNDA:0,(anonymous_9)
FNDA:0,(anonymous_10)
FNDA:0,(anonymous_11)
FNDA:0,(anonymous_12)
FNDA:0,(anonymous_13)
FNDA:0,(anonymous_14)
FNDA:0,(anonymous_15)
FNDA:0,hideToast
FNDA:0,hideToast
FNDA:0,hideToast
FNDA:0,(anonymous_19)
FNDA:0,(anonymous_20)
FNDA:0,(anonymous_21)
FNDA:0,(anonymous_22)
FNDA:0,(anonymous_23)
FNDA:0,(anonymous_24)
FNDA:0,(anonymous_25)
FNDA:0,(anonymous_26)
FNDA:0,(anonymous_27)
FNDA:0,(anonymous_28)
FNDA:0,(anonymous_29)
FNDA:0,(anonymous_30)
FNDA:0,(anonymous_31)
FNDA:0,(anonymous_32)
FNDA:0,(anonymous_33)
FNDA:0,(anonymous_34)
FNDA:0,onDisplayNotification
FNDA:0,(anonymous_36)
FNDA:0,(anonymous_37)
FNDA:0,(anonymous_38)
FNDA:0,(anonymous_39)
FNDA:0,(anonymous_40)
FNDA:0,(anonymous_41)
FNDA:0,(anonymous_42)
FNDA:0,(anonymous_43)
FNDA:0,(anonymous_44)
FNDA:0,(anonymous_45)
DA:38,1
DA:39,1
DA:41,1
DA:45,0
DA:46,0
DA:47,0
DA:48,0
DA:49,0
DA:50,0
DA:51,0
DA:52,0
DA:53,0
DA:54,0
DA:55,0
DA:56,0
DA:58,0
DA:60,0
DA:62,0
DA:63,0
DA:64,0
DA:65,0
DA:66,0
DA:73,0
DA:77,0
DA:79,0
DA:80,0
DA:81,0
DA:85,0
DA:86,0
DA:87,0
DA:88,0
DA:89,0
DA:90,0
DA:92,0
DA:93,0
DA:94,0
DA:98,0
DA:99,0
DA:100,0
DA:101,0
DA:102,0
DA:105,0
DA:107,0
DA:110,0
DA:116,0
DA:121,0
DA:122,0
DA:125,0
DA:127,0
DA:131,0
DA:132,0
DA:134,0
DA:135,0
DA:139,0
DA:144,0
DA:145,0
DA:147,0
DA:148,0
DA:151,0
DA:156,0
DA:158,0
DA:159,0
DA:160,0
DA:161,0
DA:164,0
DA:165,0
DA:167,0
DA:170,0
DA:171,0
DA:174,0
DA:175,0
DA:177,0
DA:180,0
DA:182,0
DA:187,0
DA:188,0
DA:191,0
DA:194,0
DA:195,0
DA:196,0
DA:197,0
DA:198,0
DA:199,0
DA:200,0
DA:203,0
DA:204,0
DA:205,0
DA:208,0
DA:211,0
DA:213,0
DA:214,0
DA:216,0
DA:217,0
DA:221,0
DA:223,0
DA:224,0
DA:226,0
DA:227,0
DA:229,0
DA:230,0
DA:232,0
DA:233,0
DA:237,0
DA:238,0
DA:239,0
DA:240,0
DA:244,0
DA:245,0
DA:247,0
DA:248,0
DA:249,0
DA:254,0
DA:255,0
DA:256,0
DA:257,0
DA:264,0
DA:265,0
DA:268,0
DA:269,0
DA:276,0
DA:279,0
DA:280,0
DA:285,0
DA:286,0
DA:287,0
DA:289,0
DA:291,0
DA:292,0
DA:293,0
DA:294,0
DA:295,0
DA:297,0
DA:298,0
DA:300,0
DA:301,0
DA:302,0
DA:303,0
DA:304,0
DA:305,0
DA:308,0
DA:309,0
DA:313,0
DA:314,0
DA:315,0
DA:316,0
DA:319,0
DA:321,0
DA:322,0
DA:323,0
DA:324,0
DA:325,0
DA:326,0
DA:327,0
DA:330,0
DA:331,0
DA:335,0
DA:336,0
DA:338,0
DA:339,0
DA:341,0
DA:346,0
DA:347,0
DA:348,0
DA:349,0
DA:350,0
DA:351,0
DA:352,0
DA:353,0
DA:357,0
DA:358,0
DA:359,0
DA:360,0
DA:361,0
DA:362,0
DA:363,0
DA:364,0
DA:370,0
DA:371,0
DA:372,0
DA:373,0
DA:374,0
DA:375,0
DA:376,0
DA:377,0
DA:380,0
DA:381,0
DA:385,0
DA:386,0
DA:387,0
DA:388,0
DA:389,0
DA:394,0
DA:399,0
DA:401,0
DA:402,0
DA:407,0
DA:408,0
DA:409,0
DA:413,0
DA:417,0
DA:418,0
DA:419,0
DA:420,0
DA:422,0
DA:424,0
DA:425,0
DA:429,0
DA:432,0
DA:441,0
DA:442,0
DA:444,0
DA:445,0
DA:451,0
DA:457,0
DA:460,0
DA:466,0
DA:478,0
DA:540,0
DA:542,0
DA:555,0
DA:564,0
DA:582,0
DA:583,0
DA:610,0
DA:620,0
DA:631,0
DA:645,0
DA:654,0
DA:655,0
DA:663,0
DA:664,0
DA:695,1
LF:232
LH:4
BRDA:62,0,0,0
BRDA:62,0,1,0
BRDA:65,1,0,0
BRDA:65,1,1,0
BRDA:79,2,0,0
BRDA:79,2,1,0
BRDA:79,3,0,0
BRDA:79,3,1,0
BRDA:134,4,0,0
BRDA:134,4,1,0
BRDA:160,5,0,0
BRDA:160,5,1,0
BRDA:170,6,0,0
BRDA:170,6,1,0
BRDA:180,7,0,0
BRDA:180,7,1,0
BRDA:180,8,0,0
BRDA:180,8,1,0
BRDA:180,8,2,0
BRDA:180,8,3,0
BRDA:180,8,4,0
BRDA:195,9,0,0
BRDA:195,9,1,0
BRDA:211,10,0,0
BRDA:211,10,1,0
BRDA:221,11,0,0
BRDA:221,11,1,0
BRDA:221,11,2,0
BRDA:221,11,3,0
BRDA:264,12,0,0
BRDA:264,12,1,0
BRDA:264,13,0,0
BRDA:264,13,1,0
BRDA:268,14,0,0
BRDA:268,14,1,0
BRDA:289,15,0,0
BRDA:289,15,1,0
BRDA:297,16,0,0
BRDA:297,16,1,0
BRDA:301,17,0,0
BRDA:301,17,1,0
BRDA:303,18,0,0
BRDA:303,18,1,0
BRDA:308,19,0,0
BRDA:308,19,1,0
BRDA:313,20,0,0
BRDA:313,20,1,0
BRDA:313,21,0,0
BRDA:313,21,1,0
BRDA:315,22,0,0
BRDA:315,22,1,0
BRDA:319,23,0,0
BRDA:319,23,1,0
BRDA:323,24,0,0
BRDA:323,24,1,0
BRDA:325,25,0,0
BRDA:325,25,1,0
BRDA:330,26,0,0
BRDA:330,26,1,0
BRDA:335,27,0,0
BRDA:335,27,1,0
BRDA:335,28,0,0
BRDA:335,28,1,0
BRDA:338,29,0,0
BRDA:338,29,1,0
BRDA:348,30,0,0
BRDA:348,30,1,0
BRDA:350,31,0,0
BRDA:350,31,1,0
BRDA:357,32,0,0
BRDA:357,32,1,0
BRDA:359,33,0,0
BRDA:359,33,1,0
BRDA:361,34,0,0
BRDA:361,34,1,0
BRDA:370,35,0,0
BRDA:370,35,1,0
BRDA:372,36,0,0
BRDA:372,36,1,0
BRDA:374,37,0,0
BRDA:374,37,1,0
BRDA:380,38,0,0
BRDA:380,38,1,0
BRDA:385,39,0,0
BRDA:385,39,1,0
BRDA:385,40,0,0
BRDA:385,40,1,0
BRDA:388,41,0,0
BRDA:388,41,1,0
BRDA:399,42,0,0
BRDA:399,42,1,0
BRDA:417,43,0,0
BRDA:417,43,1,0
BRDA:422,44,0,0
BRDA:422,44,1,0
BRDA:498,45,0,0
BRDA:498,45,1,0
BRDA:502,46,0,0
BRDA:502,46,1,0
BRDA:511,47,0,0
BRDA:511,47,1,0
BRDA:540,48,0,0
BRDA:540,48,1,0
BRDA:609,49,0,0
BRDA:609,49,1,0
BRDA:658,50,0,0
BRDA:658,50,1,0
BRF:107
BRH:0
end_of_record
TN:
SF:Components\Expense\RedirectToPaymentApps.js
FN:53,RedirectToPaymentApps
FN:76,onDisplayNotification
FN:99,(anonymous_2)
FN:102,(anonymous_3)
FN:116,(anonymous_4)
FN:131,(anonymous_5)
FN:132,(anonymous_6)
FN:136,(anonymous_7)
FN:161,showDatePicker
FN:165,onDateSelected
FN:171,(anonymous_10)
FN:173,(anonymous_11)
FN:178,(anonymous_12)
FN:184,(anonymous_13)
FN:186,(anonymous_14)
FN:190,(anonymous_15)
FN:195,(anonymous_16)
FN:207,hideToast
FN:217,hideToast
FN:227,hideToast
FN:241,hideToast
FN:250,(anonymous_21)
FN:252,(anonymous_22)
FN:261,(anonymous_23)
FN:274,(anonymous_24)
FN:290,(anonymous_25)
FN:298,(anonymous_26)
FN:334,(anonymous_27)
FN:354,(anonymous_28)
FN:376,(anonymous_29)
FN:401,(anonymous_30)
FN:412,(anonymous_31)
FN:425,(anonymous_32)
FN:464,(anonymous_33)
FN:476,(anonymous_34)
FN:484,(anonymous_35)
FN:487,(anonymous_36)
FN:511,(anonymous_37)
FN:521,(anonymous_38)
FN:533,(anonymous_39)
FN:561,(anonymous_40)
FN:574,(anonymous_41)
FN:584,(anonymous_42)
FN:659,(anonymous_43)
FN:673,(anonymous_44)
FN:682,(anonymous_45)
FN:689,(anonymous_46)
FN:718,(anonymous_47)
FN:756,(anonymous_48)
FN:768,(anonymous_49)
FN:775,(anonymous_50)
FN:781,(anonymous_51)
FN:804,(anonymous_52)
FN:836,(anonymous_53)
FN:854,(anonymous_54)
FN:888,(anonymous_55)
FN:899,(anonymous_56)
FN:913,(anonymous_57)
FN:922,(anonymous_58)
FN:931,(anonymous_59)
FNF:60
FNH:0
FNDA:0,RedirectToPaymentApps
FNDA:0,onDisplayNotification
FNDA:0,(anonymous_2)
FNDA:0,(anonymous_3)
FNDA:0,(anonymous_4)
FNDA:0,(anonymous_5)
FNDA:0,(anonymous_6)
FNDA:0,(anonymous_7)
FNDA:0,showDatePicker
FNDA:0,onDateSelected
FNDA:0,(anonymous_10)
FNDA:0,(anonymous_11)
FNDA:0,(anonymous_12)
FNDA:0,(anonymous_13)
FNDA:0,(anonymous_14)
FNDA:0,(anonymous_15)
FNDA:0,(anonymous_16)
FNDA:0,hideToast
FNDA:0,hideToast
FNDA:0,hideToast
FNDA:0,hideToast
FNDA:0,(anonymous_21)
FNDA:0,(anonymous_22)
FNDA:0,(anonymous_23)
FNDA:0,(anonymous_24)
FNDA:0,(anonymous_25)
FNDA:0,(anonymous_26)
FNDA:0,(anonymous_27)
FNDA:0,(anonymous_28)
FNDA:0,(anonymous_29)
FNDA:0,(anonymous_30)
FNDA:0,(anonymous_31)
FNDA:0,(anonymous_32)
FNDA:0,(anonymous_33)
FNDA:0,(anonymous_34)
FNDA:0,(anonymous_35)
FNDA:0,(anonymous_36)
FNDA:0,(anonymous_37)
FNDA:0,(anonymous_38)
FNDA:0,(anonymous_39)
FNDA:0,(anonymous_40)
FNDA:0,(anonymous_41)
FNDA:0,(anonymous_42)
FNDA:0,(anonymous_43)
FNDA:0,(anonymous_44)
FNDA:0,(anonymous_45)
FNDA:0,(anonymous_46)
FNDA:0,(anonymous_47)
FNDA:0,(anonymous_48)
FNDA:0,(anonymous_49)
FNDA:0,(anonymous_50)
FNDA:0,(anonymous_51)
FNDA:0,(anonymous_52)
FNDA:0,(anonymous_53)
FNDA:0,(anonymous_54)
FNDA:0,(anonymous_55)
FNDA:0,(anonymous_56)
FNDA:0,(anonymous_57)
FNDA:0,(anonymous_58)
FNDA:0,(anonymous_59)
DA:45,1
DA:47,1
DA:50,1
DA:51,1
DA:55,0
DA:56,0
DA:57,0
DA:58,0
DA:59,0
DA:60,0
DA:61,0
DA:62,0
DA:63,0
DA:64,0
DA:65,0
DA:66,0
DA:67,0
DA:68,0
DA:69,0
DA:70,0
DA:71,0
DA:72,0
DA:73,0
DA:74,0
DA:78,0
DA:81,0
DA:87,0
DA:99,0
DA:101,0
DA:102,0
DA:103,0
DA:104,0
DA:105,0
DA:112,0
DA:116,0
DA:118,0
DA:119,0
DA:120,0
DA:125,0
DA:131,0
DA:132,0
DA:133,0
DA:134,0
DA:135,0
DA:136,0
DA:138,0
DA:139,0
DA:140,0
DA:144,0
DA:145,0
DA:146,0
DA:147,0
DA:148,0
DA:151,0
DA:153,0
DA:156,0
DA:162,0
DA:166,0
DA:167,0
DA:171,0
DA:172,0
DA:174,0
DA:175,0
DA:179,0
DA:184,0
DA:185,0
DA:187,0
DA:188,0
DA:191,0
DA:195,0
DA:197,0
DA:198,0
DA:200,0
DA:202,0
DA:207,0
DA:208,0
DA:210,0
DA:213,0
DA:214,0
DA:217,0
DA:218,0
DA:220,0
DA:223,0
DA:224,0
DA:227,0
DA:228,0
DA:230,0
DA:233,0
DA:236,0
DA:241,0
DA:242,0
DA:245,0
DA:248,0
DA:249,0
DA:250,0
DA:251,0
DA:252,0
DA:253,0
DA:254,0
DA:257,0
DA:258,0
DA:259,0
DA:262,0
DA:265,0
DA:267,0
DA:268,0
DA:270,0
DA:271,0
DA:275,0
DA:277,0
DA:278,0
DA:280,0
DA:281,0
DA:283,0
DA:284,0
DA:286,0
DA:287,0
DA:291,0
DA:292,0
DA:293,0
DA:294,0
DA:298,0
DA:299,0
DA:301,0
DA:302,0
DA:303,0
DA:308,0
DA:309,0
DA:310,0
DA:311,0
DA:318,0
DA:319,0
DA:322,0
DA:323,0
DA:330,0
DA:333,0
DA:334,0
DA:339,0
DA:340,0
DA:341,0
DA:343,0
DA:345,0
DA:346,0
DA:347,0
DA:348,0
DA:349,0
DA:351,0
DA:352,0
DA:354,0
DA:355,0
DA:356,0
DA:357,0
DA:358,0
DA:359,0
DA:362,0
DA:363,0
DA:367,0
DA:368,0
DA:369,0
DA:370,0
DA:373,0
DA:375,0
DA:376,0
DA:377,0
DA:378,0
DA:379,0
DA:380,0
DA:381,0
DA:384,0
DA:385,0
DA:389,0
DA:390,0
DA:392,0
DA:393,0
DA:395,0
DA:400,0
DA:401,0
DA:402,0
DA:403,0
DA:404,0
DA:405,0
DA:406,0
DA:407,0
DA:411,0
DA:412,0
DA:413,0
DA:414,0
DA:415,0
DA:416,0
DA:417,0
DA:418,0
DA:424,0
DA:425,0
DA:426,0
DA:427,0
DA:428,0
DA:429,0
DA:430,0
DA:431,0
DA:434,0
DA:435,0
DA:439,0
DA:440,0
DA:441,0
DA:442,0
DA:443,0
DA:448,0
DA:453,0
DA:455,0
DA:456,0
DA:463,0
DA:464,0
DA:465,0
DA:469,0
DA:473,0
DA:474,0
DA:475,0
DA:476,0
DA:478,0
DA:480,0
DA:481,0
DA:485,0
DA:488,0
DA:497,0
DA:498,0
DA:500,0
DA:501,0
DA:507,0
DA:511,0
DA:512,0
DA:514,0
DA:517,0
DA:521,0
DA:522,0
DA:523,0
DA:524,0
DA:525,0
DA:526,0
DA:527,0
DA:528,0
DA:530,0
DA:533,0
DA:534,0
DA:536,0
DA:538,0
DA:540,0
DA:541,0
DA:542,0
DA:543,0
DA:544,0
DA:545,0
DA:546,0
DA:547,0
DA:548,0
DA:552,0
DA:555,0
DA:558,0
DA:561,0
DA:562,0
DA:564,0
DA:565,0
DA:566,0
DA:567,0
DA:570,0
DA:574,0
DA:576,0
DA:577,0
DA:578,0
DA:579,0
DA:580,0
DA:581,0
DA:584,0
DA:586,0
DA:587,0
DA:588,0
DA:589,0
DA:590,0
DA:591,0
DA:592,0
DA:593,0
DA:596,0
DA:600,0
DA:660,0
DA:662,0
DA:674,0
DA:683,0
DA:690,0
DA:691,0
DA:718,0
DA:757,0
DA:769,0
DA:776,0
DA:782,0
DA:783,0
DA:805,0
DA:806,0
DA:837,0
DA:855,0
DA:856,0
DA:889,0
DA:900,0
DA:914,0
DA:923,0
DA:924,0
DA:932,0
DA:933,0
DA:962,1
LF:307
LH:5
BRDA:101,0,0,0
BRDA:101,0,1,0
BRDA:104,1,0,0
BRDA:104,1,1,0
BRDA:118,2,0,0
BRDA:118,2,1,0
BRDA:118,3,0,0
BRDA:118,3,1,0
BRDA:174,4,0,0
BRDA:174,4,1,0
BRDA:200,5,0,0
BRDA:200,5,1,0
BRDA:213,6,0,0
BRDA:213,6,1,0
BRDA:223,7,0,0
BRDA:223,7,1,0
BRDA:233,8,0,0
BRDA:233,8,1,0
BRDA:233,9,0,0
BRDA:233,9,1,0
BRDA:233,9,2,0
BRDA:233,9,3,0
BRDA:233,9,4,0
BRDA:249,10,0,0
BRDA:249,10,1,0
BRDA:265,11,0,0
BRDA:265,11,1,0
BRDA:275,12,0,0
BRDA:275,12,1,0
BRDA:275,12,2,0
BRDA:275,12,3,0
BRDA:318,13,0,0
BRDA:318,13,1,0
BRDA:318,14,0,0
BRDA:318,14,1,0
BRDA:322,15,0,0
BRDA:322,15,1,0
BRDA:343,16,0,0
BRDA:343,16,1,0
BRDA:351,17,0,0
BRDA:351,17,1,0
BRDA:355,18,0,0
BRDA:355,18,1,0
BRDA:357,19,0,0
BRDA:357,19,1,0
BRDA:362,20,0,0
BRDA:362,20,1,0
BRDA:367,21,0,0
BRDA:367,21,1,0
BRDA:367,22,0,0
BRDA:367,22,1,0
BRDA:369,23,0,0
BRDA:369,23,1,0
BRDA:373,24,0,0
BRDA:373,24,1,0
BRDA:377,25,0,0
BRDA:377,25,1,0
BRDA:379,26,0,0
BRDA:379,26,1,0
BRDA:384,27,0,0
BRDA:384,27,1,0
BRDA:389,28,0,0
BRDA:389,28,1,0
BRDA:389,29,0,0
BRDA:389,29,1,0
BRDA:392,30,0,0
BRDA:392,30,1,0
BRDA:402,31,0,0
BRDA:402,31,1,0
BRDA:404,32,0,0
BRDA:404,32,1,0
BRDA:411,33,0,0
BRDA:411,33,1,0
BRDA:413,34,0,0
BRDA:413,34,1,0
BRDA:415,35,0,0
BRDA:415,35,1,0
BRDA:424,36,0,0
BRDA:424,36,1,0
BRDA:426,37,0,0
BRDA:426,37,1,0
BRDA:428,38,0,0
BRDA:428,38,1,0
BRDA:434,39,0,0
BRDA:434,39,1,0
BRDA:439,40,0,0
BRDA:439,40,1,0
BRDA:439,41,0,0
BRDA:439,41,1,0
BRDA:442,42,0,0
BRDA:442,42,1,0
BRDA:453,43,0,0
BRDA:453,43,1,0
BRDA:473,44,0,0
BRDA:473,44,1,0
BRDA:478,45,0,0
BRDA:478,45,1,0
BRDA:512,46,0,0
BRDA:512,46,1,0
BRDA:536,47,0,0
BRDA:536,47,1,0
BRDA:536,48,0,0
BRDA:536,48,1,0
BRDA:536,48,2,0
BRDA:538,49,0,0
BRDA:538,49,1,0
BRDA:547,50,0,0
BRDA:547,50,1,0
BRDA:562,51,0,0
BRDA:562,51,1,0
BRDA:577,52,0,0
BRDA:577,52,1,0
BRDA:591,53,0,0
BRDA:591,53,1,0
BRDA:619,54,0,0
BRDA:619,54,1,0
BRDA:623,55,0,0
BRDA:623,55,1,0
BRDA:632,56,0,0
BRDA:632,56,1,0
BRDA:660,57,0,0
BRDA:660,57,1,0
BRDA:717,58,0,0
BRDA:717,58,1,0
BRDA:728,59,0,0
BRDA:728,59,1,0
BRDA:739,60,0,0
BRDA:739,60,1,0
BRDA:927,61,0,0
BRDA:927,61,1,0
BRF:130
BRH:0
end_of_record
TN:
SF:Components\Expense\ScanBills.js
FN:30,ScanBills
FN:54,onDisplayNotification
FN:77,(anonymous_2)
FN:80,(anonymous_3)
FN:94,(anonymous_4)
FN:103,(anonymous_5)
FN:106,(anonymous_6)
FN:125,(anonymous_7)
FN:126,(anonymous_8)
FN:130,(anonymous_9)
FN:155,showDatePicker
FN:160,onDateSelected
FN:167,(anonymous_12)
FN:169,(anonymous_13)
FN:174,(anonymous_14)
FN:180,(anonymous_15)
FN:182,(anonymous_16)
FN:186,(anonymous_17)
FN:191,(anonymous_18)
FN:203,(anonymous_19)
FN:231,(anonymous_20)
FN:248,(anonymous_21)
FN:256,hideToast
FN:266,hideToast
FN:280,hideToast
FN:289,(anonymous_25)
FN:291,(anonymous_26)
FN:300,(anonymous_27)
FN:313,(anonymous_28)
FN:329,(anonymous_29)
FN:337,(anonymous_30)
FN:373,(anonymous_31)
FN:393,(anonymous_32)
FN:415,(anonymous_33)
FN:440,(anonymous_34)
FN:451,(anonymous_35)
FN:464,(anonymous_36)
FN:502,(anonymous_37)
FN:514,(anonymous_38)
FN:521,(anonymous_39)
FN:524,(anonymous_40)
FN:562,(anonymous_41)
FN:576,(anonymous_42)
FN:585,(anonymous_43)
FN:594,(anonymous_44)
FN:678,(anonymous_45)
FN:693,(anonymous_46)
FN:702,(anonymous_47)
FN:709,(anonymous_48)
FN:738,(anonymous_49)
FN:747,(anonymous_50)
FNF:51
FNH:0
FNDA:0,ScanBills
FNDA:0,onDisplayNotification
FNDA:0,(anonymous_2)
FNDA:0,(anonymous_3)
FNDA:0,(anonymous_4)
FNDA:0,(anonymous_5)
FNDA:0,(anonymous_6)
FNDA:0,(anonymous_7)
FNDA:0,(anonymous_8)
FNDA:0,(anonymous_9)
FNDA:0,showDatePicker
FNDA:0,onDateSelected
FNDA:0,(anonymous_12)
FNDA:0,(anonymous_13)
FNDA:0,(anonymous_14)
FNDA:0,(anonymous_15)
FNDA:0,(anonymous_16)
FNDA:0,(anonymous_17)
FNDA:0,(anonymous_18)
FNDA:0,(anonymous_19)
FNDA:0,(anonymous_20)
FNDA:0,(anonymous_21)
FNDA:0,hideToast
FNDA:0,hideToast
FNDA:0,hideToast
FNDA:0,(anonymous_25)
FNDA:0,(anonymous_26)
FNDA:0,(anonymous_27)
FNDA:0,(anonymous_28)
FNDA:0,(anonymous_29)
FNDA:0,(anonymous_30)
FNDA:0,(anonymous_31)
FNDA:0,(anonymous_32)
FNDA:0,(anonymous_33)
FNDA:0,(anonymous_34)
FNDA:0,(anonymous_35)
FNDA:0,(anonymous_36)
FNDA:0,(anonymous_37)
FNDA:0,(anonymous_38)
FNDA:0,(anonymous_39)
FNDA:0,(anonymous_40)
FNDA:0,(anonymous_41)
FNDA:0,(anonymous_42)
FNDA:0,(anonymous_43)
FNDA:0,(anonymous_44)
FNDA:0,(anonymous_45)
FNDA:0,(anonymous_46)
FNDA:0,(anonymous_47)
FNDA:0,(anonymous_48)
FNDA:0,(anonymous_49)
FNDA:0,(anonymous_50)
DA:25,1
DA:26,1
DA:28,1
DA:32,0
DA:33,0
DA:34,0
DA:35,0
DA:36,0
DA:37,0
DA:38,0
DA:41,0
DA:42,0
DA:43,0
DA:44,0
DA:45,0
DA:46,0
DA:47,0
DA:48,0
DA:49,0
DA:50,0
DA:52,0
DA:56,0
DA:59,0
DA:65,0
DA:77,0
DA:79,0
DA:80,0
DA:81,0
DA:82,0
DA:83,0
DA:90,0
DA:94,0
DA:96,0
DA:97,0
DA:98,0
DA:103,0
DA:104,0
DA:105,0
DA:106,0
DA:107,0
DA:108,0
DA:109,0
DA:110,0
DA:114,0
DA:115,0
DA:116,0
DA:118,0
DA:119,0
DA:120,0
DA:121,0
DA:125,0
DA:126,0
DA:127,0
DA:128,0
DA:129,0
DA:130,0
DA:132,0
DA:133,0
DA:134,0
DA:138,0
DA:139,0
DA:140,0
DA:141,0
DA:142,0
DA:145,0
DA:147,0
DA:150,0
DA:156,0
DA:161,0
DA:162,0
DA:165,0
DA:167,0
DA:168,0
DA:170,0
DA:171,0
DA:175,0
DA:180,0
DA:181,0
DA:183,0
DA:184,0
DA:187,0
DA:191,0
DA:192,0
DA:193,0
DA:196,0
DA:197,0
DA:199,0
DA:203,0
DA:205,0
DA:208,0
DA:212,0
DA:213,0
DA:214,0
DA:216,0
DA:226,0
DA:228,0
DA:231,0
DA:232,0
DA:233,0
DA:234,0
DA:238,0
DA:239,0
DA:240,0
DA:242,0
DA:244,0
DA:248,0
DA:250,0
DA:251,0
DA:252,0
DA:253,0
DA:256,0
DA:257,0
DA:259,0
DA:262,0
DA:263,0
DA:266,0
DA:267,0
DA:269,0
DA:272,0
DA:275,0
DA:280,0
DA:281,0
DA:284,0
DA:287,0
DA:288,0
DA:289,0
DA:290,0
DA:291,0
DA:292,0
DA:293,0
DA:296,0
DA:297,0
DA:298,0
DA:301,0
DA:304,0
DA:306,0
DA:307,0
DA:309,0
DA:310,0
DA:314,0
DA:316,0
DA:317,0
DA:319,0
DA:320,0
DA:322,0
DA:323,0
DA:325,0
DA:326,0
DA:330,0
DA:331,0
DA:332,0
DA:333,0
DA:337,0
DA:338,0
DA:340,0
DA:341,0
DA:342,0
DA:347,0
DA:348,0
DA:349,0
DA:350,0
DA:357,0
DA:358,0
DA:361,0
DA:362,0
DA:369,0
DA:372,0
DA:373,0
DA:378,0
DA:379,0
DA:380,0
DA:382,0
DA:384,0
DA:385,0
DA:386,0
DA:387,0
DA:388,0
DA:390,0
DA:391,0
DA:393,0
DA:394,0
DA:395,0
DA:396,0
DA:397,0
DA:398,0
DA:401,0
DA:402,0
DA:406,0
DA:407,0
DA:408,0
DA:409,0
DA:412,0
DA:414,0
DA:415,0
DA:416,0
DA:417,0
DA:418,0
DA:419,0
DA:420,0
DA:423,0
DA:424,0
DA:428,0
DA:429,0
DA:431,0
DA:432,0
DA:434,0
DA:439,0
DA:440,0
DA:441,0
DA:442,0
DA:443,0
DA:444,0
DA:445,0
DA:446,0
DA:450,0
DA:451,0
DA:452,0
DA:453,0
DA:454,0
DA:455,0
DA:456,0
DA:457,0
DA:463,0
DA:464,0
DA:465,0
DA:466,0
DA:467,0
DA:468,0
DA:469,0
DA:470,0
DA:473,0
DA:474,0
DA:478,0
DA:479,0
DA:480,0
DA:481,0
DA:482,0
DA:487,0
DA:492,0
DA:494,0
DA:495,0
DA:501,0
DA:502,0
DA:503,0
DA:507,0
DA:511,0
DA:512,0
DA:513,0
DA:514,0
DA:516,0
DA:517,0
DA:518,0
DA:522,0
DA:525,0
DA:534,0
DA:535,0
DA:538,0
DA:539,0
DA:545,0
DA:550,0
DA:563,0
DA:577,0
DA:586,0
DA:587,0
DA:595,0
DA:596,0
DA:679,0
DA:681,0
DA:694,0
DA:703,0
DA:710,0
DA:711,0
DA:738,0
DA:748,0
DA:779,1
LF:275
LH:4
BRDA:79,0,0,0
BRDA:79,0,1,0
BRDA:82,1,0,0
BRDA:82,1,1,0
BRDA:96,2,0,0
BRDA:96,2,1,0
BRDA:96,3,0,0
BRDA:96,3,1,0
BRDA:104,4,0,0
BRDA:104,4,1,0
BRDA:107,5,0,0
BRDA:107,5,1,0
BRDA:114,6,0,0
BRDA:114,6,1,0
BRDA:170,7,0,0
BRDA:170,7,1,0
BRDA:232,8,0,0
BRDA:232,8,1,0
BRDA:252,9,0,0
BRDA:252,9,1,0
BRDA:262,10,0,0
BRDA:262,10,1,0
BRDA:272,11,0,0
BRDA:272,11,1,0
BRDA:272,12,0,0
BRDA:272,12,1,0
BRDA:272,12,2,0
BRDA:272,12,3,0
BRDA:272,12,4,0
BRDA:288,13,0,0
BRDA:288,13,1,0
BRDA:304,14,0,0
BRDA:304,14,1,0
BRDA:314,15,0,0
BRDA:314,15,1,0
BRDA:314,15,2,0
BRDA:314,15,3,0
BRDA:357,16,0,0
BRDA:357,16,1,0
BRDA:357,17,0,0
BRDA:357,17,1,0
BRDA:361,18,0,0
BRDA:361,18,1,0
BRDA:382,19,0,0
BRDA:382,19,1,0
BRDA:390,20,0,0
BRDA:390,20,1,0
BRDA:394,21,0,0
BRDA:394,21,1,0
BRDA:396,22,0,0
BRDA:396,22,1,0
BRDA:401,23,0,0
BRDA:401,23,1,0
BRDA:406,24,0,0
BRDA:406,24,1,0
BRDA:406,25,0,0
BRDA:406,25,1,0
BRDA:408,26,0,0
BRDA:408,26,1,0
BRDA:412,27,0,0
BRDA:412,27,1,0
BRDA:416,28,0,0
BRDA:416,28,1,0
BRDA:418,29,0,0
BRDA:418,29,1,0
BRDA:423,30,0,0
BRDA:423,30,1,0
BRDA:428,31,0,0
BRDA:428,31,1,0
BRDA:428,32,0,0
BRDA:428,32,1,0
BRDA:431,33,0,0
BRDA:431,33,1,0
BRDA:441,34,0,0
BRDA:441,34,1,0
BRDA:443,35,0,0
BRDA:443,35,1,0
BRDA:450,36,0,0
BRDA:450,36,1,0
BRDA:452,37,0,0
BRDA:452,37,1,0
BRDA:454,38,0,0
BRDA:454,38,1,0
BRDA:463,39,0,0
BRDA:463,39,1,0
BRDA:465,40,0,0
BRDA:465,40,1,0
BRDA:467,41,0,0
BRDA:467,41,1,0
BRDA:473,42,0,0
BRDA:473,42,1,0
BRDA:478,43,0,0
BRDA:478,43,1,0
BRDA:478,44,0,0
BRDA:478,44,1,0
BRDA:481,45,0,0
BRDA:481,45,1,0
BRDA:492,46,0,0
BRDA:492,46,1,0
BRDA:511,47,0,0
BRDA:511,47,1,0
BRDA:516,48,0,0
BRDA:516,48,1,0
BRDA:590,49,0,0
BRDA:590,49,1,0
BRDA:622,50,0,0
BRDA:622,50,1,0
BRDA:622,50,2,0
BRDA:622,50,3,0
BRDA:637,51,0,0
BRDA:637,51,1,0
BRDA:641,52,0,0
BRDA:641,52,1,0
BRDA:650,53,0,0
BRDA:650,53,1,0
BRDA:653,54,0,0
BRDA:653,54,1,0
BRDA:679,55,0,0
BRDA:679,55,1,0
BRDA:737,56,0,0
BRDA:737,56,1,0
BRF:121
BRH:0
end_of_record
TN:
SF:Components\Expense\ShowExpenseDetails.js
FN:55,ShowExpenseDetails
FN:76,onDisplayNotification
FN:99,(anonymous_2)
FN:102,(anonymous_3)
FN:117,(anonymous_4)
FN:127,(anonymous_5)
FN:131,(anonymous_6)
FN:157,showDatePicker
FN:161,onDateSelected
FN:166,(anonymous_9)
FN:178,(anonymous_10)
FN:189,hideToast
FN:200,hideToast
FN:212,hideToast
FN:220,(anonymous_14)
FN:222,(anonymous_15)
FN:225,(anonymous_16)
FN:250,(anonymous_17)
FN:264,(anonymous_18)
FN:282,(anonymous_19)
FN:284,(anonymous_20)
FN:358,(anonymous_21)
FN:379,(anonymous_22)
FN:416,(anonymous_23)
FN:441,(anonymous_24)
FN:480,(anonymous_25)
FN:491,(anonymous_26)
FN:504,(anonymous_27)
FN:530,(anonymous_28)
FN:546,(anonymous_29)
FN:564,(anonymous_30)
FN:619,(anonymous_31)
FN:641,(anonymous_32)
FN:645,(anonymous_33)
FN:654,(anonymous_34)
FN:662,(anonymous_35)
FN:669,(anonymous_36)
FN:683,(anonymous_37)
FN:685,(anonymous_38)
FN:690,(anonymous_39)
FN:696,(anonymous_40)
FN:698,(anonymous_41)
FN:702,(anonymous_42)
FN:707,(anonymous_43)
FN:712,(anonymous_44)
FN:720,(anonymous_45)
FN:723,(anonymous_46)
FN:750,(anonymous_47)
FN:800,(anonymous_48)
FN:816,(anonymous_49)
FN:825,(anonymous_50)
FN:832,(anonymous_51)
FN:861,(anonymous_52)
FN:864,(anonymous_53)
FN:875,(anonymous_54)
FN:887,(anonymous_55)
FN:901,(anonymous_56)
FN:910,(anonymous_57)
FN:919,(anonymous_58)
FN:942,(anonymous_59)
FNF:60
FNH:0
FNDA:0,ShowExpenseDetails
FNDA:0,onDisplayNotification
FNDA:0,(anonymous_2)
FNDA:0,(anonymous_3)
FNDA:0,(anonymous_4)
FNDA:0,(anonymous_5)
FNDA:0,(anonymous_6)
FNDA:0,showDatePicker
FNDA:0,onDateSelected
FNDA:0,(anonymous_9)
FNDA:0,(anonymous_10)
FNDA:0,hideToast
FNDA:0,hideToast
FNDA:0,hideToast
FNDA:0,(anonymous_14)
FNDA:0,(anonymous_15)
FNDA:0,(anonymous_16)
FNDA:0,(anonymous_17)
FNDA:0,(anonymous_18)
FNDA:0,(anonymous_19)
FNDA:0,(anonymous_20)
FNDA:0,(anonymous_21)
FNDA:0,(anonymous_22)
FNDA:0,(anonymous_23)
FNDA:0,(anonymous_24)
FNDA:0,(anonymous_25)
FNDA:0,(anonymous_26)
FNDA:0,(anonymous_27)
FNDA:0,(anonymous_28)
FNDA:0,(anonymous_29)
FNDA:0,(anonymous_30)
FNDA:0,(anonymous_31)
FNDA:0,(anonymous_32)
FNDA:0,(anonymous_33)
FNDA:0,(anonymous_34)
FNDA:0,(anonymous_35)
FNDA:0,(anonymous_36)
FNDA:0,(anonymous_37)
FNDA:0,(anonymous_38)
FNDA:0,(anonymous_39)
FNDA:0,(anonymous_40)
FNDA:0,(anonymous_41)
FNDA:0,(anonymous_42)
FNDA:0,(anonymous_43)
FNDA:0,(anonymous_44)
FNDA:0,(anonymous_45)
FNDA:0,(anonymous_46)
FNDA:0,(anonymous_47)
FNDA:0,(anonymous_48)
FNDA:0,(anonymous_49)
FNDA:0,(anonymous_50)
FNDA:0,(anonymous_51)
FNDA:0,(anonymous_52)
FNDA:0,(anonymous_53)
FNDA:0,(anonymous_54)
FNDA:0,(anonymous_55)
FNDA:0,(anonymous_56)
FNDA:0,(anonymous_57)
FNDA:0,(anonymous_58)
FNDA:0,(anonymous_59)
DA:50,1
DA:51,1
DA:53,1
DA:57,0
DA:58,0
DA:59,0
DA:60,0
DA:61,0
DA:62,0
DA:63,0
DA:64,0
DA:65,0
DA:66,0
DA:67,0
DA:68,0
DA:69,0
DA:70,0
DA:72,0
DA:74,0
DA:78,0
DA:81,0
DA:87,0
DA:99,0
DA:101,0
DA:102,0
DA:103,0
DA:104,0
DA:105,0
DA:113,0
DA:117,0
DA:118,0
DA:119,0
DA:120,0
DA:121,0
DA:122,0
DA:123,0
DA:125,0
DA:126,0
DA:127,0
DA:128,0
DA:129,0
DA:130,0
DA:131,0
DA:133,0
DA:135,0
DA:139,0
DA:140,0
DA:141,0
DA:142,0
DA:147,0
DA:151,0
DA:152,0
DA:158,0
DA:162,0
DA:163,0
DA:166,0
DA:168,0
DA:170,0
DA:171,0
DA:172,0
DA:173,0
DA:178,0
DA:181,0
DA:182,0
DA:184,0
DA:189,0
DA:190,0
DA:193,0
DA:195,0
DA:200,0
DA:201,0
DA:204,0
DA:207,0
DA:212,0
DA:213,0
DA:218,0
DA:220,0
DA:221,0
DA:222,0
DA:223,0
DA:225,0
DA:226,0
DA:228,0
DA:229,0
DA:230,0
DA:235,0
DA:240,0
DA:241,0
DA:248,0
DA:253,0
DA:255,0
DA:257,0
DA:258,0
DA:260,0
DA:261,0
DA:267,0
DA:270,0
DA:273,0
DA:279,0
DA:284,0
DA:285,0
DA:292,0
DA:294,0
DA:295,0
DA:297,0
DA:305,0
DA:306,0
DA:309,0
DA:310,0
DA:313,0
DA:314,0
DA:317,0
DA:321,0
DA:323,0
DA:330,0
DA:331,0
DA:333,0
DA:336,0
DA:339,0
DA:340,0
DA:341,0
DA:343,0
DA:345,0
DA:346,0
DA:347,0
DA:348,0
DA:349,0
DA:350,0
DA:351,0
DA:353,0
DA:354,0
DA:356,0
DA:358,0
DA:359,0
DA:360,0
DA:361,0
DA:362,0
DA:363,0
DA:366,0
DA:367,0
DA:371,0
DA:372,0
DA:373,0
DA:374,0
DA:379,0
DA:381,0
DA:382,0
DA:383,0
DA:386,0
DA:387,0
DA:388,0
DA:389,0
DA:390,0
DA:393,0
DA:394,0
DA:398,0
DA:399,0
DA:401,0
DA:402,0
DA:403,0
DA:404,0
DA:410,0
DA:412,0
DA:414,0
DA:416,0
DA:417,0
DA:418,0
DA:419,0
DA:420,0
DA:421,0
DA:424,0
DA:425,0
DA:429,0
DA:430,0
DA:432,0
DA:433,0
DA:435,0
DA:441,0
DA:442,0
DA:443,0
DA:444,0
DA:446,0
DA:447,0
DA:448,0
DA:449,0
DA:450,0
DA:453,0
DA:454,0
DA:458,0
DA:459,0
DA:461,0
DA:463,0
DA:464,0
DA:465,0
DA:466,0
DA:469,0
DA:476,0
DA:478,0
DA:480,0
DA:481,0
DA:482,0
DA:483,0
DA:484,0
DA:485,0
DA:486,0
DA:490,0
DA:491,0
DA:492,0
DA:493,0
DA:494,0
DA:495,0
DA:496,0
DA:497,0
DA:503,0
DA:504,0
DA:505,0
DA:506,0
DA:507,0
DA:508,0
DA:509,0
DA:510,0
DA:513,0
DA:514,0
DA:518,0
DA:519,0
DA:520,0
DA:521,0
DA:522,0
DA:530,0
DA:531,0
DA:532,0
DA:533,0
DA:534,0
DA:536,0
DA:537,0
DA:538,0
DA:539,0
DA:540,0
DA:541,0
DA:545,0
DA:546,0
DA:547,0
DA:548,0
DA:549,0
DA:550,0
DA:552,0
DA:553,0
DA:554,0
DA:555,0
DA:556,0
DA:557,0
DA:563,0
DA:564,0
DA:565,0
DA:566,0
DA:567,0
DA:568,0
DA:570,0
DA:571,0
DA:572,0
DA:573,0
DA:574,0
DA:575,0
DA:578,0
DA:579,0
DA:583,0
DA:584,0
DA:585,0
DA:587,0
DA:588,0
DA:589,0
DA:590,0
DA:591,0
DA:598,0
DA:603,0
DA:605,0
DA:606,0
DA:614,0
DA:618,0
DA:619,0
DA:620,0
DA:623,0
DA:624,0
DA:628,0
DA:641,0
DA:642,0
DA:643,0
DA:644,0
DA:645,0
DA:647,0
DA:648,0
DA:650,0
DA:654,0
DA:657,0
DA:659,0
DA:662,0
DA:663,0
DA:664,0
DA:668,0
DA:669,0
DA:672,0
DA:678,0
DA:683,0
DA:684,0
DA:686,0
DA:687,0
DA:691,0
DA:696,0
DA:697,0
DA:700,0
DA:703,0
DA:707,0
DA:709,0
DA:710,0
DA:711,0
DA:712,0
DA:714,0
DA:716,0
DA:717,0
DA:721,0
DA:724,0
DA:734,0
DA:751,0
DA:752,0
DA:801,0
DA:803,0
DA:817,0
DA:826,0
DA:833,0
DA:834,0
DA:861,0
DA:864,0
DA:876,0
DA:888,0
DA:902,0
DA:911,0
DA:912,0
DA:920,0
DA:921,0
DA:943,0
DA:955,1
LF:341
LH:4
BRDA:101,0,0,0
BRDA:101,0,1,0
BRDA:104,1,0,0
BRDA:104,1,1,0
BRDA:108,2,0,0
BRDA:108,2,1,0
BRDA:122,3,0,0
BRDA:122,3,1,0
BRDA:168,4,0,0
BRDA:168,4,1,0
BRDA:168,5,0,0
BRDA:168,5,1,0
BRDA:182,6,0,0
BRDA:182,6,1,0
BRDA:193,7,0,0
BRDA:193,7,1,0
BRDA:204,8,0,0
BRDA:204,8,1,0
BRDA:204,9,0,0
BRDA:204,9,1,0
BRDA:204,9,2,0
BRDA:204,9,3,0
BRDA:204,9,4,0
BRDA:204,9,5,0
BRDA:218,10,0,0
BRDA:218,10,1,0
BRDA:255,11,0,0
BRDA:255,11,1,0
BRDA:267,12,0,0
BRDA:267,12,1,0
BRDA:267,12,2,0
BRDA:292,13,0,0
BRDA:292,13,1,0
BRDA:305,14,0,0
BRDA:305,14,1,0
BRDA:305,15,0,0
BRDA:305,15,1,0
BRDA:309,16,0,0
BRDA:309,16,1,0
BRDA:313,17,0,0
BRDA:313,17,1,0
BRDA:314,18,0,0
BRDA:314,18,1,0
BRDA:314,19,0,0
BRDA:314,19,1,0
BRDA:314,19,2,0
BRDA:330,20,0,0
BRDA:330,20,1,0
BRDA:331,21,0,0
BRDA:331,21,1,0
BRDA:331,22,0,0
BRDA:331,22,1,0
BRDA:331,22,2,0
BRDA:343,23,0,0
BRDA:343,23,1,0
BRDA:353,24,0,0
BRDA:353,24,1,0
BRDA:356,25,0,0
BRDA:356,25,1,0
BRDA:359,26,0,0
BRDA:359,26,1,0
BRDA:361,27,0,0
BRDA:361,27,1,0
BRDA:366,28,0,0
BRDA:366,28,1,0
BRDA:371,29,0,0
BRDA:371,29,1,0
BRDA:371,30,0,0
BRDA:371,30,1,0
BRDA:373,31,0,0
BRDA:373,31,1,0
BRDA:381,32,0,0
BRDA:381,32,1,0
BRDA:386,33,0,0
BRDA:386,33,1,0
BRDA:388,34,0,0
BRDA:388,34,1,0
BRDA:393,35,0,0
BRDA:393,35,1,0
BRDA:398,36,0,0
BRDA:398,36,1,0
BRDA:398,37,0,0
BRDA:398,37,1,0
BRDA:401,38,0,0
BRDA:401,38,1,0
BRDA:401,39,0,0
BRDA:401,39,1,0
BRDA:403,40,0,0
BRDA:403,40,1,0
BRDA:410,41,0,0
BRDA:410,41,1,0
BRDA:414,42,0,0
BRDA:414,42,1,0
BRDA:417,43,0,0
BRDA:417,43,1,0
BRDA:419,44,0,0
BRDA:419,44,1,0
BRDA:424,45,0,0
BRDA:424,45,1,0
BRDA:429,46,0,0
BRDA:429,46,1,0
BRDA:429,47,0,0
BRDA:429,47,1,0
BRDA:432,48,0,0
BRDA:432,48,1,0
BRDA:442,49,0,0
BRDA:442,49,1,0
BRDA:446,50,0,0
BRDA:446,50,1,0
BRDA:448,51,0,0
BRDA:448,51,1,0
BRDA:453,52,0,0
BRDA:453,52,1,0
BRDA:458,53,0,0
BRDA:458,53,1,0
BRDA:458,54,0,0
BRDA:458,54,1,0
BRDA:463,55,0,0
BRDA:463,55,1,0
BRDA:463,56,0,0
BRDA:463,56,1,0
BRDA:465,57,0,0
BRDA:465,57,1,0
BRDA:478,58,0,0
BRDA:478,58,1,0
BRDA:481,59,0,0
BRDA:481,59,1,0
BRDA:483,60,0,0
BRDA:483,60,1,0
BRDA:490,61,0,0
BRDA:490,61,1,0
BRDA:492,62,0,0
BRDA:492,62,1,0
BRDA:494,63,0,0
BRDA:494,63,1,0
BRDA:503,64,0,0
BRDA:503,64,1,0
BRDA:505,65,0,0
BRDA:505,65,1,0
BRDA:507,66,0,0
BRDA:507,66,1,0
BRDA:513,67,0,0
BRDA:513,67,1,0
BRDA:518,68,0,0
BRDA:518,68,1,0
BRDA:518,69,0,0
BRDA:518,69,1,0
BRDA:521,70,0,0
BRDA:521,70,1,0
BRDA:531,71,0,0
BRDA:531,71,1,0
BRDA:536,72,0,0
BRDA:536,72,1,0
BRDA:538,73,0,0
BRDA:538,73,1,0
BRDA:545,74,0,0
BRDA:545,74,1,0
BRDA:545,75,0,0
BRDA:545,75,1,0
BRDA:547,76,0,0
BRDA:547,76,1,0
BRDA:552,77,0,0
BRDA:552,77,1,0
BRDA:554,78,0,0
BRDA:554,78,1,0
BRDA:563,79,0,0
BRDA:563,79,1,0
BRDA:563,80,0,0
BRDA:563,80,1,0
BRDA:565,81,0,0
BRDA:565,81,1,0
BRDA:570,82,0,0
BRDA:570,82,1,0
BRDA:572,83,0,0
BRDA:572,83,1,0
BRDA:578,84,0,0
BRDA:578,84,1,0
BRDA:583,85,0,0
BRDA:583,85,1,0
BRDA:583,86,0,0
BRDA:583,86,1,0
BRDA:587,87,0,0
BRDA:587,87,1,0
BRDA:587,88,0,0
BRDA:587,88,1,0
BRDA:589,89,0,0
BRDA:589,89,1,0
BRDA:603,90,0,0
BRDA:603,90,1,0
BRDA:686,91,0,0
BRDA:686,91,1,0
BRDA:709,92,0,0
BRDA:709,92,1,0
BRDA:714,93,0,0
BRDA:714,93,1,0
BRDA:757,94,0,0
BRDA:757,94,1,0
BRDA:762,95,0,0
BRDA:762,95,1,0
BRDA:771,96,0,0
BRDA:771,96,1,0
BRDA:801,97,0,0
BRDA:801,97,1,0
BRDA:860,98,0,0
BRDA:860,98,1,0
BRDA:864,99,0,0
BRDA:864,99,1,0
BRDA:864,99,2,0
BRDA:864,99,3,0
BRDA:864,99,4,0
BRDA:864,99,5,0
BRDA:915,100,0,0
BRDA:915,100,1,0
BRF:213
BRH:0
end_of_record
TN:
SF:Components\FixedExpenses\AddFixedExp.js
FN:43,(anonymous_0)
FN:53,showDatePicker
FN:57,onDateSelected
FN:62,cancelNotifee
FN:69,onDisplayNotification
FN:90,onCreateTriggerNotification
FN:123,(anonymous_6)
FN:152,(anonymous_7)
FN:157,(anonymous_8)
FN:194,(anonymous_9)
FN:201,(anonymous_10)
FN:209,(anonymous_11)
FN:239,(anonymous_12)
FN:251,(anonymous_13)
FNF:14
FNH:0
FNDA:0,(anonymous_0)
FNDA:0,showDatePicker
FNDA:0,onDateSelected
FNDA:0,cancelNotifee
FNDA:0,onDisplayNotification
FNDA:0,onCreateTriggerNotification
FNDA:0,(anonymous_6)
FNDA:0,(anonymous_7)
FNDA:0,(anonymous_8)
FNDA:0,(anonymous_9)
FNDA:0,(anonymous_10)
FNDA:0,(anonymous_11)
FNDA:0,(anonymous_12)
FNDA:0,(anonymous_13)
DA:40,1
DA:41,1
DA:43,1
DA:44,0
DA:45,0
DA:46,0
DA:47,0
DA:48,0
DA:49,0
DA:50,0
DA:51,0
DA:54,0
DA:58,0
DA:59,0
DA:63,0
DA:65,0
DA:72,0
DA:78,0
DA:93,0
DA:100,0
DA:107,0
DA:119,0
DA:123,0
DA:125,0
DA:126,0
DA:127,0
DA:131,0
DA:133,0
DA:135,0
DA:139,0
DA:143,0
DA:145,0
DA:152,0
DA:157,0
DA:159,0
DA:160,0
DA:168,0
DA:169,0
DA:170,0
DA:177,0
DA:194,0
DA:201,0
DA:209,0
DA:239,0
DA:251,0
DA:281,1
LF:46
LH:4
BRDA:125,0,0,0
BRDA:125,0,1,0
BRDA:125,1,0,0
BRDA:125,1,1,0
BRDA:125,1,2,0
BRDA:131,2,0,0
BRDA:131,2,1,0
BRDA:212,3,0,0
BRDA:212,3,1,0
BRDA:216,4,0,0
BRDA:216,4,1,0
BRDA:226,5,0,0
BRDA:226,5,1,0
BRDA:295,6,0,1
BRDA:295,6,1,0
BRDA:338,7,0,1
BRDA:338,7,1,0
BRF:17
BRH:2
end_of_record
TN:
SF:Components\FixedExpenses\FixedExp.js
FN:48,(anonymous_0)
FN:58,(anonymous_1)
FN:66,(anonymous_2)
FN:67,(anonymous_3)
FN:75,(anonymous_4)
FN:80,(anonymous_5)
FN:84,(anonymous_6)
FN:97,(anonymous_7)
FN:109,(anonymous_8)
FN:116,(anonymous_9)
FN:122,(anonymous_10)
FN:127,onCreateTriggerNotification
FN:143,(anonymous_12)
FN:161,(anonymous_13)
FN:167,onCreateTriggerNotificationToAddExpenses
FN:182,(anonymous_15)
FN:203,cancelNotifee
FN:209,(anonymous_17)
FN:210,(anonymous_18)
FN:237,(anonymous_19)
FN:264,(anonymous_20)
FN:271,(anonymous_21)
FN:285,(anonymous_22)
FN:341,(anonymous_23)
FN:347,(anonymous_24)
FNF:25
FNH:0
FNDA:0,(anonymous_0)
FNDA:0,(anonymous_1)
FNDA:0,(anonymous_2)
FNDA:0,(anonymous_3)
FNDA:0,(anonymous_4)
FNDA:0,(anonymous_5)
FNDA:0,(anonymous_6)
FNDA:0,(anonymous_7)
FNDA:0,(anonymous_8)
FNDA:0,(anonymous_9)
FNDA:0,(anonymous_10)
FNDA:0,onCreateTriggerNotification
FNDA:0,(anonymous_12)
FNDA:0,(anonymous_13)
FNDA:0,onCreateTriggerNotificationToAddExpenses
FNDA:0,(anonymous_15)
FNDA:0,cancelNotifee
FNDA:0,(anonymous_17)
FNDA:0,(anonymous_18)
FNDA:0,(anonymous_19)
FNDA:0,(anonymous_20)
FNDA:0,(anonymous_21)
FNDA:0,(anonymous_22)
FNDA:0,(anonymous_23)
FNDA:0,(anonymous_24)
DA:45,1
DA:46,1
DA:48,1
DA:50,0
DA:51,0
DA:52,0
DA:53,0
DA:54,0
DA:55,0
DA:58,0
DA:60,0
DA:61,0
DA:63,0
DA:66,0
DA:67,0
DA:68,0
DA:72,0
DA:75,0
DA:76,0
DA:77,0
DA:80,0
DA:81,0
DA:82,0
DA:83,0
DA:84,0
DA:86,0
DA:87,0
DA:89,0
DA:90,0
DA:93,0
DA:97,0
DA:100,0
DA:101,0
DA:102,0
DA:106,0
DA:109,0
DA:110,0
DA:111,0
DA:112,0
DA:116,0
DA:117,0
DA:118,0
DA:119,0
DA:122,0
DA:123,0
DA:124,0
DA:136,0
DA:140,0
DA:144,0
DA:147,0
DA:154,0
DA:162,0
DA:175,0
DA:179,0
DA:183,0
DA:186,0
DA:192,0
DA:204,0
DA:205,0
DA:209,0
DA:210,0
DA:211,0
DA:213,0
DA:217,0
DA:220,0
DA:221,0
DA:222,0
DA:223,0
DA:224,0
DA:225,0
DA:229,0
DA:230,0
DA:231,0
DA:232,0
DA:233,0
DA:237,0
DA:239,0
DA:240,0
DA:243,0
DA:247,0
DA:250,0
DA:253,0
DA:265,0
DA:271,0
DA:285,0
DA:342,0
DA:347,0
DA:359,1
LF:88
LH:4
BRDA:60,0,0,0
BRDA:60,0,1,0
BRDA:213,1,0,0
BRDA:213,1,1,0
BRDA:284,2,0,0
BRDA:284,2,1,0
BRDA:286,3,0,0
BRDA:286,3,1,0
BRF:8
BRH:0
end_of_record
TN:
SF:Components\Income\AddIncome.js
FN:40,AddIncome
FN:60,(anonymous_1)
FN:61,(anonymous_2)
FN:65,(anonymous_3)
FN:90,showDatePicker
FN:94,onDateSelected
FN:100,(anonymous_6)
FN:109,(anonymous_7)
FN:116,(anonymous_8)
FN:121,hideToast
FN:131,hideToast
FN:139,(anonymous_11)
FN:141,(anonymous_12)
FN:150,(anonymous_13)
FN:163,(anonymous_14)
FN:179,(anonymous_15)
FN:187,(anonymous_16)
FN:213,(anonymous_17)
FN:291,(anonymous_18)
FN:312,(anonymous_19)
FN:321,(anonymous_20)
FN:329,(anonymous_21)
FN:347,(anonymous_22)
FN:358,(anonymous_23)
FN:372,(anonymous_24)
FN:381,(anonymous_25)
FN:390,(anonymous_26)
FNF:27
FNH:0
FNDA:0,AddIncome
FNDA:0,(anonymous_1)
FNDA:0,(anonymous_2)
FNDA:0,(anonymous_3)
FNDA:0,showDatePicker
FNDA:0,onDateSelected
FNDA:0,(anonymous_6)
FNDA:0,(anonymous_7)
FNDA:0,(anonymous_8)
FNDA:0,hideToast
FNDA:0,hideToast
FNDA:0,(anonymous_11)
FNDA:0,(anonymous_12)
FNDA:0,(anonymous_13)
FNDA:0,(anonymous_14)
FNDA:0,(anonymous_15)
FNDA:0,(anonymous_16)
FNDA:0,(anonymous_17)
FNDA:0,(anonymous_18)
FNDA:0,(anonymous_19)
FNDA:0,(anonymous_20)
FNDA:0,(anonymous_21)
FNDA:0,(anonymous_22)
FNDA:0,(anonymous_23)
FNDA:0,(anonymous_24)
FNDA:0,(anonymous_25)
FNDA:0,(anonymous_26)
DA:37,1
DA:38,1
DA:42,0
DA:43,0
DA:44,0
DA:45,0
DA:46,0
DA:47,0
DA:48,0
DA:49,0
DA:50,0
DA:51,0
DA:52,0
DA:53,0
DA:54,0
DA:59,0
DA:60,0
DA:61,0
DA:62,0
DA:63,0
DA:64,0
DA:65,0
DA:67,0
DA:69,0
DA:73,0
DA:74,0
DA:75,0
DA:76,0
DA:80,0
DA:83,0
DA:86,0
DA:91,0
DA:95,0
DA:96,0
DA:100,0
DA:102,0
DA:104,0
DA:109,0
DA:110,0
DA:112,0
DA:116,0
DA:117,0
DA:118,0
DA:121,0
DA:122,0
DA:124,0
DA:127,0
DA:128,0
DA:131,0
DA:132,0
DA:134,0
DA:137,0
DA:138,0
DA:139,0
DA:140,0
DA:141,0
DA:142,0
DA:143,0
DA:146,0
DA:147,0
DA:148,0
DA:151,0
DA:154,0
DA:156,0
DA:157,0
DA:159,0
DA:160,0
DA:164,0
DA:166,0
DA:167,0
DA:169,0
DA:170,0
DA:172,0
DA:173,0
DA:175,0
DA:176,0
DA:180,0
DA:181,0
DA:182,0
DA:183,0
DA:187,0
DA:188,0
DA:190,0
DA:191,0
DA:192,0
DA:196,0
DA:197,0
DA:198,0
DA:199,0
DA:205,0
DA:206,0
DA:209,0
DA:212,0
DA:213,0
DA:218,0
DA:222,0
DA:223,0
DA:225,0
DA:226,0
DA:231,0
DA:292,0
DA:294,0
DA:313,0
DA:322,0
DA:330,0
DA:331,0
DA:348,0
DA:359,0
DA:373,0
DA:383,0
DA:391,0
DA:392,0
DA:422,1
LF:113
LH:3
BRDA:117,0,0,0
BRDA:117,0,1,0
BRDA:127,1,0,0
BRDA:127,1,1,0
BRDA:138,2,0,0
BRDA:138,2,1,0
BRDA:154,3,0,0
BRDA:154,3,1,0
BRDA:164,4,0,0
BRDA:164,4,1,0
BRDA:164,4,2,0
BRDA:164,4,3,0
BRDA:205,5,0,0
BRDA:205,5,1,0
BRDA:251,6,0,0
BRDA:251,6,1,0
BRDA:255,7,0,0
BRDA:255,7,1,0
BRDA:264,8,0,0
BRDA:264,8,1,0
BRDA:292,9,0,0
BRDA:292,9,1,0
BRDA:386,10,0,0
BRDA:386,10,1,0
BRF:24
BRH:0
end_of_record
TN:
SF:Components\Income\ConfirmUntrackedIncTrans.js
FN:28,(anonymous_0)
FN:34,(anonymous_1)
FN:39,(anonymous_2)
FN:44,(anonymous_3)
FN:45,(anonymous_4)
FN:52,(anonymous_5)
FN:79,handleBackButtonClick
FN:86,(anonymous_7)
FN:91,(anonymous_8)
FN:103,(anonymous_9)
FN:108,(anonymous_10)
FN:109,(anonymous_11)
FN:115,(anonymous_12)
FN:135,(anonymous_13)
FN:153,(anonymous_14)
FN:165,(anonymous_15)
FNF:16
FNH:0
FNDA:0,(anonymous_0)
FNDA:0,(anonymous_1)
FNDA:0,(anonymous_2)
FNDA:0,(anonymous_3)
FNDA:0,(anonymous_4)
FNDA:0,(anonymous_5)
FNDA:0,handleBackButtonClick
FNDA:0,(anonymous_7)
FNDA:0,(anonymous_8)
FNDA:0,(anonymous_9)
FNDA:0,(anonymous_10)
FNDA:0,(anonymous_11)
FNDA:0,(anonymous_12)
FNDA:0,(anonymous_13)
FNDA:0,(anonymous_14)
FNDA:0,(anonymous_15)
DA:28,1
DA:30,0
DA:31,0
DA:32,0
DA:34,0
DA:35,0
DA:36,0
DA:37,0
DA:38,0
DA:39,0
DA:40,0
DA:44,0
DA:45,0
DA:46,0
DA:47,0
DA:49,0
DA:52,0
DA:54,0
DA:56,0
DA:58,0
DA:66,0
DA:70,0
DA:74,0
DA:81,0
DA:83,0
DA:86,0
DA:91,0
DA:97,0
DA:99,0
DA:103,0
DA:104,0
DA:105,0
DA:108,0
DA:109,0
DA:110,0
DA:111,0
DA:112,0
DA:115,0
DA:116,0
DA:117,0
DA:118,0
DA:119,0
DA:120,0
DA:126,0
DA:136,0
DA:153,0
DA:165,0
DA:175,1
LF:48
LH:2
BRDA:81,0,0,0
BRDA:81,0,1,0
BRDA:133,1,0,0
BRDA:133,1,1,0
BRDA:165,2,0,0
BRDA:165,2,1,0
BRDA:165,3,0,0
BRDA:165,3,1,0
BRF:8
BRH:0
end_of_record
TN:
SF:Components\Income\Income.js
FN:37,Income
FN:55,onDateSelected
FN:65,(anonymous_2)
FN:82,(anonymous_3)
FN:89,(anonymous_4)
FN:100,(anonymous_5)
FN:101,(anonymous_6)
FN:112,(anonymous_7)
FN:116,(anonymous_8)
FN:122,(anonymous_9)
FN:127,(anonymous_10)
FN:150,(anonymous_11)
FN:153,(anonymous_12)
FN:165,(anonymous_13)
FN:167,(anonymous_14)
FN:178,(anonymous_15)
FN:181,(anonymous_16)
FN:192,(anonymous_17)
FN:196,(anonymous_18)
FN:207,(anonymous_19)
FN:217,(anonymous_20)
FN:228,(anonymous_21)
FN:238,(anonymous_22)
FN:247,(anonymous_23)
FN:263,(anonymous_24)
FN:277,(anonymous_25)
FN:280,(anonymous_26)
FN:285,(anonymous_27)
FN:322,(anonymous_28)
FN:349,(anonymous_29)
FN:356,(anonymous_30)
FN:362,(anonymous_31)
FN:365,(anonymous_32)
FN:372,(anonymous_33)
FN:375,(anonymous_34)
FN:388,(anonymous_35)
FN:393,(anonymous_36)
FN:420,(anonymous_37)
FN:423,(anonymous_38)
FN:426,(anonymous_39)
FN:432,(anonymous_40)
FN:437,(anonymous_41)
FN:441,(anonymous_42)
FN:445,(anonymous_43)
FN:449,(anonymous_44)
FN:454,(anonymous_45)
FN:458,(anonymous_46)
FN:461,(anonymous_47)
FN:473,(anonymous_48)
FN:477,(anonymous_49)
FN:502,(anonymous_50)
FN:511,(anonymous_51)
FN:513,(anonymous_52)
FN:525,(anonymous_53)
FN:537,(anonymous_54)
FN:539,(anonymous_55)
FN:556,(anonymous_56)
FN:568,(anonymous_57)
FN:570,(anonymous_58)
FN:582,(anonymous_59)
FN:612,(anonymous_60)
FN:619,(anonymous_61)
FNF:62
FNH:10
FNDA:4,Income
FNDA:0,onDateSelected
FNDA:1,(anonymous_2)
FNDA:1,(anonymous_3)
FNDA:0,(anonymous_4)
FNDA:1,(anonymous_5)
FNDA:0,(anonymous_6)
FNDA:2,(anonymous_7)
FNDA:0,(anonymous_8)
FNDA:0,(anonymous_9)
FNDA:0,(anonymous_10)
FNDA:1,(anonymous_11)
FNDA:0,(anonymous_12)
FNDA:0,(anonymous_13)
FNDA:0,(anonymous_14)
FNDA:0,(anonymous_15)
FNDA:0,(anonymous_16)
FNDA:2,(anonymous_17)
FNDA:0,(anonymous_18)
FNDA:0,(anonymous_19)
FNDA:0,(anonymous_20)
FNDA:0,(anonymous_21)
FNDA:0,(anonymous_22)
FNDA:0,(anonymous_23)
FNDA:0,(anonymous_24)
FNDA:0,(anonymous_25)
FNDA:0,(anonymous_26)
FNDA:0,(anonymous_27)
FNDA:1,(anonymous_28)
FNDA:0,(anonymous_29)
FNDA:0,(anonymous_30)
FNDA:0,(anonymous_31)
FNDA:0,(anonymous_32)
FNDA:1,(anonymous_33)
FNDA:0,(anonymous_34)
FNDA:2,(anonymous_35)
FNDA:0,(anonymous_36)
FNDA:0,(anonymous_37)
FNDA:0,(anonymous_38)
FNDA:0,(anonymous_39)
FNDA:0,(anonymous_40)
FNDA:0,(anonymous_41)
FNDA:0,(anonymous_42)
FNDA:0,(anonymous_43)
FNDA:0,(anonymous_44)
FNDA:0,(anonymous_45)
FNDA:0,(anonymous_46)
FNDA:0,(anonymous_47)
FNDA:0,(anonymous_48)
FNDA:0,(anonymous_49)
FNDA:0,(anonymous_50)
FNDA:0,(anonymous_51)
FNDA:0,(anonymous_52)
FNDA:0,(anonymous_53)
FNDA:0,(anonymous_54)
FNDA:0,(anonymous_55)
FNDA:0,(anonymous_56)
FNDA:0,(anonymous_57)
FNDA:0,(anonymous_58)
FNDA:0,(anonymous_59)
FNDA:0,(anonymous_60)
FNDA:0,(anonymous_61)
DA:26,3
DA:27,3
DA:28,3
DA:39,4
DA:40,4
DA:41,4
DA:42,4
DA:43,4
DA:44,4
DA:45,4
DA:46,4
DA:47,4
DA:48,4
DA:49,4
DA:50,4
DA:51,4
DA:52,4
DA:53,4
DA:56,0
DA:57,0
DA:58,0
DA:59,0
DA:61,0
DA:62,0
DA:65,4
DA:66,1
DA:67,1
DA:68,1
DA:69,1
DA:71,0
DA:72,0
DA:73,0
DA:76,0
DA:77,0
DA:82,4
DA:84,1
DA:85,1
DA:87,1
DA:88,1
DA:89,1
DA:90,0
DA:91,0
DA:92,0
DA:100,4
DA:101,1
DA:102,0
DA:109,1
DA:112,4
DA:113,2
DA:116,4
DA:117,0
DA:119,0
DA:122,4
DA:123,0
DA:124,0
DA:126,0
DA:127,0
DA:128,0
DA:129,0
DA:136,0
DA:137,0
DA:139,0
DA:141,0
DA:142,0
DA:146,0
DA:150,4
DA:151,1
DA:153,1
DA:154,0
DA:155,0
DA:156,0
DA:157,0
DA:161,1
DA:165,4
DA:166,0
DA:167,0
DA:168,0
DA:169,0
DA:170,0
DA:174,0
DA:178,4
DA:179,0
DA:181,0
DA:182,0
DA:183,0
DA:184,0
DA:188,0
DA:192,4
DA:193,2
DA:194,2
DA:195,2
DA:196,2
DA:199,0
DA:200,0
DA:201,0
DA:202,0
DA:207,0
DA:208,0
DA:209,0
DA:216,0
DA:217,0
DA:221,0
DA:222,0
DA:223,0
DA:224,0
DA:228,0
DA:229,0
DA:230,0
DA:238,0
DA:241,0
DA:242,0
DA:243,0
DA:244,0
DA:247,0
DA:248,0
DA:249,0
DA:258,2
DA:263,4
DA:264,0
DA:265,0
DA:268,0
DA:269,0
DA:275,0
DA:278,0
DA:283,0
DA:284,0
DA:285,0
DA:288,0
DA:291,0
DA:292,0
DA:299,0
DA:305,0
DA:311,0
DA:318,0
DA:322,4
DA:324,1
DA:325,1
DA:331,1
DA:332,1
DA:338,0
DA:339,0
DA:341,1
DA:342,1
DA:345,0
DA:349,4
DA:350,0
DA:351,0
DA:356,4
DA:357,0
DA:362,4
DA:363,0
DA:364,0
DA:365,0
DA:366,0
DA:367,0
DA:368,0
DA:369,0
DA:372,4
DA:374,1
DA:375,1
DA:378,1
DA:388,4
DA:389,2
DA:393,4
DA:394,0
DA:395,0
DA:397,0
DA:399,0
DA:405,0
DA:410,4
DA:420,0
DA:423,0
DA:426,0
DA:432,0
DA:437,0
DA:441,0
DA:445,0
DA:449,0
DA:454,0
DA:458,0
DA:462,0
DA:463,0
DA:464,0
DA:467,0
DA:468,0
DA:469,0
DA:473,0
DA:477,0
DA:502,0
DA:512,0
DA:514,0
DA:515,0
DA:525,0
DA:538,0
DA:540,0
DA:541,0
DA:556,0
DA:569,0
DA:571,0
DA:572,0
DA:582,0
DA:613,0
DA:619,0
DA:631,3
LF:204
LH:68
BRDA:57,0,0,0
BRDA:57,0,1,0
BRDA:67,1,0,1
BRDA:67,1,1,0
BRDA:71,2,0,0
BRDA:71,2,1,0
BRDA:87,3,0,1
BRDA:87,3,1,0
BRDA:90,4,0,0
BRDA:90,4,1,0
BRDA:136,5,0,0
BRDA:136,5,1,0
BRDA:156,6,0,0
BRDA:156,6,1,0
BRDA:169,7,0,0
BRDA:169,7,1,0
BRDA:183,8,0,0
BRDA:183,8,1,0
BRDA:195,9,0,2
BRDA:195,9,1,0
BRDA:199,10,0,0
BRDA:199,10,1,0
BRDA:208,11,0,0
BRDA:208,11,1,0
BRDA:216,12,0,0
BRDA:216,12,1,0
BRDA:221,13,0,0
BRDA:221,13,1,0
BRDA:229,14,0,0
BRDA:229,14,1,0
BRDA:241,15,0,0
BRDA:241,15,1,0
BRDA:248,16,0,0
BRDA:248,16,1,0
BRDA:291,17,0,0
BRDA:291,17,1,0
BRDA:291,18,0,0
BRDA:291,18,1,0
BRDA:291,18,2,0
BRDA:332,19,0,0
BRDA:332,19,1,1
BRDA:333,20,0,1
BRDA:333,20,1,0
BRDA:333,20,2,0
BRDA:374,21,0,1
BRDA:374,21,1,0
BRDA:374,22,0,1
BRDA:374,22,1,1
BRDA:431,23,0,4
BRDA:431,23,1,4
BRDA:436,24,0,4
BRDA:436,24,1,0
BRDA:437,25,0,0
BRDA:437,25,1,0
BRDA:445,26,0,0
BRDA:445,26,1,0
BRDA:453,27,0,4
BRDA:453,27,1,0
BRDA:454,28,0,0
BRDA:454,28,1,0
BRDA:463,29,0,0
BRDA:463,29,1,0
BRDA:463,30,0,0
BRDA:463,30,1,0
BRDA:473,31,0,0
BRDA:473,31,1,0
BRDA:482,32,0,4
BRDA:482,32,1,0
BRDA:491,33,0,4
BRDA:491,33,1,4
BRDA:491,33,2,0
BRDA:491,33,3,0
BRDA:491,33,4,0
BRDA:491,33,5,0
BRDA:491,33,6,4
BRDA:502,34,0,4
BRDA:502,34,1,0
BRDA:507,35,0,4
BRDA:507,35,1,4
BRDA:509,36,0,4
BRDA:509,36,1,0
BRDA:534,37,0,4
BRDA:534,37,1,0
BRDA:535,38,0,0
BRDA:535,38,1,0
BRDA:564,39,0,4
BRDA:564,39,1,0
BRDA:566,40,0,0
BRDA:566,40,1,0
BRF:89
BRH:22
end_of_record
TN:
SF:Components\Income\ShowIncomeDetails.js
FN:51,ShowIncomeDetails
FN:67,(anonymous_1)
FN:77,(anonymous_2)
FN:81,(anonymous_3)
FN:104,showDatePicker
FN:110,onDateSelected
FN:118,(anonymous_6)
FN:123,hideToast
FN:133,hideToast
FN:141,(anonymous_9)
FN:143,(anonymous_10)
FN:152,(anonymous_11)
FN:165,(anonymous_12)
FN:181,(anonymous_13)
FN:189,(anonymous_14)
FN:219,(anonymous_15)
FN:240,(anonymous_16)
FN:247,(anonymous_17)
FN:259,(anonymous_18)
FN:261,(anonymous_19)
FN:266,(anonymous_20)
FN:272,(anonymous_21)
FN:274,(anonymous_22)
FN:278,(anonymous_23)
FN:299,(anonymous_24)
FN:349,(anonymous_25)
FN:365,(anonymous_26)
FN:374,(anonymous_27)
FN:381,(anonymous_28)
FN:411,(anonymous_29)
FN:423,(anonymous_30)
FN:437,(anonymous_31)
FN:446,(anonymous_32)
FN:455,(anonymous_33)
FN:477,(anonymous_34)
FNF:35
FNH:0
FNDA:0,ShowIncomeDetails
FNDA:0,(anonymous_1)
FNDA:0,(anonymous_2)
FNDA:0,(anonymous_3)
FNDA:0,showDatePicker
FNDA:0,onDateSelected
FNDA:0,(anonymous_6)
FNDA:0,hideToast
FNDA:0,hideToast
FNDA:0,(anonymous_9)
FNDA:0,(anonymous_10)
FNDA:0,(anonymous_11)
FNDA:0,(anonymous_12)
FNDA:0,(anonymous_13)
FNDA:0,(anonymous_14)
FNDA:0,(anonymous_15)
FNDA:0,(anonymous_16)
FNDA:0,(anonymous_17)
FNDA:0,(anonymous_18)
FNDA:0,(anonymous_19)
FNDA:0,(anonymous_20)
FNDA:0,(anonymous_21)
FNDA:0,(anonymous_22)
FNDA:0,(anonymous_23)
FNDA:0,(anonymous_24)
FNDA:0,(anonymous_25)
FNDA:0,(anonymous_26)
FNDA:0,(anonymous_27)
FNDA:0,(anonymous_28)
FNDA:0,(anonymous_29)
FNDA:0,(anonymous_30)
FNDA:0,(anonymous_31)
FNDA:0,(anonymous_32)
FNDA:0,(anonymous_33)
FNDA:0,(anonymous_34)
DA:47,1
DA:48,1
DA:52,0
DA:53,0
DA:54,0
DA:55,0
DA:56,0
DA:57,0
DA:58,0
DA:59,0
DA:61,0
DA:62,0
DA:63,0
DA:65,0
DA:67,0
DA:68,0
DA:69,0
DA:70,0
DA:71,0
DA:72,0
DA:73,0
DA:75,0
DA:76,0
DA:77,0
DA:78,0
DA:79,0
DA:80,0
DA:81,0
DA:83,0
DA:85,0
DA:89,0
DA:90,0
DA:92,0
DA:95,0
DA:99,0
DA:105,0
DA:111,0
DA:112,0
DA:116,0
DA:118,0
DA:119,0
DA:120,0
DA:123,0
DA:124,0
DA:126,0
DA:129,0
DA:130,0
DA:133,0
DA:134,0
DA:136,0
DA:139,0
DA:140,0
DA:141,0
DA:142,0
DA:143,0
DA:144,0
DA:145,0
DA:148,0
DA:149,0
DA:150,0
DA:153,0
DA:156,0
DA:158,0
DA:159,0
DA:161,0
DA:162,0
DA:166,0
DA:168,0
DA:169,0
DA:171,0
DA:172,0
DA:174,0
DA:175,0
DA:177,0
DA:178,0
DA:182,0
DA:183,0
DA:184,0
DA:185,0
DA:189,0
DA:190,0
DA:192,0
DA:193,0
DA:194,0
DA:198,0
DA:199,0
DA:200,0
DA:201,0
DA:207,0
DA:208,0
DA:210,0
DA:211,0
DA:213,0
DA:215,0
DA:218,0
DA:219,0
DA:224,0
DA:229,0
DA:231,0
DA:232,0
DA:234,0
DA:235,0
DA:240,0
DA:241,0
DA:242,0
DA:246,0
DA:247,0
DA:250,0
DA:254,0
DA:259,0
DA:260,0
DA:262,0
DA:263,0
DA:267,0
DA:272,0
DA:273,0
DA:276,0
DA:279,0
DA:283,0
DA:300,0
DA:301,0
DA:350,0
DA:352,0
DA:366,0
DA:375,0
DA:382,0
DA:383,0
DA:412,0
DA:424,0
DA:438,0
DA:447,0
DA:448,0
DA:456,0
DA:457,0
DA:478,0
DA:489,1
LF:136
LH:3
BRDA:72,0,0,0
BRDA:72,0,1,0
BRDA:119,1,0,0
BRDA:119,1,1,0
BRDA:129,2,0,0
BRDA:129,2,1,0
BRDA:140,3,0,0
BRDA:140,3,1,0
BRDA:140,4,0,0
BRDA:140,4,1,0
BRDA:156,5,0,0
BRDA:156,5,1,0
BRDA:166,6,0,0
BRDA:166,6,1,0
BRDA:166,6,2,0
BRDA:166,6,3,0
BRDA:207,7,0,0
BRDA:207,7,1,0
BRDA:207,8,0,0
BRDA:207,8,1,0
BRDA:210,9,0,0
BRDA:210,9,1,0
BRDA:262,10,0,0
BRDA:262,10,1,0
BRDA:306,11,0,0
BRDA:306,11,1,0
BRDA:311,12,0,0
BRDA:311,12,1,0
BRDA:320,13,0,0
BRDA:320,13,1,0
BRDA:350,14,0,0
BRDA:350,14,1,0
BRDA:451,15,0,0
BRDA:451,15,1,0
BRF:34
BRH:0
end_of_record
TN:
SF:Components\SplashScreen\SplashScreen.js
FN:6,(anonymous_0)
FN:9,(anonymous_1)
FN:14,(anonymous_2)
FN:15,(anonymous_3)
FN:38,SplashScreen
FNF:5
FNH:5
FNDA:2,(anonymous_0)
FNDA:2,(anonymous_1)
FNDA:2,(anonymous_2)
FNDA:2,(anonymous_3)
FNDA:3,SplashScreen
DA:6,2
DA:7,2
DA:9,2
DA:10,2
DA:15,2
DA:16,2
DA:17,1
DA:21,1
DA:27,2
DA:40,3
DA:86,2
LF:11
LH:11
BRDA:16,0,0,1
BRDA:16,0,1,1
BRDA:16,1,0,2
BRDA:16,1,1,2
BRF:4
BRH:4
end_of_record
TN:
SF:Components\Visualisation\MyPieChart.js
FN:5,MyPieChart
FN:10,(anonymous_1)
FN:19,(anonymous_2)
FN:47,(anonymous_3)
FNF:4
FNH:4
FNDA:8,MyPieChart
FNDA:4,(anonymous_1)
FNDA:3,(anonymous_2)
FNDA:12,(anonymous_3)
DA:7,8
DA:8,8
DA:10,8
DA:11,4
DA:12,4
DA:14,4
DA:15,4
DA:16,4
DA:17,4
DA:18,4
DA:19,4
DA:21,3
DA:28,3
DA:29,3
DA:32,4
DA:36,8
DA:47,12
DA:65,4
LF:18
LH:18
BRDA:47,0,0,0
BRF:1
BRH:0
end_of_record
TN:
SF:Components\Visualisation\Visualisation.js
FN:20,(anonymous_0)
FN:36,(anonymous_1)
FN:39,(anonymous_2)
FN:47,(anonymous_3)
FN:52,(anonymous_4)
FN:57,(anonymous_5)
FN:63,(anonymous_6)
FN:72,(anonymous_7)
FN:76,(anonymous_8)
FN:96,(anonymous_9)
FN:100,(anonymous_10)
FN:120,(anonymous_11)
FN:127,(anonymous_12)
FN:142,(anonymous_13)
FN:156,(anonymous_14)
FN:165,(anonymous_15)
FN:176,(anonymous_16)
FN:183,(anonymous_17)
FN:196,(anonymous_18)
FN:209,(anonymous_19)
FN:217,(anonymous_20)
FN:236,(anonymous_21)
FN:275,(anonymous_22)
FN:276,(anonymous_23)
FN:321,(anonymous_24)
FN:322,(anonymous_25)
FNF:26
FNH:25
FNDA:10,(anonymous_0)
FNDA:2,(anonymous_1)
FNDA:1,(anonymous_2)
FNDA:1,(anonymous_3)
FNDA:1,(anonymous_4)
FNDA:2,(anonymous_5)
FNDA:5,(anonymous_6)
FNDA:2,(anonymous_7)
FNDA:2,(anonymous_8)
FNDA:2,(anonymous_9)
FNDA:3,(anonymous_10)
FNDA:2,(anonymous_11)
FNDA:3,(anonymous_12)
FNDA:1,(anonymous_13)
FNDA:1,(anonymous_14)
FNDA:2,(anonymous_15)
FNDA:2,(anonymous_16)
FNDA:2,(anonymous_17)
FNDA:1,(anonymous_18)
FNDA:0,(anonymous_19)
FNDA:1,(anonymous_20)
FNDA:1,(anonymous_21)
FNDA:35,(anonymous_22)
FNDA:20,(anonymous_23)
FNDA:40,(anonymous_24)
FNDA:30,(anonymous_25)
DA:18,2
DA:20,2
DA:21,10
DA:22,10
DA:23,10
DA:24,10
DA:25,10
DA:26,10
DA:27,10
DA:28,10
DA:29,10
DA:30,10
DA:31,10
DA:32,10
DA:34,10
DA:36,10
DA:38,10
DA:40,1
DA:41,1
DA:42,1
DA:47,10
DA:48,1
DA:49,1
DA:52,10
DA:53,1
DA:54,1
DA:57,10
DA:59,2
DA:60,2
DA:63,10
DA:64,5
DA:65,5
DA:66,1
DA:68,4
DA:72,10
DA:73,2
DA:74,2
DA:75,2
DA:76,2
DA:77,2
DA:78,2
DA:85,2
DA:87,1
DA:92,1
DA:96,10
DA:97,2
DA:98,2
DA:99,2
DA:100,2
DA:101,3
DA:102,3
DA:109,3
DA:111,1
DA:116,1
DA:120,10
DA:121,2
DA:122,2
DA:123,2
DA:124,2
DA:125,2
DA:127,2
DA:129,3
DA:130,3
DA:131,3
DA:132,3
DA:136,3
DA:137,2
DA:138,2
DA:139,2
DA:141,1
DA:142,1
DA:143,1
DA:144,1
DA:145,1
DA:146,1
DA:153,2
DA:156,2
DA:157,1
DA:160,2
DA:162,2
DA:163,2
DA:165,2
DA:166,2
DA:167,2
DA:170,2
DA:171,2
DA:173,2
DA:176,10
DA:177,2
DA:178,2
DA:179,2
DA:180,2
DA:181,2
DA:183,2
DA:185,2
DA:186,2
DA:187,2
DA:188,2
DA:190,2
DA:191,1
DA:192,1
DA:193,1
DA:195,1
DA:196,1
DA:197,1
DA:198,1
DA:199,1
DA:207,2
DA:209,2
DA:210,0
DA:213,2
DA:215,2
DA:216,2
DA:217,2
DA:218,1
DA:219,1
DA:221,2
DA:222,2
DA:224,2
DA:228,10
DA:236,1
DA:275,35
DA:276,20
DA:321,40
DA:322,30
DA:352,2
LF:126
LH:125
BRDA:40,0,0,1
BRDA:40,0,1,0
BRDA:65,1,0,1
BRDA:65,1,1,4
BRDA:136,2,0,2
BRDA:136,2,1,1
BRDA:136,3,0,3
BRDA:136,3,1,2
BRDA:136,3,2,2
BRDA:141,4,0,1
BRDA:141,4,1,0
BRDA:141,5,0,1
BRDA:141,5,1,1
BRDA:144,6,0,1
BRDA:144,6,1,0
BRDA:157,7,0,0
BRDA:157,7,1,1
BRDA:157,8,0,1
BRDA:157,8,1,0
BRDA:190,9,0,1
BRDA:190,9,1,1
BRDA:190,10,0,2
BRDA:190,10,1,1
BRDA:190,10,2,1
BRDA:195,11,0,1
BRDA:195,11,1,0
BRDA:195,12,0,1
BRDA:195,12,1,1
BRDA:198,13,0,1
BRDA:198,13,1,0
BRDA:210,14,0,0
BRDA:210,14,1,0
BRDA:210,15,0,0
BRDA:210,15,1,0
BRDA:259,16,0,9
BRDA:259,16,1,1
BRDA:262,17,0,9
BRDA:262,17,1,1
BRDA:275,18,0,0
BRDA:276,19,0,0
BRDA:305,20,0,9
BRDA:305,20,1,1
BRDA:308,21,0,9
BRDA:308,21,1,1
BRDA:321,22,0,0
BRDA:322,23,0,0
BRF:46
BRH:31
end_of_record
TN:
SF:Firebase\config.js
FNF:0
FNH:0
DA:13,3
DA:24,3
DA:30,3
DA:34,3
DA:39,3
LF:5
LH:5
BRDA:24,0,0,3
BRDA:24,0,1,0
BRF:2
BRH:1
end_of_record
